Software Version            : FRANz 1.2.3
Dataset                     : cloneless
Time of Data Analysis       : Sun Nov 24 20:01:25 2024


*** MCMC Parameters ***

Seed                         : 1732503665
Update Allele Frequencies    : No
Gibbs sample missing data    : No
Check for Pedigree cycles    : Yes


*** Simulated Annealing specific Parameters ***

Initial acceptance rate chi  : 0.950
Neighborhood Size Factor beta: 3.000
Increment delta              : 0.100000
Converge event number        : 3
Converge tolerance epsilon   : 0.001

Calculated Parameters     
  Neighboorhood Size         : 91804
  Initial temperature c0     : 119.000000


*** Metropolis Hastings specific Parameters ***

Burnin Iterations            : 500000
Iterations                   : 3000000
Sample frequency             : 10
MCMCMC Swap frequency        : 25
MCMCMC Number of swaps       : -1 (-1 == number threads)
MCMCMC Temperature           : 0.500


*** Data Parameters ***

  Nfmax                      : 10000
  Nmmax                      : 10000

 +------------+------------+------------+------------+----------+----------+-------+---------+---------+--------+
 |      Stage |  Iteration | Best Score |    Average |    Sigma |     Temp | Ratio |     x_f |     x_m | Thread |
 +------------+------------+------------+------------+----------+----------+-------+---------+---------+--------+
 |          1 |          0 |  -3670.357 |  -4046.419 |  145.953 |  119.000 |  0.69 |   1.063 |   1.063 |      0 |
 |          2 |     275412 |  -3665.712 |  -4005.095 |  127.086 |  115.995 |  0.70 |   0.621 |   0.621 |      0 |
 |          3 |     550823 |  -3619.325 |  -3989.661 |  124.301 |  112.727 |  0.71 |   0.450 |   0.450 |      0 |
 |          4 |     826234 |  -3611.470 |  -4048.773 |  173.984 |  109.570 |  0.69 |   0.498 |   0.498 |      0 |
 |          5 |    1101645 |  -3611.470 |  -4107.550 |  175.830 |  107.420 |  0.67 |   0.386 |   0.386 |      0 |
 |          6 |    1377056 |  -3587.179 |  -4113.090 |  200.090 |  105.375 |  0.67 |   0.634 |   0.634 |      0 |
 |          7 |    1652467 |  -3587.179 |  -4066.210 |  133.063 |  103.641 |  0.67 |   0.770 |   0.770 |      0 |
 |          8 |    1927878 |  -3587.179 |  -4059.988 |  131.238 |  101.138 |  0.68 |   0.706 |   0.706 |      0 |
 |          9 |    2203289 |  -3587.179 |  -4064.369 |  153.936 |   98.721 |  0.68 |   0.649 |   0.649 |      0 |
 |         10 |    2478700 |  -3587.179 |  -3946.714 |  110.736 |   96.750 |  0.72 |   1.098 |   1.098 |      0 |
 |         11 |    2754111 |  -3587.179 |  -4062.497 |  125.995 |   94.137 |  0.68 |   0.986 |   0.986 |      0 |
 |         12 |    3029522 |  -3587.179 |  -4062.684 |  148.802 |   91.954 |  0.68 |   0.550 |   0.550 |      0 |
 |         13 |    3304933 |  -3587.179 |  -4213.944 |  201.559 |   90.184 |  0.64 |   0.750 |   0.750 |      0 |
 |         14 |    3580344 |  -3587.179 |  -4055.869 |  158.895 |   88.920 |  0.68 |   0.572 |   0.572 |      0 |
 |         15 |    3855755 |  -3587.179 |  -4236.542 |  195.322 |   87.367 |  0.63 |   0.445 |   0.445 |      0 |
 |         16 |    4131166 |  -3587.179 |  -4009.880 |  139.612 |   86.142 |  0.69 |   0.285 |   0.285 |      0 |
 |         17 |    4406577 |  -3587.179 |  -4145.275 |  146.805 |   84.486 |  0.65 |   0.467 |   0.467 |      0 |
 |         18 |    4681988 |  -3587.179 |  -4014.197 |  117.165 |   82.969 |  0.69 |   0.461 |   0.461 |      0 |
 |         19 |    4957399 |  -3587.179 |  -4064.568 |  113.161 |   81.144 |  0.66 |   0.654 |   0.654 |      0 |
 |         20 |    5232810 |  -3587.179 |  -4069.429 |  125.109 |   79.336 |  0.67 |   0.565 |   0.565 |      0 |
 |         21 |    5508221 |  -3587.179 |  -4180.084 |  112.824 |   77.770 |  0.64 |   0.479 |   0.479 |      0 |
 |         22 |    5783632 |  -3587.179 |  -4018.830 |  120.023 |   76.103 |  0.68 |   0.970 |   0.970 |      0 |
 |         23 |    6059043 |  -3587.179 |  -4079.858 |  120.451 |   74.600 |  0.66 |   0.720 |   0.720 |      0 |
 |         24 |    6334454 |  -3587.179 |  -4003.280 |  107.106 |   73.161 |  0.68 |   0.603 |   0.603 |      0 |
 |         25 |    6609865 |  -3584.268 |  -4065.674 |  132.588 |   71.607 |  0.67 |   0.474 |   0.474 |      0 |
 |         26 |    6885276 |  -3499.014 |  -3955.445 |  119.487 |   70.399 |  0.69 |   0.461 |   0.461 |      0 |
 |         27 |    7160687 |  -3499.014 |  -4309.429 |  123.394 |   69.105 |  0.61 |   0.560 |   0.560 |      0 |
 |         28 |    7436098 |  -3499.014 |  -4191.389 |  108.359 |   67.897 |  0.63 |   0.473 |   0.473 |      0 |
 |         29 |    7711509 |  -3499.014 |  -4034.424 |  121.223 |   66.572 |  0.67 |   0.534 |   0.534 |      0 |
 |         30 |    7986920 |  -3499.014 |  -4131.872 |  117.470 |   65.430 |  0.65 |   0.520 |   0.520 |      0 |
 |         31 |    8262331 |  -3499.014 |  -4208.156 |  180.941 |   64.293 |  0.63 |   0.498 |   0.498 |      0 |
 |         32 |    8537742 |  -3499.014 |  -4196.336 |  128.480 |   63.575 |  0.63 |   0.459 |   0.459 |      0 |
 |         33 |    8813153 |  -3499.014 |  -3999.296 |  134.661 |   62.591 |  0.68 |   0.429 |   0.429 |      0 |
 |         34 |    9088564 |  -3499.014 |  -3954.827 |  108.726 |   61.680 |  0.69 |   0.547 |   0.547 |      0 |
 |         35 |    9363975 |  -3499.014 |  -3968.827 |  113.327 |   60.588 |  0.69 |   0.620 |   0.620 |      0 |
 |         36 |    9639386 |  -3499.014 |  -4008.366 |  107.359 |   59.576 |  0.68 |   0.527 |   0.527 |      0 |
 |         37 |    9914797 |  -3499.014 |  -4058.628 |  114.622 |   58.544 |  0.66 |   0.376 |   0.376 |      0 |
 |         38 |   10190208 |  -3499.014 |  -4050.837 |  149.265 |   57.609 |  0.66 |   0.384 |   0.384 |      0 |
 |         39 |   10465619 |  -3499.014 |  -4039.390 |  126.171 |   56.912 |  0.66 |   0.326 |   0.326 |      0 |
 |         40 |   10741030 |  -3499.014 |  -4067.071 |  119.736 |   56.108 |  0.66 |   0.719 |   0.719 |      0 |
 |         41 |   11016441 |  -3499.014 |  -4078.300 |  150.727 |   55.284 |  0.65 |   0.566 |   0.566 |      0 |
 |         42 |   11291852 |  -3499.014 |  -4036.990 |   91.243 |   54.648 |  0.66 |   0.489 |   0.489 |      0 |
 |         43 |   11567263 |  -3499.014 |  -4031.141 |  139.291 |   53.627 |  0.66 |   0.601 |   0.601 |      0 |
 |         44 |   11842674 |  -3499.014 |  -4301.962 |  106.547 |   52.979 |  0.61 |   0.454 |   0.454 |      0 |
 |         45 |   12118085 |  -3499.014 |  -4198.888 |  166.500 |   52.155 |  0.63 |   0.317 |   0.317 |      0 |
 |         46 |   12393496 |  -3499.014 |  -4162.150 |   94.060 |   51.641 |  0.63 |   0.520 |   0.520 |      0 |
 |         47 |   12668907 |  -3499.014 |  -4120.485 |  102.756 |   50.756 |  0.65 |   0.439 |   0.439 |      0 |
 |         48 |   12944318 |  -3499.014 |  -4009.617 |   99.080 |   49.972 |  0.67 |   0.438 |   0.438 |      0 |
 |         49 |   13219729 |  -3499.014 |  -4079.455 |   91.279 |   49.184 |  0.65 |   0.496 |   0.496 |      0 |
 |         50 |   13495140 |  -3499.014 |  -4098.751 |  197.863 |   48.356 |  0.65 |   0.474 |   0.474 |      0 |
 |         51 |   13770551 |  -3499.014 |  -4354.077 |  174.737 |   47.983 |  0.59 |   0.558 |   0.558 |      0 |
 |         52 |   14045962 |  -3499.014 |  -4015.342 |  103.999 |   47.568 |  0.66 |   0.532 |   0.532 |      0 |
 |         53 |   14321373 |  -3499.014 |  -4104.521 |  108.684 |   46.887 |  0.64 |   0.478 |   0.478 |      0 |
 |         54 |   14596784 |  -3499.014 |  -4025.553 |  109.818 |   46.253 |  0.66 |   0.563 |   0.563 |      0 |
 |         55 |   14872195 |  -3499.014 |  -4037.678 |  121.149 |   45.642 |  0.66 |   0.494 |   0.494 |      0 |
 |         56 |   15147606 |  -3499.014 |  -4020.378 |  114.300 |   45.103 |  0.66 |   0.863 |   0.863 |      0 |
 |         57 |   15423017 |  -3499.014 |  -4060.830 |  130.869 |   44.544 |  0.65 |   0.525 |   0.525 |      0 |
 |         58 |   15698428 |  -3499.014 |  -4038.568 |   96.879 |   44.068 |  0.66 |   0.491 |   0.491 |      0 |
 |         59 |   15973839 |  -3499.014 |  -3960.116 |   95.909 |   43.440 |  0.67 |   0.518 |   0.518 |      0 |
 |         60 |   16249250 |  -3499.014 |  -3982.845 |   96.816 |   42.824 |  0.67 |   0.542 |   0.542 |      0 |
 |         61 |   16524661 |  -3499.014 |  -4042.737 |  193.828 |   42.230 |  0.65 |   0.466 |   0.466 |      0 |
 |         62 |   16800072 |  -3499.014 |  -4327.699 |  102.225 |   41.940 |  0.59 |   0.546 |   0.546 |      0 |
 |         63 |   17075483 |  -3471.029 |  -3964.054 |  149.238 |   41.400 |  0.67 |   0.670 |   0.670 |      0 |
 |         64 |   17350894 |  -3471.029 |  -4086.124 |  123.565 |   41.039 |  0.64 |   0.451 |   0.451 |      0 |
 |         65 |   17626305 |  -3471.029 |  -4026.202 |  111.185 |   40.610 |  0.65 |   0.553 |   0.553 |      0 |
 |         66 |   17901716 |  -3471.029 |  -4157.549 |  138.454 |   40.144 |  0.62 |   0.511 |   0.511 |      0 |
 |         67 |   18177127 |  -3471.029 |  -4042.661 |  139.713 |   39.778 |  0.65 |   0.475 |   0.475 |      0 |
 |         68 |   18452538 |  -3471.029 |  -4197.940 |  115.248 |   39.421 |  0.62 |   0.459 |   0.459 |      0 |
 |         69 |   18727949 |  -3471.029 |  -4099.254 |  186.155 |   38.997 |  0.64 |   0.408 |   0.408 |      0 |
 |         70 |   19003360 |  -3471.029 |  -3931.845 |  122.150 |   38.740 |  0.67 |   0.539 |   0.539 |      0 |
 |         71 |   19278771 |  -3471.029 |  -4038.453 |  113.972 |   38.353 |  0.65 |   0.418 |   0.418 |      0 |
 |         72 |   19554182 |  -3471.029 |  -3984.221 |  103.878 |   37.948 |  0.66 |   0.534 |   0.534 |      0 |
 |         73 |   19829593 |  -3471.029 |  -4078.316 |  139.283 |   37.512 |  0.64 |   0.466 |   0.466 |      0 |
 |         74 |   20105004 |  -3471.029 |  -4107.205 |  135.444 |   37.194 |  0.63 |   0.535 |   0.535 |      0 |
 |         75 |   20380415 |  -3471.029 |  -4049.987 |   96.981 |   36.872 |  0.64 |   0.493 |   0.493 |      0 |
 |         76 |   20655826 |  -3471.029 |  -4064.615 |  142.490 |   36.432 |  0.64 |   0.441 |   0.441 |      0 |
 |         77 |   20931237 |  -3471.029 |  -4059.091 |   80.591 |   36.139 |  0.64 |   0.451 |   0.451 |      0 |
 |         78 |   21206648 |  -3471.029 |  -4033.413 |  113.812 |   35.631 |  0.64 |   0.408 |   0.408 |      0 |
 |         79 |   21482059 |  -3471.029 |  -3885.156 |  130.225 |   35.280 |  0.68 |   0.513 |   0.513 |      0 |
 |         80 |   21757470 |  -3471.029 |  -3990.258 |  118.981 |   34.979 |  0.65 |   0.478 |   0.478 |      0 |
 |         81 |   22032881 |  -3471.029 |  -4051.080 |  142.647 |   34.655 |  0.64 |   0.425 |   0.425 |      0 |
 |         82 |   22308292 |  -3471.029 |  -4004.657 |  113.279 |   34.390 |  0.65 |   0.533 |   0.533 |      0 |
 |         83 |   22583703 |  -3471.029 |  -4159.823 |  103.446 |   34.061 |  0.62 |   0.475 |   0.475 |      0 |
 |         84 |   22859114 |  -3471.029 |  -4165.328 |  123.079 |   33.709 |  0.62 |   0.530 |   0.530 |      0 |
 |         85 |   23134525 |  -3471.029 |  -3994.449 |   92.421 |   33.418 |  0.66 |   0.362 |   0.362 |      0 |
 |         86 |   23409936 |  -3471.029 |  -3974.398 |  127.912 |   33.038 |  0.66 |   0.485 |   0.485 |      0 |
 |         87 |   23685347 |  -3471.029 |  -3929.000 |   99.114 |   32.770 |  0.67 |   0.509 |   0.509 |      0 |
 |         88 |   23960758 |  -3471.029 |  -4077.018 |  120.672 |   32.429 |  0.63 |   0.540 |   0.540 |      0 |
 |         89 |   24236169 |  -3471.029 |  -4065.878 |  112.761 |   32.154 |  0.64 |   0.609 |   0.609 |      0 |
 |         90 |   24511580 |  -3471.029 |  -4041.501 |  120.416 |   31.866 |  0.64 |   0.449 |   0.449 |      0 |
 |         91 |   24786991 |  -3471.029 |  -4198.441 |  152.380 |   31.600 |  0.61 |   0.582 |   0.582 |      0 |
 |         92 |   25062402 |  -3471.029 |  -3982.591 |  113.280 |   31.393 |  0.65 |   0.424 |   0.424 |      0 |
 |         93 |   25337813 |  -3471.029 |  -4050.532 |  112.301 |   31.119 |  0.64 |   0.608 |   0.608 |      0 |
 |         94 |   25613224 |  -3471.029 |  -4034.290 |  109.663 |   30.848 |  0.64 |   0.508 |   0.508 |      0 |
 |         95 |   25888635 |  -3471.029 |  -3946.573 |  160.704 |   30.574 |  0.66 |   0.391 |   0.391 |      0 |
 |         96 |   26164046 |  -3471.029 |  -4038.837 |   80.384 |   30.391 |  0.64 |   0.510 |   0.510 |      0 |
 |         97 |   26439457 |  -3471.029 |  -3988.478 |   82.884 |   30.030 |  0.65 |   0.600 |   0.600 |      0 |
 |         98 |   26714868 |  -3471.029 |  -3951.702 |  166.154 |   29.688 |  0.65 |   0.547 |   0.547 |      0 |
 |         99 |   26990279 |  -3471.029 |  -4010.540 |  119.722 |   29.521 |  0.65 |   0.452 |   0.452 |      0 |
 |        100 |   27265690 |  -3471.029 |  -4085.981 |  146.909 |   29.291 |  0.63 |   0.501 |   0.501 |      0 |
 |        101 |   27541101 |  -3471.029 |  -3908.529 |  149.227 |   29.107 |  0.66 |   0.402 |   0.402 |      0 |
 |        102 |   27816512 |  -3471.029 |  -3966.360 |   84.809 |   28.928 |  0.64 |   0.485 |   0.485 |      0 |
 |        103 |   28091923 |  -3471.029 |  -4142.117 |   94.362 |   28.618 |  0.61 |   0.485 |   0.485 |      0 |
 |        104 |   28367334 |  -3471.029 |  -3971.111 |  110.851 |   28.344 |  0.65 |   0.483 |   0.483 |      0 |
 |        105 |   28642745 |  -3471.029 |  -3983.491 |  100.471 |   28.116 |  0.64 |   0.523 |   0.523 |      0 |
 |        106 |   28918156 |  -3471.029 |  -4026.589 |   96.458 |   27.868 |  0.63 |   0.435 |   0.435 |      0 |
 |        107 |   29193567 |  -3471.029 |  -4108.484 |  120.485 |   27.615 |  0.62 |   0.511 |   0.511 |      0 |
 |        108 |   29468978 |  -3471.029 |  -4030.270 |   95.900 |   27.415 |  0.63 |   0.462 |   0.462 |      0 |
 |        109 |   29744389 |  -3471.029 |  -4088.768 |   89.462 |   27.168 |  0.62 |   0.474 |   0.474 |      0 |
 |        110 |   30019800 |  -3471.029 |  -4023.053 |  100.864 |   26.909 |  0.63 |   0.366 |   0.366 |      0 |
 |        111 |   30295211 |  -3471.029 |  -4161.863 |  121.438 |   26.683 |  0.60 |   0.474 |   0.474 |      0 |
 |        112 |   30570622 |  -3471.029 |  -4155.811 |  114.482 |   26.498 |  0.60 |   0.497 |   0.497 |      0 |
 |        113 |   30846033 |  -3471.029 |  -4001.488 |   95.187 |   26.304 |  0.63 |   0.569 |   0.569 |      0 |
 |        114 |   31121444 |  -3471.029 |  -3949.841 |   98.458 |   26.075 |  0.64 |   0.713 |   0.713 |      0 |
 |        115 |   31396855 |  -3471.029 |  -3929.211 |  120.247 |   25.858 |  0.65 |   0.471 |   0.471 |      0 |
 |        116 |   31672266 |  -3471.029 |  -3971.188 |   81.441 |   25.682 |  0.64 |   0.543 |   0.543 |      0 |
 |        117 |   31947677 |  -3471.029 |  -3926.193 |   97.985 |   25.428 |  0.65 |   0.432 |   0.432 |      0 |
 |        118 |   32223088 |  -3471.029 |  -3933.497 |   89.818 |   25.220 |  0.64 |   0.509 |   0.509 |      0 |
 |        119 |   32498499 |  -3471.029 |  -3982.557 |  143.588 |   24.997 |  0.64 |   0.462 |   0.462 |      0 |
 |        120 |   32773910 |  -3471.029 |  -3952.138 |   98.847 |   24.859 |  0.64 |   0.440 |   0.440 |      0 |
 |        121 |   33049321 |  -3471.029 |  -4159.293 |  127.167 |   24.662 |  0.60 |   0.486 |   0.486 |      0 |
 |        122 |   33324732 |  -3471.029 |  -4003.923 |  105.286 |   24.511 |  0.63 |   0.512 |   0.512 |      0 |
 |        123 |   33600143 |  -3471.029 |  -4002.222 |  145.178 |   24.331 |  0.63 |   0.517 |   0.517 |      0 |
 |        124 |   33875554 |  -3471.029 |  -4000.088 |   99.253 |   24.202 |  0.63 |   0.566 |   0.566 |      0 |
 |        125 |   34150965 |  -3471.029 |  -3928.450 |   97.495 |   24.016 |  0.65 |   0.575 |   0.575 |      0 |
 |        126 |   34426376 |  -3471.029 |  -4047.637 |  113.061 |   23.830 |  0.62 |   0.516 |   0.516 |      0 |
 |        127 |   34701787 |  -3471.029 |  -3979.561 |   84.067 |   23.671 |  0.63 |   0.473 |   0.473 |      0 |
 |        128 |   34977198 |  -3471.029 |  -4162.732 |   85.636 |   23.461 |  0.60 |   0.544 |   0.544 |      0 |
 |        129 |   35252609 |  -3471.029 |  -3901.860 |  123.794 |   23.259 |  0.65 |   0.427 |   0.427 |      0 |
 |        130 |   35528020 |  -3471.029 |  -3942.190 |  106.347 |   23.121 |  0.64 |   0.531 |   0.531 |      0 |
 |        131 |   35803431 |  -3471.029 |  -4066.186 |  107.604 |   22.962 |  0.61 |   0.461 |   0.461 |      0 |
 |        132 |   36078842 |  -3471.029 |  -3997.833 |  114.340 |   22.808 |  0.63 |   0.393 |   0.393 |      0 |
 |        133 |   36354253 |  -3471.029 |  -3889.920 |   95.988 |   22.664 |  0.65 |   0.544 |   0.544 |      0 |
 |        134 |   36629664 |  -3471.029 |  -4025.979 |  128.025 |   22.495 |  0.62 |   0.501 |   0.501 |      0 |
 |        135 |   36905075 |  -3471.029 |  -3976.124 |  106.035 |   22.370 |  0.63 |   0.547 |   0.547 |      0 |
 |        136 |   37180486 |  -3471.029 |  -3945.864 |   93.044 |   22.221 |  0.64 |   0.443 |   0.443 |      0 |
 |        137 |   37455897 |  -3471.029 |  -4047.301 |  104.794 |   22.054 |  0.61 |   0.463 |   0.463 |      0 |
 |        138 |   37731308 |  -3471.029 |  -3930.637 |  100.729 |   21.908 |  0.64 |   0.605 |   0.605 |      0 |
 |        139 |   38006719 |  -3471.029 |  -3830.957 |  113.976 |   21.757 |  0.66 |   0.623 |   0.623 |      0 |
 |        140 |   38282130 |  -3446.774 |  -3898.305 |  154.789 |   21.626 |  0.64 |   0.502 |   0.502 |      0 |
 |        141 |   38557541 |  -3446.774 |  -3965.365 |   81.329 |   21.531 |  0.63 |   0.449 |   0.449 |      0 |
 |        142 |   38832952 |  -3446.774 |  -3949.434 |   88.830 |   21.351 |  0.64 |   0.524 |   0.524 |      0 |
 |        143 |   39108363 |  -3446.774 |  -3974.410 |   91.445 |   21.189 |  0.63 |   0.498 |   0.498 |      0 |
 |        144 |   39383774 |  -3446.774 |  -3897.325 |  121.566 |   21.034 |  0.65 |   0.499 |   0.499 |      0 |
 |        145 |   39659185 |  -3446.774 |  -4099.657 |  111.858 |   20.919 |  0.60 |   0.548 |   0.548 |      0 |
 |        146 |   39934596 |  -3446.774 |  -3984.643 |  103.633 |   20.796 |  0.62 |   0.636 |   0.636 |      0 |
 |        147 |   40210007 |  -3446.774 |  -3915.268 |  151.555 |   20.664 |  0.64 |   0.538 |   0.538 |      0 |
 |        148 |   40485418 |  -3446.774 |  -3949.498 |   99.217 |   20.575 |  0.63 |   0.550 |   0.550 |      0 |
 |        149 |   40760829 |  -3446.774 |  -3884.085 |  119.856 |   20.440 |  0.64 |   0.454 |   0.454 |      0 |
 |        150 |   41036240 |  -3446.774 |  -3969.790 |   90.876 |   20.330 |  0.62 |   0.480 |   0.480 |      0 |
 |        151 |   41311651 |  -3446.774 |  -3980.327 |   81.927 |   20.187 |  0.63 |   0.488 |   0.488 |      0 |
 |        152 |   41587062 |  -3446.774 |  -3907.970 |  117.055 |   20.030 |  0.63 |   0.587 |   0.587 |      0 |
 |        153 |   41862473 |  -3446.774 |  -3937.854 |   91.465 |   19.922 |  0.63 |   0.503 |   0.503 |      0 |
 |        154 |   42137884 |  -3446.774 |  -3905.376 |   94.051 |   19.785 |  0.64 |   0.432 |   0.432 |      0 |
 |        155 |   42413295 |  -3446.774 |  -3894.210 |   96.639 |   19.653 |  0.64 |   0.429 |   0.429 |      0 |
 |        156 |   42688706 |  -3446.774 |  -4020.351 |  110.426 |   19.527 |  0.61 |   0.512 |   0.512 |      0 |
 |        157 |   42964117 |  -3446.774 |  -4108.455 |  112.711 |   19.418 |  0.59 |   0.508 |   0.508 |      0 |
 |        158 |   43239528 |  -3446.774 |  -3916.838 |   93.868 |   19.312 |  0.63 |   0.498 |   0.498 |      0 |
 |        159 |   43514939 |  -3446.774 |  -3859.424 |   85.579 |   19.187 |  0.64 |   0.517 |   0.517 |      0 |
 |        160 |   43790350 |  -3446.774 |  -3844.965 |   81.883 |   19.051 |  0.64 |   0.557 |   0.557 |      0 |
 |        161 |   44065761 |  -3446.774 |  -3929.095 |  114.260 |   18.911 |  0.62 |   0.418 |   0.418 |      0 |
 |        162 |   44341172 |  -3446.774 |  -4042.578 |   86.431 |   18.813 |  0.61 |   0.541 |   0.541 |      0 |
 |        163 |   44616583 |  -3446.774 |  -3888.039 |   90.260 |   18.683 |  0.63 |   0.430 |   0.430 |      0 |
 |        164 |   44891994 |  -3446.774 |  -3945.174 |   78.862 |   18.561 |  0.62 |   0.436 |   0.436 |      0 |
 |        165 |   45167405 |  -3446.774 |  -3944.430 |   85.628 |   18.423 |  0.62 |   0.589 |   0.589 |      0 |
 |        166 |   45442816 |  -3446.774 |  -3801.076 |   98.330 |   18.298 |  0.65 |   0.425 |   0.425 |      0 |
 |        167 |   45718227 |  -3446.774 |  -3971.780 |  146.802 |   18.191 |  0.62 |   0.449 |   0.449 |      0 |
 |        168 |   45993638 |  -3446.774 |  -4009.864 |  106.571 |   18.120 |  0.61 |   0.471 |   0.471 |      0 |
 |        169 |   46269049 |  -3446.774 |  -3954.460 |  102.183 |   18.022 |  0.62 |   0.432 |   0.432 |      0 |
 |        170 |   46544460 |  -3446.774 |  -3984.473 |   88.832 |   17.922 |  0.61 |   0.506 |   0.506 |      0 |
 |        171 |   46819871 |  -3446.774 |  -3846.941 |   96.257 |   17.808 |  0.64 |   0.430 |   0.430 |      0 |
 |        172 |   47095282 |  -3446.774 |  -3791.362 |   89.435 |   17.704 |  0.65 |   0.525 |   0.525 |      0 |
 |        173 |   47370693 |  -3446.774 |  -3912.228 |   87.773 |   17.593 |  0.62 |   0.536 |   0.536 |      0 |
 |        174 |   47646104 |  -3446.774 |  -3989.730 |  105.243 |   17.482 |  0.61 |   0.516 |   0.516 |      0 |
 |        175 |   47921515 |  -3446.774 |  -3957.773 |   80.659 |   17.390 |  0.61 |   0.488 |   0.488 |      0 |
 |        176 |   48196926 |  -3446.774 |  -3917.114 |   88.248 |   17.272 |  0.62 |   0.470 |   0.470 |      0 |
 |        177 |   48472337 |  -3446.774 |  -3849.479 |   99.871 |   17.165 |  0.63 |   0.532 |   0.532 |      0 |
 |        178 |   48747748 |  -3446.774 |  -3920.441 |   88.261 |   17.072 |  0.62 |   0.494 |   0.494 |      0 |
 |        179 |   49023159 |  -3446.774 |  -3969.438 |   88.989 |   16.967 |  0.62 |   0.512 |   0.512 |      0 |
 |        180 |   49298570 |  -3446.774 |  -3954.847 |   87.840 |   16.865 |  0.61 |   0.507 |   0.507 |      0 |
 |        181 |   49573981 |  -3446.774 |  -3908.689 |  101.104 |   16.763 |  0.62 |   0.477 |   0.477 |      0 |
 |        182 |   49849392 |  -3446.774 |  -3924.224 |   96.027 |   16.675 |  0.62 |   0.517 |   0.517 |      0 |
 |        183 |   50124803 |  -3446.774 |  -3813.793 |  116.934 |   16.584 |  0.63 |   0.573 |   0.573 |      0 |
 |        184 |   50400214 |  -3428.273 |  -3807.211 |  119.930 |   16.509 |  0.64 |   0.377 |   0.377 |      0 |
 |        185 |   50675625 |  -3428.273 |  -3828.918 |  105.178 |   16.437 |  0.64 |   0.505 |   0.505 |      0 |
 |        186 |   50951036 |  -3428.273 |  -3842.155 |   94.952 |   16.356 |  0.63 |   0.556 |   0.556 |      0 |
 |        187 |   51226447 |  -3428.273 |  -3975.020 |  125.686 |   16.267 |  0.61 |   0.388 |   0.388 |      0 |
 |        188 |   51501858 |  -3428.273 |  -3941.023 |  111.541 |   16.200 |  0.61 |   0.487 |   0.487 |      0 |
 |        189 |   51777269 |  -3428.273 |  -3898.662 |  102.568 |   16.126 |  0.62 |   0.447 |   0.447 |      0 |
 |        190 |   52052680 |  -3428.273 |  -3824.500 |  102.452 |   16.046 |  0.63 |   0.566 |   0.566 |      0 |
 |        191 |   52328091 |  -3428.273 |  -3857.437 |   95.284 |   15.966 |  0.62 |   0.471 |   0.471 |      0 |
 |        192 |   52603502 |  -3423.987 |  -3804.108 |   96.044 |   15.882 |  0.63 |   0.524 |   0.524 |      0 |
 |        193 |   52878913 |  -3423.987 |  -3765.260 |   77.477 |   15.799 |  0.64 |   0.460 |   0.460 |      0 |
 |        194 |   53154324 |  -3423.987 |  -3778.295 |   86.703 |   15.697 |  0.64 |   0.504 |   0.504 |      0 |
 |        195 |   53429735 |  -3423.987 |  -3882.779 |  151.937 |   15.607 |  0.62 |   0.538 |   0.538 |      0 |
 |        196 |   53705146 |  -3423.987 |  -3842.244 |  114.309 |   15.557 |  0.63 |   0.540 |   0.540 |      0 |
 |        197 |   53980557 |  -3351.917 |  -3865.443 |  158.953 |   15.490 |  0.62 |   0.492 |   0.492 |      0 |
 |        198 |   54255968 |  -3351.917 |  -3889.830 |   88.253 |   15.442 |  0.62 |   0.525 |   0.525 |      0 |
 |        199 |   54531379 |  -3351.917 |  -3721.559 |  132.748 |   15.357 |  0.65 |   0.416 |   0.416 |      0 |
 |        200 |   54806790 |  -3351.917 |  -3840.994 |  107.990 |   15.300 |  0.63 |   0.476 |   0.476 |      0 |
 |        201 |   55082201 |  -3351.917 |  -3782.190 |   99.056 |   15.232 |  0.63 |   0.541 |   0.541 |      0 |
 |        202 |   55357612 |  -3351.917 |  -3791.293 |   91.728 |   15.158 |  0.63 |   0.565 |   0.565 |      0 |
 |        203 |   55633023 |  -3351.917 |  -3795.807 |   89.595 |   15.079 |  0.63 |   0.514 |   0.514 |      0 |
 |        204 |   55908434 |  -3351.917 |  -3793.964 |   97.243 |   14.998 |  0.63 |   0.488 |   0.488 |      0 |
 |        205 |   56183845 |  -3351.917 |  -3817.316 |   82.204 |   14.925 |  0.63 |   0.514 |   0.514 |      0 |
 |        206 |   56459256 |  -3351.917 |  -3871.747 |  106.638 |   14.840 |  0.62 |   0.521 |   0.521 |      0 |
 |        207 |   56734667 |  -3351.917 |  -4003.181 |  112.874 |   14.774 |  0.59 |   0.544 |   0.544 |      0 |
 |        208 |   57010078 |  -3351.917 |  -3905.556 |   87.720 |   14.713 |  0.61 |   0.501 |   0.501 |      0 |
 |        209 |   57285489 |  -3351.917 |  -3845.027 |   96.166 |   14.635 |  0.62 |   0.476 |   0.476 |      0 |
 |        210 |   57560900 |  -3351.917 |  -3812.529 |   83.039 |   14.565 |  0.63 |   0.473 |   0.473 |      0 |
 |        211 |   57836311 |  -3351.917 |  -3771.765 |   95.210 |   14.484 |  0.63 |   0.433 |   0.433 |      0 |
 |        212 |   58111722 |  -3351.917 |  -3865.939 |   97.475 |   14.414 |  0.61 |   0.453 |   0.453 |      0 |
 |        213 |   58387133 |  -3351.917 |  -3844.781 |  111.147 |   14.347 |  0.62 |   0.480 |   0.480 |      0 |
 |        214 |   58662544 |  -3351.917 |  -3773.948 |   89.392 |   14.288 |  0.63 |   0.525 |   0.525 |      0 |
 |        215 |   58937955 |  -3351.917 |  -3798.414 |   82.911 |   14.216 |  0.62 |   0.421 |   0.421 |      0 |
 |        216 |   59213366 |  -3351.917 |  -3857.520 |   79.138 |   14.139 |  0.61 |   0.460 |   0.460 |      0 |
 |        217 |   59488777 |  -3351.917 |  -3788.756 |   97.254 |   14.059 |  0.63 |   0.547 |   0.547 |      0 |
 |        218 |   59764188 |  -3351.917 |  -3841.960 |  111.633 |   13.995 |  0.61 |   0.483 |   0.483 |      0 |
 |        219 |   60039599 |  -3351.917 |  -3827.648 |  103.150 |   13.940 |  0.62 |   0.509 |   0.509 |      0 |
 |        220 |   60315010 |  -3351.917 |  -3878.945 |   87.484 |   13.880 |  0.61 |   0.454 |   0.454 |      0 |
 |        221 |   60590421 |  -3351.917 |  -3834.143 |   84.152 |   13.810 |  0.62 |   0.493 |   0.493 |      0 |
 |        222 |   60865832 |  -3351.917 |  -3947.511 |   95.365 |   13.739 |  0.60 |   0.504 |   0.504 |      0 |
 |        223 |   61141243 |  -3351.917 |  -3808.509 |  114.181 |   13.676 |  0.62 |   0.463 |   0.463 |      0 |
 |        224 |   61416654 |  -3351.917 |  -3812.578 |  103.271 |   13.624 |  0.62 |   0.519 |   0.519 |      0 |
 |        225 |   61692065 |  -3351.917 |  -3882.914 |   91.900 |   13.567 |  0.61 |   0.457 |   0.457 |      0 |
 |        226 |   61967476 |  -3351.917 |  -3850.903 |   91.257 |   13.504 |  0.61 |   0.503 |   0.503 |      0 |
 |        227 |   62242887 |  -3351.917 |  -3747.724 |   85.815 |   13.441 |  0.63 |   0.596 |   0.596 |      0 |
 |        228 |   62518298 |  -3351.917 |  -3723.297 |  105.111 |   13.374 |  0.63 |   0.410 |   0.410 |      0 |
 |        229 |   62793709 |  -3351.917 |  -3744.630 |  102.907 |   13.320 |  0.63 |   0.528 |   0.528 |      0 |
 |        230 |   63069120 |  -3351.917 |  -3889.106 |   79.368 |   13.266 |  0.60 |   0.493 |   0.493 |      0 |
 |        231 |   63344531 |  -3351.917 |  -3829.207 |   74.823 |   13.196 |  0.61 |   0.524 |   0.524 |      0 |
 |        232 |   63619942 |  -3351.917 |  -3805.576 |   98.748 |   13.122 |  0.62 |   0.549 |   0.549 |      0 |
 |        233 |   63895353 |  -3351.917 |  -3776.097 |   92.717 |   13.067 |  0.62 |   0.504 |   0.504 |      0 |
 |        234 |   64170764 |  -3351.917 |  -3735.621 |   87.684 |   13.009 |  0.63 |   0.536 |   0.536 |      0 |
 |        235 |   64446175 |  -3351.917 |  -3770.665 |  102.213 |   12.948 |  0.62 |   0.497 |   0.497 |      0 |
 |        236 |   64721586 |  -3351.917 |  -3722.508 |  100.465 |   12.896 |  0.63 |   0.501 |   0.501 |      0 |
 |        237 |   64996997 |  -3351.917 |  -3780.913 |   92.001 |   12.844 |  0.62 |   0.497 |   0.497 |      0 |
 |        238 |   65272408 |  -3351.917 |  -3847.846 |   88.642 |   12.787 |  0.61 |   0.457 |   0.457 |      0 |
 |        239 |   65547819 |  -3351.917 |  -3877.182 |   87.930 |   12.729 |  0.60 |   0.533 |   0.533 |      0 |
 |        240 |   65823230 |  -3268.513 |  -3744.530 |  141.611 |   12.670 |  0.62 |   0.534 |   0.534 |      0 |
 |        241 |   66098641 |  -3268.513 |  -3752.287 |   84.084 |   12.634 |  0.62 |   0.557 |   0.557 |      0 |
 |        242 |   66374052 |  -3268.513 |  -3692.677 |   94.919 |   12.574 |  0.63 |   0.493 |   0.493 |      0 |
 |        243 |   66649463 |  -3268.513 |  -3721.820 |   91.633 |   12.522 |  0.63 |   0.575 |   0.575 |      0 |
 |        244 |   66924874 |  -3268.513 |  -3697.845 |   81.392 |   12.467 |  0.63 |   0.492 |   0.492 |      0 |
 |        245 |   67200285 |  -3268.513 |  -3721.231 |   91.114 |   12.407 |  0.62 |   0.501 |   0.501 |      0 |
 |        246 |   67475696 |  -3268.513 |  -3805.493 |  124.345 |   12.354 |  0.61 |   0.475 |   0.475 |      0 |
 |        247 |   67751107 |  -3268.513 |  -3882.803 |   84.003 |   12.315 |  0.60 |   0.462 |   0.462 |      0 |
 |        248 |   68026518 |  -3268.513 |  -3828.963 |  101.639 |   12.258 |  0.61 |   0.679 |   0.679 |      0 |
 |        249 |   68301929 |  -3268.513 |  -3670.301 |   77.755 |   12.211 |  0.63 |   0.583 |   0.583 |      0 |
 |        250 |   68577340 |  -3268.513 |  -3794.752 |  128.188 |   12.150 |  0.61 |   0.523 |   0.523 |      0 |
 |        251 |   68852751 |  -3268.513 |  -3775.137 |   81.860 |   12.114 |  0.61 |   0.531 |   0.531 |      0 |
 |        252 |   69128162 |  -3268.513 |  -3690.820 |   86.573 |   12.057 |  0.62 |   0.514 |   0.514 |      0 |
 |        253 |   69403573 |  -3268.513 |  -3739.077 |   80.677 |   12.004 |  0.62 |   0.572 |   0.572 |      0 |
 |        254 |   69678984 |  -3268.513 |  -3663.313 |   87.056 |   11.948 |  0.63 |   0.515 |   0.515 |      0 |
 |        255 |   69954395 |  -3268.513 |  -3714.677 |   87.513 |   11.896 |  0.62 |   0.548 |   0.548 |      0 |
 |        256 |   70229806 |  -3268.513 |  -3685.907 |   82.393 |   11.845 |  0.62 |   0.537 |   0.537 |      0 |
 |        257 |   70505217 |  -3268.513 |  -3669.450 |   78.189 |   11.791 |  0.62 |   0.471 |   0.471 |      0 |
 |        258 |   70780628 |  -3268.513 |  -3704.850 |   84.756 |   11.734 |  0.62 |   0.462 |   0.462 |      0 |
 |        259 |   71056039 |  -3268.513 |  -3778.645 |   79.823 |   11.683 |  0.61 |   0.425 |   0.425 |      0 |
 |        260 |   71331450 |  -3268.513 |  -3685.794 |   98.489 |   11.629 |  0.62 |   0.428 |   0.428 |      0 |
 |        261 |   71606861 |  -3268.513 |  -3712.048 |  100.014 |   11.586 |  0.62 |   0.464 |   0.464 |      0 |
 |        262 |   71882272 |  -3268.513 |  -3828.739 |   77.997 |   11.543 |  0.60 |   0.448 |   0.448 |      0 |
 |        263 |   72157683 |  -3268.513 |  -3748.485 |   91.848 |   11.489 |  0.61 |   0.411 |   0.411 |      0 |
 |        264 |   72433094 |  -3268.513 |  -3745.567 |   81.530 |   11.444 |  0.61 |   0.483 |   0.483 |      0 |
 |        265 |   72708505 |  -3268.513 |  -3789.242 |   82.689 |   11.393 |  0.60 |   0.491 |   0.491 |      0 |
 |        266 |   72983916 |  -3268.513 |  -3719.658 |  101.279 |   11.343 |  0.61 |   0.527 |   0.527 |      0 |
 |        267 |   73259327 |  -3268.513 |  -3699.118 |   78.444 |   11.303 |  0.62 |   0.602 |   0.602 |      0 |
 |        268 |   73534738 |  -3208.849 |  -3646.247 |   89.156 |   11.251 |  0.62 |   0.542 |   0.542 |      0 |
 |        269 |   73810149 |  -3208.849 |  -3707.281 |  104.385 |   11.206 |  0.61 |   0.427 |   0.427 |      0 |
 |        270 |   74085560 |  -3208.849 |  -3876.460 |   74.873 |   11.168 |  0.59 |   0.502 |   0.502 |      0 |
 |        271 |   74360971 |  -3208.849 |  -3760.187 |   87.707 |   11.116 |  0.61 |   0.478 |   0.478 |      0 |
 |        272 |   74636382 |  -3208.849 |  -3684.804 |  138.085 |   11.071 |  0.61 |   0.536 |   0.536 |      0 |
 |        273 |   74911793 |  -3208.849 |  -3661.597 |  147.003 |   11.043 |  0.62 |   0.438 |   0.438 |      0 |
 |        274 |   75187204 |  -3208.849 |  -3673.646 |  141.431 |   11.017 |  0.62 |   0.504 |   0.504 |      0 |
 |        275 |   75462615 |  -3208.849 |  -3729.013 |  109.816 |   10.989 |  0.61 |   0.473 |   0.473 |      0 |
 |        276 |   75738026 |  -3208.849 |  -3630.930 |   88.716 |   10.955 |  0.62 |   0.469 |   0.469 |      0 |
 |        277 |   76013437 |  -3208.849 |  -3723.230 |   88.213 |   10.912 |  0.61 |   0.435 |   0.435 |      0 |
 |        278 |   76288848 |  -3208.849 |  -3679.765 |  110.131 |   10.869 |  0.61 |   0.534 |   0.534 |      0 |
 |        279 |   76564259 |  -3208.849 |  -3658.898 |   96.639 |   10.835 |  0.62 |   0.716 |   0.716 |      0 |
 |        280 |   76839670 |  -3167.134 |  -3681.955 |  137.628 |   10.797 |  0.62 |   0.464 |   0.464 |      0 |
 |        281 |   77115081 |  -3167.134 |  -3710.514 |   87.436 |   10.770 |  0.61 |   0.479 |   0.479 |      0 |
 |        282 |   77390492 |  -3167.134 |  -3674.893 |   84.600 |   10.728 |  0.61 |   0.430 |   0.430 |      0 |
 |        283 |   77665903 |  -3167.134 |  -3764.391 |   86.538 |   10.685 |  0.60 |   0.501 |   0.501 |      0 |
 |        284 |   77941314 |  -3167.134 |  -3687.095 |   91.878 |   10.643 |  0.61 |   0.532 |   0.532 |      0 |
 |        285 |   78216725 |  -3167.134 |  -3595.169 |   90.763 |   10.604 |  0.63 |   0.615 |   0.615 |      0 |
 |        286 |   78492136 |  -3167.134 |  -3620.843 |   91.988 |   10.565 |  0.62 |   0.477 |   0.477 |      0 |
 |        287 |   78767547 |  -3167.134 |  -3657.335 |   81.544 |   10.526 |  0.61 |   0.453 |   0.453 |      0 |
 |        288 |   79042958 |  -3167.134 |  -3845.562 |   95.482 |   10.483 |  0.58 |   0.474 |   0.474 |      0 |
 |        289 |   79318369 |  -3167.134 |  -3688.586 |  105.346 |   10.447 |  0.61 |   0.471 |   0.471 |      0 |
 |        290 |   79593780 |  -3167.134 |  -3622.916 |   94.357 |   10.414 |  0.62 |   0.641 |   0.641 |      0 |
 |        291 |   79869191 |  -3167.134 |  -3594.047 |  102.982 |   10.378 |  0.62 |   0.503 |   0.503 |      0 |
 |        292 |   80144602 |  -3167.134 |  -3688.430 |   74.212 |   10.345 |  0.61 |   0.474 |   0.474 |      0 |
 |        293 |   80420013 |  -3167.134 |  -3624.055 |  100.010 |   10.299 |  0.62 |   0.572 |   0.572 |      0 |
 |        294 |   80695424 |  -3167.134 |  -3594.296 |  105.490 |   10.265 |  0.62 |   0.451 |   0.451 |      0 |
 |        295 |   80970835 |  -3167.134 |  -3663.365 |   95.561 |   10.234 |  0.61 |   0.534 |   0.534 |      0 |
 |        296 |   81246246 |  -3167.134 |  -3652.873 |   96.980 |   10.199 |  0.61 |   0.469 |   0.469 |      0 |
 |        297 |   81521657 |  -3167.134 |  -3682.404 |   87.684 |   10.165 |  0.60 |   0.500 |   0.500 |      0 |
 |        298 |   81797068 |  -3167.134 |  -3657.563 |   77.830 |   10.128 |  0.61 |   0.453 |   0.453 |      0 |
 |        299 |   82072479 |  -3167.134 |  -3698.627 |  107.634 |   10.086 |  0.60 |   0.458 |   0.458 |      0 |
 |        300 |   82347890 |  -3167.134 |  -3577.872 |   95.483 |   10.056 |  0.62 |   0.476 |   0.476 |      0 |
 |        301 |   82623301 |  -3167.134 |  -3651.940 |   78.248 |   10.023 |  0.61 |   0.509 |   0.509 |      0 |
 |        302 |   82898712 |  -3167.134 |  -3660.602 |   93.915 |    9.982 |  0.61 |   0.479 |   0.479 |      0 |
 |        303 |   83174123 |  -3167.134 |  -3672.194 |   94.231 |    9.949 |  0.61 |   0.507 |   0.507 |      0 |
 |        304 |   83449534 |  -3167.134 |  -3724.972 |   84.320 |    9.915 |  0.60 |   0.569 |   0.569 |      0 |
 |        305 |   83724945 |  -3167.134 |  -3599.450 |   87.016 |    9.878 |  0.61 |   0.446 |   0.446 |      0 |
 |        306 |   84000356 |  -3167.134 |  -3759.075 |  123.373 |    9.843 |  0.59 |   0.464 |   0.464 |      0 |
 |        307 |   84275767 |  -3167.134 |  -3761.157 |  120.832 |    9.818 |  0.59 |   0.554 |   0.554 |      0 |
 |        308 |   84551178 |  -3167.134 |  -3670.099 |   93.802 |    9.793 |  0.60 |   0.494 |   0.494 |      0 |
 |        309 |   84826589 |  -3167.134 |  -3614.375 |  107.316 |    9.760 |  0.61 |   0.455 |   0.455 |      0 |
 |        310 |   85102000 |  -3167.134 |  -3634.079 |   81.867 |    9.732 |  0.61 |   0.622 |   0.622 |      0 |
 |        311 |   85377411 |  -3167.134 |  -3564.048 |   79.105 |    9.696 |  0.62 |   0.413 |   0.413 |      0 |
 |        312 |   85652822 |  -3167.134 |  -3632.128 |   84.927 |    9.658 |  0.61 |   0.527 |   0.527 |      0 |
 |        313 |   85928233 |  -3167.134 |  -3637.324 |   95.397 |    9.623 |  0.61 |   0.487 |   0.487 |      0 |
 |        314 |   86203644 |  -3167.134 |  -3692.870 |   81.081 |    9.592 |  0.60 |   0.536 |   0.536 |      0 |
 |        315 |   86479055 |  -3167.134 |  -3580.911 |   88.292 |    9.557 |  0.61 |   0.452 |   0.452 |      0 |
 |        316 |   86754466 |  -3167.134 |  -3619.023 |   81.291 |    9.524 |  0.61 |   0.482 |   0.482 |      0 |
 |        317 |   87029877 |  -3167.134 |  -3599.718 |   82.687 |    9.488 |  0.61 |   0.486 |   0.486 |      0 |
 |        318 |   87305288 |  -3167.134 |  -3757.793 |   91.910 |    9.454 |  0.58 |   0.494 |   0.494 |      0 |
 |        319 |   87580699 |  -3167.134 |  -3731.752 |   95.441 |    9.423 |  0.58 |   0.549 |   0.549 |      0 |
 |        320 |   87856110 |  -3167.134 |  -3719.424 |   79.375 |    9.394 |  0.59 |   0.472 |   0.472 |      0 |
 |        321 |   88131521 |  -3167.134 |  -3775.609 |   89.133 |    9.359 |  0.58 |   0.484 |   0.484 |      0 |
 |        322 |   88406932 |  -3167.134 |  -3752.555 |   71.490 |    9.327 |  0.58 |   0.472 |   0.472 |      0 |
 |        323 |   88682343 |  -3167.134 |  -3792.346 |   77.927 |    9.289 |  0.57 |   0.470 |   0.470 |      0 |
 |        324 |   88957754 |  -3167.134 |  -3729.781 |   80.678 |    9.254 |  0.59 |   0.474 |   0.474 |      0 |
 |        325 |   89233165 |  -3167.134 |  -3684.206 |  100.389 |    9.220 |  0.60 |   0.515 |   0.515 |      0 |
 |        326 |   89508576 |  -3167.134 |  -3519.650 |   96.674 |    9.193 |  0.62 |   0.544 |   0.544 |      0 |
 |        327 |   89783987 |  -3167.134 |  -3708.206 |   95.462 |    9.166 |  0.59 |   0.430 |   0.430 |      0 |
 |        328 |   90059398 |  -3167.134 |  -3667.072 |   96.574 |    9.138 |  0.59 |   0.460 |   0.460 |      0 |
 |        329 |   90334809 |  -3167.134 |  -3578.757 |  113.585 |    9.111 |  0.61 |   0.526 |   0.526 |      0 |
 |        330 |   90610220 |  -3167.134 |  -3623.401 |  104.249 |    9.087 |  0.60 |   0.586 |   0.586 |      0 |
 |        331 |   90885631 |  -3167.134 |  -3578.961 |   87.259 |    9.062 |  0.60 |   0.434 |   0.434 |      0 |
 |        332 |   91161042 |  -3167.134 |  -3615.439 |   83.604 |    9.032 |  0.60 |   0.566 |   0.566 |      0 |
 |        333 |   91436453 |  -3167.134 |  -3609.381 |   92.559 |    9.002 |  0.60 |   0.532 |   0.532 |      0 |
 |        334 |   91711864 |  -3167.134 |  -3627.807 |  100.938 |    8.974 |  0.60 |   0.478 |   0.478 |      0 |
 |        335 |   91987275 |  -3167.134 |  -3627.128 |  115.573 |    8.949 |  0.60 |   0.459 |   0.459 |      0 |
 |        336 |   92262686 |  -3167.134 |  -3606.323 |   82.095 |    8.927 |  0.60 |   0.488 |   0.488 |      0 |
 |        337 |   92538097 |  -3097.472 |  -3540.674 |  116.914 |    8.896 |  0.61 |   0.552 |   0.552 |      0 |
 |        338 |   92813508 |  -3097.472 |  -3594.494 |   87.405 |    8.874 |  0.60 |   0.532 |   0.532 |      0 |
 |        339 |   93088919 |  -3097.472 |  -3688.094 |   83.147 |    8.846 |  0.59 |   0.516 |   0.516 |      0 |
 |        340 |   93364330 |  -3097.472 |  -3662.017 |   88.811 |    8.816 |  0.59 |   0.439 |   0.439 |      0 |
 |        341 |   93639741 |  -3097.472 |  -3658.022 |  100.602 |    8.788 |  0.59 |   0.450 |   0.450 |      0 |
 |        342 |   93915152 |  -3097.472 |  -3639.663 |   70.023 |    8.764 |  0.59 |   0.536 |   0.536 |      0 |
 |        343 |   94190563 |  -3097.472 |  -3576.625 |   88.400 |    8.729 |  0.60 |   0.439 |   0.439 |      0 |
 |        344 |   94465974 |  -3097.472 |  -3526.767 |   89.337 |    8.702 |  0.61 |   0.572 |   0.572 |      0 |
 |        345 |   94741385 |  -3097.472 |  -3514.734 |   94.743 |    8.675 |  0.61 |   0.492 |   0.492 |      0 |
 |        346 |   95016796 |  -3088.432 |  -3492.183 |  101.376 |    8.650 |  0.61 |   0.614 |   0.614 |      0 |
 |        347 |   95292207 |  -3088.432 |  -3582.155 |  105.671 |    8.627 |  0.60 |   0.523 |   0.523 |      0 |
 |        348 |   95567618 |  -3088.432 |  -3504.856 |  106.762 |    8.604 |  0.61 |   0.555 |   0.555 |      0 |
 |        349 |   95843029 |  -3088.432 |  -3538.514 |   90.968 |    8.582 |  0.60 |   0.594 |   0.594 |      0 |
 |        350 |   96118440 |  -3088.432 |  -3458.306 |   94.467 |    8.557 |  0.61 |   0.477 |   0.477 |      0 |
 |        351 |   96393851 |  -3088.432 |  -3554.438 |  131.248 |    8.532 |  0.60 |   0.501 |   0.501 |      0 |
 |        352 |   96669262 |  -3088.432 |  -3549.238 |   96.556 |    8.515 |  0.60 |   0.495 |   0.495 |      0 |
 |        353 |   96944673 |  -3088.432 |  -3601.781 |   79.250 |    8.491 |  0.60 |   0.503 |   0.503 |      0 |
 |        354 |   97220084 |  -3088.432 |  -3613.305 |   69.248 |    8.462 |  0.60 |   0.518 |   0.518 |      0 |
 |        355 |   97495495 |  -3088.432 |  -3573.487 |  112.552 |    8.429 |  0.60 |   0.501 |   0.501 |      0 |
 |        356 |   97770906 |  -3088.432 |  -3455.355 |   86.243 |    8.409 |  0.62 |   0.502 |   0.502 |      0 |
 |        357 |   98046317 |  -3088.432 |  -3577.588 |  106.888 |    8.383 |  0.59 |   0.516 |   0.516 |      0 |
 |        358 |   98321728 |  -3088.432 |  -3503.039 |   91.079 |    8.362 |  0.61 |   0.467 |   0.467 |      0 |
 |        359 |   98597139 |  -3088.432 |  -3546.080 |   80.833 |    8.338 |  0.60 |   0.520 |   0.520 |      0 |
 |        360 |   98872550 |  -3088.432 |  -3554.612 |  104.274 |    8.311 |  0.60 |   0.566 |   0.566 |      0 |
 |        361 |   99147961 |  -3088.432 |  -3477.184 |   94.815 |    8.290 |  0.61 |   0.456 |   0.456 |      0 |
 |        362 |   99423372 |  -3088.432 |  -3544.348 |  102.766 |    8.267 |  0.59 |   0.604 |   0.604 |      0 |
 |        363 |   99698783 |  -3088.432 |  -3584.728 |  108.463 |    8.246 |  0.59 |   0.544 |   0.544 |      0 |
 |          1 |          0 |  -3088.432 |  -4154.496 |  139.825 |  119.000 |  0.65 |   1.046 |   1.046 |      0 |
 |          2 |     275412 |  -3088.432 |  -4080.471 |  116.341 |  115.867 |  0.68 |   0.283 |   0.283 |      0 |
 |          3 |     550823 |  -3088.432 |  -4073.115 |  140.415 |  112.313 |  0.68 |   0.575 |   0.575 |      0 |
 |          4 |     826234 |  -3088.432 |  -4064.120 |  145.522 |  109.530 |  0.69 |   0.506 |   0.506 |      0 |
 |          5 |    1101645 |  -3088.432 |  -4058.516 |  149.490 |  106.972 |  0.68 |   0.567 |   0.567 |      0 |
 |          6 |    1377056 |  -3088.432 |  -4150.828 |  173.184 |  104.594 |  0.66 |   1.509 |   1.509 |      0 |
 |          7 |    1652467 |  -3088.432 |  -4092.562 |  217.544 |  102.625 |  0.68 |   0.379 |   0.379 |      0 |
 |          8 |    1927878 |  -3088.432 |  -4217.739 |  172.888 |  101.110 |  0.64 |   0.748 |   0.748 |      0 |
 |          9 |    2203289 |  -3088.432 |  -4018.976 |  119.989 |   99.265 |  0.70 |   1.078 |   1.078 |      0 |
 |         10 |    2478700 |  -3088.432 |  -4122.577 |  187.933 |   96.723 |  0.66 |   0.577 |   0.577 |      0 |
 |         11 |    2754111 |  -3088.432 |  -4040.111 |  113.943 |   95.167 |  0.69 |   0.490 |   0.490 |      0 |
 |         12 |    3029522 |  -3088.432 |  -4013.285 |  136.694 |   92.707 |  0.69 |   0.621 |   0.621 |      0 |
 |         13 |    3304933 |  -3088.432 |  -3974.418 |  124.558 |   90.752 |  0.70 |   0.737 |   0.737 |      0 |
 |         14 |    3580344 |  -3088.432 |  -4005.191 |  142.956 |   88.699 |  0.69 |   0.634 |   0.634 |      0 |
 |         15 |    3855755 |  -3088.432 |  -3998.145 |  133.752 |   86.984 |  0.69 |   0.378 |   0.378 |      0 |
 |         16 |    4131166 |  -3088.432 |  -4065.117 |  145.546 |   85.223 |  0.67 |   0.477 |   0.477 |      0 |
 |         17 |    4406577 |  -3088.432 |  -4087.715 |  135.086 |   83.667 |  0.66 |   0.436 |   0.436 |      0 |
 |         18 |    4681988 |  -3088.432 |  -4020.981 |  126.349 |   82.052 |  0.68 |   0.492 |   0.492 |      0 |
 |         19 |    4957399 |  -3088.432 |  -4068.801 |  174.339 |   80.394 |  0.67 |   0.900 |   0.900 |      0 |
 |         20 |    5232810 |  -3088.432 |  -4019.509 |  104.819 |   79.233 |  0.68 |   0.800 |   0.800 |      0 |
 |         21 |    5508221 |  -3088.432 |  -4061.619 |  195.835 |   77.375 |  0.67 |   0.532 |   0.532 |      0 |
 |         22 |    5783632 |  -3088.432 |  -4097.565 |  149.282 |   76.415 |  0.66 |   0.322 |   0.322 |      0 |
 |         23 |    6059043 |  -3088.432 |  -3995.648 |  152.957 |   75.193 |  0.69 |   1.058 |   1.058 |      0 |
 |         24 |    6334454 |  -3088.432 |  -4118.566 |  205.620 |   74.036 |  0.67 |   0.577 |   0.577 |      0 |
 |         25 |    6609865 |  -3088.432 |  -3986.881 |  148.889 |   73.199 |  0.69 |   0.715 |   0.715 |      0 |
 |         26 |    6885276 |  -3088.432 |  -4060.810 |  185.628 |   72.073 |  0.67 |   0.410 |   0.410 |      0 |
 |         27 |    7160687 |  -3088.432 |  -4118.204 |  205.918 |   71.195 |  0.65 |   0.525 |   0.525 |      0 |
 |         28 |    7436098 |  -3088.432 |  -4157.313 |  108.276 |   70.422 |  0.64 |   0.713 |   0.713 |      0 |
 |         29 |    7711509 |  -3088.432 |  -3964.317 |  117.362 |   68.996 |  0.70 |   0.496 |   0.496 |      0 |
 |         30 |    7986920 |  -3088.432 |  -4046.420 |  100.067 |   67.731 |  0.67 |   0.611 |   0.611 |      0 |
 |         31 |    8262331 |  -3088.432 |  -4139.342 |  142.255 |   66.305 |  0.64 |   0.526 |   0.526 |      0 |
 |         32 |    8537742 |  -3088.432 |  -4132.548 |  162.977 |   65.337 |  0.65 |   0.363 |   0.363 |      0 |
 |         33 |    8813153 |  -3088.432 |  -4061.124 |  115.976 |   64.516 |  0.66 |   0.477 |   0.477 |      0 |
 |         34 |    9088564 |  -3088.432 |  -4287.318 |  129.856 |   63.395 |  0.61 |   0.450 |   0.450 |      0 |
 |         35 |    9363975 |  -3088.432 |  -4129.263 |  100.677 |   62.427 |  0.65 |   0.679 |   0.679 |      0 |
 |         36 |    9639386 |  -3088.432 |  -4132.744 |  140.108 |   61.221 |  0.64 |   0.371 |   0.371 |      0 |
 |         37 |    9914797 |  -3088.432 |  -4203.143 |  139.129 |   60.383 |  0.63 |   0.495 |   0.495 |      0 |
 |         38 |   10190208 |  -3088.432 |  -4104.197 |  138.110 |   59.562 |  0.65 |   0.523 |   0.523 |      0 |
 |         39 |   10465619 |  -3088.432 |  -4089.702 |  128.240 |   58.757 |  0.66 |   0.435 |   0.435 |      0 |
 |         40 |   10741030 |  -3088.432 |  -4241.275 |  103.218 |   57.914 |  0.62 |   0.547 |   0.547 |      0 |
 |         41 |   11016441 |  -3088.432 |  -4056.575 |  129.506 |   56.899 |  0.66 |   0.537 |   0.537 |      0 |
 |         42 |   11291852 |  -3088.432 |  -4022.410 |  132.325 |   56.116 |  0.67 |   0.471 |   0.471 |      0 |
 |         43 |   11567263 |  -3088.432 |  -4033.736 |  118.311 |   55.370 |  0.66 |   0.392 |   0.392 |      0 |
 |         44 |   11842674 |  -3088.432 |  -4004.027 |  105.506 |   54.559 |  0.67 |   0.586 |   0.586 |      0 |
 |         45 |   12118085 |  -3088.432 |  -4030.869 |  143.284 |   53.677 |  0.66 |   0.571 |   0.571 |      0 |
 |         46 |   12393496 |  -3088.432 |  -4130.628 |  142.130 |   53.046 |  0.64 |   0.399 |   0.399 |      0 |
 |         47 |   12668907 |  -3088.432 |  -4088.505 |   92.757 |   52.424 |  0.64 |   0.583 |   0.583 |      0 |
 |         48 |   12944318 |  -3088.432 |  -4040.119 |  147.862 |   51.499 |  0.66 |   0.539 |   0.539 |      0 |
 |         49 |   13219729 |  -3088.432 |  -3967.528 |  111.715 |   50.936 |  0.68 |   0.496 |   0.496 |      0 |
 |         50 |   13495140 |  -3088.432 |  -3987.535 |  126.922 |   50.208 |  0.67 |   0.381 |   0.381 |      0 |
 |         51 |   13770551 |  -3088.432 |  -4161.390 |  123.808 |   49.585 |  0.64 |   0.528 |   0.528 |      0 |
 |         52 |   14045962 |  -3088.432 |  -4081.889 |  167.257 |   48.962 |  0.65 |   0.476 |   0.476 |      0 |
 |         53 |   14321373 |  -3088.432 |  -4099.476 |  124.402 |   48.511 |  0.65 |   0.483 |   0.483 |      0 |
 |         54 |   14596784 |  -3088.432 |  -4133.157 |   93.937 |   47.917 |  0.64 |   0.431 |   0.431 |      0 |
 |         55 |   14872195 |  -3088.432 |  -3966.338 |  112.889 |   47.153 |  0.67 |   0.548 |   0.548 |      0 |
 |         56 |   15147606 |  -3088.432 |  -4048.341 |  101.684 |   46.536 |  0.66 |   0.587 |   0.587 |      0 |
 |         57 |   15423017 |  -3088.432 |  -4064.177 |  148.168 |   45.869 |  0.66 |   0.513 |   0.513 |      0 |
 |         58 |   15698428 |  -3088.432 |  -4003.579 |  100.618 |   45.422 |  0.67 |   0.604 |   0.604 |      0 |
 |         59 |   15973839 |  -3088.432 |  -4085.660 |  184.868 |   44.780 |  0.65 |   0.513 |   0.513 |      0 |
 |         60 |   16249250 |  -3088.432 |  -4085.558 |  152.513 |   44.438 |  0.64 |   0.530 |   0.530 |      0 |
 |         61 |   16524661 |  -3088.432 |  -4020.471 |  116.997 |   44.030 |  0.66 |   0.473 |   0.473 |      0 |
 |         62 |   16800072 |  -3088.432 |  -4050.566 |  112.387 |   43.510 |  0.65 |   0.436 |   0.436 |      0 |
 |         63 |   17075483 |  -3088.432 |  -4135.388 |  101.029 |   42.981 |  0.63 |   0.534 |   0.534 |      0 |
 |         64 |   17350894 |  -3088.432 |  -3962.889 |  124.509 |   42.408 |  0.68 |   0.537 |   0.537 |      0 |
 |         65 |   17626305 |  -3088.432 |  -4111.147 |  137.662 |   41.954 |  0.64 |   0.569 |   0.569 |      0 |
 |         66 |   17901716 |  -3088.432 |  -4097.604 |   92.963 |   41.552 |  0.64 |   0.536 |   0.536 |      0 |
 |         67 |   18177127 |  -3088.432 |  -4000.276 |  123.931 |   40.970 |  0.66 |   0.493 |   0.493 |      0 |
 |         68 |   18452538 |  -3088.432 |  -4137.403 |  122.147 |   40.544 |  0.63 |   0.413 |   0.413 |      0 |
 |         69 |   18727949 |  -3088.432 |  -4045.646 |   99.579 |   40.121 |  0.65 |   0.485 |   0.485 |      0 |
 |         70 |   19003360 |  -3088.432 |  -4091.176 |  108.325 |   39.614 |  0.64 |   0.510 |   0.510 |      0 |
 |         71 |   19278771 |  -3088.432 |  -4036.458 |   97.038 |   39.159 |  0.65 |   0.553 |   0.553 |      0 |
 |         72 |   19554182 |  -3088.432 |  -4038.057 |  113.378 |   38.663 |  0.65 |   0.469 |   0.469 |      0 |
 |         73 |   19829593 |  -3088.432 |  -4039.706 |  130.858 |   38.249 |  0.65 |   0.614 |   0.614 |      0 |
 |         74 |   20105004 |  -3088.432 |  -3985.611 |  121.392 |   37.897 |  0.66 |   0.631 |   0.631 |      0 |
 |         75 |   20380415 |  -3088.432 |  -3929.797 |  109.464 |   37.525 |  0.67 |   0.417 |   0.417 |      0 |
 |         76 |   20655826 |  -3088.432 |  -4137.654 |  107.026 |   37.121 |  0.63 |   0.387 |   0.387 |      0 |
 |         77 |   20931237 |  -3088.432 |  -4051.374 |  139.568 |   36.716 |  0.64 |   0.446 |   0.446 |      0 |
 |         78 |   21206648 |  -3088.432 |  -4029.017 |   92.430 |   36.412 |  0.65 |   0.599 |   0.599 |      0 |
 |         79 |   21482059 |  -3088.432 |  -3935.301 |  100.092 |   35.962 |  0.67 |   0.495 |   0.495 |      0 |
 |         80 |   21757470 |  -3088.432 |  -4004.725 |  158.566 |   35.556 |  0.65 |   0.367 |   0.367 |      0 |
 |         81 |   22032881 |  -3088.432 |  -4122.781 |  117.215 |   35.304 |  0.63 |   0.391 |   0.391 |      0 |
 |         82 |   22308292 |  -3088.432 |  -4023.459 |  120.670 |   34.970 |  0.64 |   0.424 |   0.424 |      0 |
 |         83 |   22583703 |  -3088.432 |  -4042.232 |  107.749 |   34.651 |  0.64 |   0.531 |   0.531 |      0 |
 |         84 |   22859114 |  -3088.432 |  -4053.138 |   87.122 |   34.300 |  0.64 |   0.398 |   0.398 |      0 |
 |         85 |   23134525 |  -3088.432 |  -4210.419 |  126.802 |   33.877 |  0.60 |   0.452 |   0.452 |      0 |
 |         86 |   23409936 |  -3088.432 |  -4132.937 |  117.034 |   33.591 |  0.62 |   0.531 |   0.531 |      0 |
 |         87 |   23685347 |  -3088.432 |  -3978.472 |   88.034 |   33.288 |  0.66 |   0.558 |   0.558 |      0 |
 |         88 |   23960758 |  -3088.432 |  -3919.696 |  107.739 |   32.893 |  0.67 |   0.529 |   0.529 |      0 |
 |         89 |   24236169 |  -3088.432 |  -3951.200 |  102.445 |   32.577 |  0.66 |   0.405 |   0.405 |      0 |
 |         90 |   24511580 |  -3088.432 |  -4036.543 |  107.872 |   32.251 |  0.64 |   0.554 |   0.554 |      0 |
 |         91 |   24786991 |  -3088.432 |  -4088.962 |  134.493 |   31.947 |  0.63 |   0.458 |   0.458 |      0 |
 |         92 |   25062402 |  -3088.432 |  -4050.617 |  154.855 |   31.708 |  0.63 |   0.522 |   0.522 |      0 |
 |         93 |   25337813 |  -3088.432 |  -4069.211 |   94.190 |   31.503 |  0.63 |   0.546 |   0.546 |      0 |
 |         94 |   25613224 |  -3088.432 |  -4021.441 |   97.293 |   31.172 |  0.64 |   0.456 |   0.456 |      0 |
 |         95 |   25888635 |  -3088.432 |  -4169.101 |  109.616 |   30.858 |  0.61 |   0.614 |   0.614 |      0 |
 |         96 |   26164046 |  -3088.432 |  -3981.083 |   87.828 |   30.584 |  0.65 |   0.631 |   0.631 |      0 |
 |         97 |   26439457 |  -3088.432 |  -4008.714 |  118.676 |   30.250 |  0.65 |   0.507 |   0.507 |      0 |
 |         98 |   26714868 |  -3088.432 |  -3972.568 |  121.046 |   30.007 |  0.65 |   0.564 |   0.564 |      0 |
 |         99 |   26990279 |  -3088.432 |  -3995.033 |   91.155 |   29.772 |  0.64 |   0.517 |   0.517 |      0 |
 |        100 |   27265690 |  -3088.432 |  -4001.393 |   87.247 |   29.467 |  0.65 |   0.375 |   0.375 |      0 |
 |        101 |   27541101 |  -3088.432 |  -4022.970 |   98.274 |   29.154 |  0.64 |   0.455 |   0.455 |      0 |
 |        102 |   27816512 |  -3088.432 |  -4022.470 |   90.858 |   28.881 |  0.64 |   0.572 |   0.572 |      0 |
 |        103 |   28091923 |  -3088.432 |  -4219.126 |  145.469 |   28.593 |  0.60 |   0.450 |   0.450 |      0 |
 |        104 |   28367334 |  -3088.432 |  -4010.471 |  182.294 |   28.415 |  0.64 |   0.491 |   0.491 |      0 |
 |        105 |   28642745 |  -3088.432 |  -3897.700 |  102.936 |   28.275 |  0.66 |   0.575 |   0.575 |      0 |
 |        106 |   28918156 |  -3088.432 |  -3941.419 |  116.193 |   28.031 |  0.65 |   0.434 |   0.434 |      0 |
 |        107 |   29193567 |  -3088.432 |  -3955.370 |  120.107 |   27.817 |  0.65 |   0.642 |   0.642 |      0 |
 |        108 |   29468978 |  -3088.432 |  -3987.384 |  121.569 |   27.614 |  0.65 |   0.480 |   0.480 |      0 |
 |        109 |   29744389 |  -3088.432 |  -3959.863 |  100.686 |   27.416 |  0.65 |   0.545 |   0.545 |      0 |
 |        110 |   30019800 |  -3088.432 |  -3945.435 |  102.092 |   27.181 |  0.65 |   0.505 |   0.505 |      0 |
 |        111 |   30295211 |  -3088.432 |  -3967.644 |  100.489 |   26.953 |  0.64 |   0.459 |   0.459 |      0 |
 |        112 |   30570622 |  -3088.432 |  -3879.528 |   96.278 |   26.726 |  0.66 |   0.465 |   0.465 |      0 |
 |        113 |   30846033 |  -3088.432 |  -3914.545 |  154.313 |   26.492 |  0.65 |   0.514 |   0.514 |      0 |
 |        114 |   31121444 |  -3088.432 |  -3909.446 |   94.704 |   26.348 |  0.66 |   0.325 |   0.325 |      0 |
 |        115 |   31396855 |  -3088.432 |  -4040.497 |   93.605 |   26.117 |  0.63 |   0.466 |   0.466 |      0 |
 |        116 |   31672266 |  -3088.432 |  -3968.724 |  103.316 |   25.888 |  0.64 |   0.551 |   0.551 |      0 |
 |        117 |   31947677 |  -3088.432 |  -3878.759 |   94.368 |   25.683 |  0.66 |   0.451 |   0.451 |      0 |
 |        118 |   32223088 |  -3088.432 |  -3969.958 |  109.181 |   25.463 |  0.64 |   0.432 |   0.432 |      0 |
 |        119 |   32498499 |  -3088.432 |  -4079.516 |   75.780 |   25.276 |  0.61 |   0.496 |   0.496 |      0 |
 |        120 |   32773910 |  -3088.432 |  -4010.780 |  100.794 |   25.011 |  0.64 |   0.566 |   0.566 |      0 |
 |        121 |   33049321 |  -3088.432 |  -4056.136 |  103.825 |   24.815 |  0.62 |   0.524 |   0.524 |      0 |
 |        122 |   33324732 |  -3088.432 |  -4016.587 |   98.051 |   24.628 |  0.63 |   0.396 |   0.396 |      0 |
 |        123 |   33600143 |  -3088.432 |  -4054.774 |   85.372 |   24.433 |  0.62 |   0.450 |   0.450 |      0 |
 |        124 |   33875554 |  -3088.432 |  -3988.203 |   84.035 |   24.213 |  0.63 |   0.482 |   0.482 |      0 |
 |        125 |   34150965 |  -3088.432 |  -4007.158 |   89.441 |   23.994 |  0.63 |   0.530 |   0.530 |      0 |
 |        126 |   34426376 |  -3088.432 |  -4014.374 |  114.500 |   23.791 |  0.63 |   0.431 |   0.431 |      0 |
 |        127 |   34701787 |  -3088.432 |  -3975.842 |  123.603 |   23.635 |  0.63 |   0.436 |   0.436 |      0 |
 |        128 |   34977198 |  -3088.432 |  -4022.425 |  173.652 |   23.492 |  0.62 |   0.457 |   0.457 |      0 |
 |        129 |   35252609 |  -3088.432 |  -4034.843 |   80.238 |   23.391 |  0.62 |   0.544 |   0.544 |      0 |
 |        130 |   35528020 |  -3088.432 |  -3936.810 |   95.972 |   23.177 |  0.64 |   0.557 |   0.557 |      0 |
 |        131 |   35803431 |  -3088.432 |  -3889.947 |   95.066 |   23.000 |  0.65 |   0.522 |   0.522 |      0 |
 |        132 |   36078842 |  -3088.432 |  -3865.212 |   89.456 |   22.825 |  0.66 |   0.480 |   0.480 |      0 |
 |        133 |   36354253 |  -3088.432 |  -3869.240 |  109.624 |   22.641 |  0.65 |   0.546 |   0.546 |      0 |
 |        134 |   36629664 |  -3088.432 |  -3872.349 |  109.609 |   22.494 |  0.65 |   0.416 |   0.416 |      0 |
 |        135 |   36905075 |  -3088.432 |  -4023.523 |   94.856 |   22.348 |  0.62 |   0.488 |   0.488 |      0 |
 |        136 |   37180486 |  -3088.432 |  -4041.276 |   81.336 |   22.182 |  0.62 |   0.479 |   0.479 |      0 |
 |        137 |   37455897 |  -3088.432 |  -3929.822 |  117.179 |   21.992 |  0.64 |   0.452 |   0.452 |      0 |
 |        138 |   37731308 |  -3088.432 |  -3919.020 |   88.847 |   21.861 |  0.64 |   0.434 |   0.434 |      0 |
 |        139 |   38006719 |  -3088.432 |  -3880.184 |   92.121 |   21.692 |  0.64 |   0.561 |   0.561 |      0 |
 |        140 |   38282130 |  -3088.432 |  -3878.940 |  122.391 |   21.531 |  0.65 |   0.441 |   0.441 |      0 |
 |        141 |   38557541 |  -3088.432 |  -4007.885 |  110.163 |   21.411 |  0.62 |   0.769 |   0.769 |      0 |
 |        142 |   38832952 |  -3088.432 |  -3867.696 |  106.641 |   21.279 |  0.65 |   0.577 |   0.577 |      0 |
 |        143 |   39108363 |  -3088.432 |  -3937.296 |   85.548 |   21.145 |  0.64 |   0.514 |   0.514 |      0 |
 |        144 |   39383774 |  -3088.432 |  -3877.993 |  125.115 |   20.981 |  0.65 |   0.549 |   0.549 |      0 |
 |        145 |   39659185 |  -3088.432 |  -3829.238 |  120.137 |   20.869 |  0.66 |   0.538 |   0.538 |      0 |
 |        146 |   39934596 |  -3088.432 |  -3887.601 |  116.713 |   20.755 |  0.64 |   0.529 |   0.529 |      0 |
 |        147 |   40210007 |  -3088.432 |  -3988.316 |   87.512 |   20.638 |  0.62 |   0.454 |   0.454 |      0 |
 |        148 |   40485418 |  -3088.432 |  -3908.816 |  120.767 |   20.485 |  0.64 |   0.485 |   0.485 |      0 |
 |        149 |   40760829 |  -3088.432 |  -3936.895 |   90.346 |   20.375 |  0.63 |   0.569 |   0.569 |      0 |
 |        150 |   41036240 |  -3088.432 |  -3930.521 |   88.302 |   20.230 |  0.63 |   0.573 |   0.573 |      0 |
 |        151 |   41311651 |  -3088.432 |  -3850.500 |   85.181 |   20.084 |  0.65 |   0.538 |   0.538 |      0 |
 |        152 |   41587062 |  -3088.432 |  -3893.403 |   85.244 |   19.935 |  0.64 |   0.493 |   0.493 |      0 |
 |        153 |   41862473 |  -3088.432 |  -3847.750 |   96.952 |   19.788 |  0.65 |   0.436 |   0.436 |      0 |
 |        154 |   42137884 |  -3088.432 |  -3891.308 |   97.997 |   19.660 |  0.64 |   0.451 |   0.451 |      0 |
 |        155 |   42413295 |  -3088.432 |  -3939.795 |   91.632 |   19.536 |  0.63 |   0.480 |   0.480 |      0 |
 |        156 |   42688706 |  -3088.432 |  -3975.567 |  110.000 |   19.404 |  0.62 |   0.395 |   0.395 |      0 |
 |        157 |   42964117 |  -3088.432 |  -4184.648 |   86.021 |   19.296 |  0.58 |   0.505 |   0.505 |      0 |
 |        158 |   43239528 |  -3088.432 |  -4278.149 |   81.296 |   19.159 |  0.56 |   0.466 |   0.466 |      0 |
 |        159 |   43514939 |  -3088.432 |  -4006.067 |  183.202 |   19.017 |  0.61 |   0.711 |   0.711 |      0 |
 |        160 |   43790350 |  -3088.432 |  -3783.679 |   82.342 |   18.955 |  0.65 |   0.551 |   0.551 |      0 |
 |        161 |   44065761 |  -3088.432 |  -3771.561 |   88.064 |   18.817 |  0.66 |   0.575 |   0.575 |      0 |
 |        162 |   44341172 |  -3088.432 |  -3907.505 |  102.465 |   18.690 |  0.63 |   0.417 |   0.417 |      0 |
 |        163 |   44616583 |  -3088.432 |  -3960.544 |  131.383 |   18.582 |  0.62 |   0.474 |   0.474 |      0 |
 |        164 |   44891994 |  -3088.432 |  -3863.181 |   79.507 |   18.499 |  0.64 |   0.466 |   0.466 |      0 |
 |        165 |   45167405 |  -3088.432 |  -4033.738 |   98.359 |   18.364 |  0.61 |   0.480 |   0.480 |      0 |
 |        166 |   45442816 |  -3088.432 |  -4012.976 |   79.301 |   18.255 |  0.61 |   0.533 |   0.533 |      0 |
 |        167 |   45718227 |  -3088.432 |  -3958.151 |   83.528 |   18.123 |  0.62 |   0.455 |   0.455 |      0 |
 |        168 |   45993638 |  -3088.432 |  -3895.464 |  111.580 |   17.999 |  0.63 |   0.410 |   0.410 |      0 |
 |        169 |   46269049 |  -3088.432 |  -4025.220 |   96.788 |   17.907 |  0.61 |   0.437 |   0.437 |      0 |
 |        170 |   46544460 |  -3088.432 |  -3936.279 |   85.750 |   17.802 |  0.62 |   0.456 |   0.456 |      0 |
 |        171 |   46819871 |  -3088.432 |  -3916.132 |  120.983 |   17.686 |  0.63 |   0.501 |   0.501 |      0 |
 |        172 |   47095282 |  -3088.432 |  -4016.817 |  148.005 |   17.604 |  0.60 |   0.457 |   0.457 |      0 |
 |        173 |   47370693 |  -3088.432 |  -4114.120 |   71.465 |   17.538 |  0.58 |   0.517 |   0.517 |      0 |
 |        174 |   47646104 |  -3088.432 |  -4007.057 |  104.434 |   17.402 |  0.61 |   0.397 |   0.397 |      0 |
 |        175 |   47921515 |  -3088.432 |  -3928.602 |   75.797 |   17.310 |  0.62 |   0.465 |   0.465 |      0 |
 |        176 |   48196926 |  -3088.432 |  -3964.566 |   80.409 |   17.186 |  0.61 |   0.476 |   0.476 |      0 |
 |        177 |   48472337 |  -3088.432 |  -4039.720 |   95.299 |   17.070 |  0.60 |   0.417 |   0.417 |      0 |
 |        178 |   48747748 |  -3088.432 |  -4068.574 |  104.037 |   16.973 |  0.60 |   0.443 |   0.443 |      0 |
 |        179 |   49023159 |  -3088.432 |  -3950.800 |  108.245 |   16.886 |  0.61 |   0.534 |   0.534 |      0 |
 |        180 |   49298570 |  -3088.432 |  -3939.036 |   84.982 |   16.802 |  0.62 |   0.553 |   0.553 |      0 |
 |        181 |   49573981 |  -3088.432 |  -3829.963 |  117.227 |   16.697 |  0.64 |   0.374 |   0.374 |      0 |
 |        182 |   49849392 |  -3088.432 |  -4007.091 |  106.901 |   16.622 |  0.60 |   0.457 |   0.457 |      0 |
 |        183 |   50124803 |  -3088.432 |  -3976.382 |   94.006 |   16.540 |  0.61 |   0.433 |   0.433 |      0 |
 |        184 |   50400214 |  -3088.432 |  -4023.197 |   93.398 |   16.449 |  0.60 |   0.538 |   0.538 |      0 |
 |        185 |   50675625 |  -3088.432 |  -3797.214 |  106.671 |   16.357 |  0.64 |   0.627 |   0.627 |      0 |
 |        186 |   50951036 |  -3088.432 |  -3857.521 |  136.180 |   16.278 |  0.63 |   0.423 |   0.423 |      0 |
 |        187 |   51226447 |  -3088.432 |  -3980.199 |   89.349 |   16.216 |  0.61 |   0.523 |   0.523 |      0 |
 |        188 |   51501858 |  -3088.432 |  -3855.781 |   85.597 |   16.123 |  0.62 |   0.547 |   0.547 |      0 |
 |        189 |   51777269 |  -3088.432 |  -3805.426 |  103.476 |   16.027 |  0.64 |   0.478 |   0.478 |      0 |
 |        190 |   52052680 |  -3088.432 |  -3905.618 |   86.470 |   15.949 |  0.62 |   0.530 |   0.530 |      0 |
 |        191 |   52328091 |  -3088.432 |  -3897.191 |  104.192 |   15.856 |  0.62 |   0.463 |   0.463 |      0 |
 |        192 |   52603502 |  -3088.432 |  -3829.239 |  104.434 |   15.780 |  0.63 |   0.552 |   0.552 |      0 |
 |        193 |   52878913 |  -3088.432 |  -3742.014 |   84.250 |   15.704 |  0.65 |   0.543 |   0.543 |      0 |
 |        194 |   53154324 |  -3088.432 |  -3870.038 |   93.837 |   15.612 |  0.62 |   0.488 |   0.488 |      0 |
 |        195 |   53429735 |  -3088.432 |  -3858.562 |   88.059 |   15.530 |  0.62 |   0.407 |   0.407 |      0 |
 |        196 |   53705146 |  -3088.432 |  -3775.618 |  117.420 |   15.443 |  0.64 |   0.421 |   0.421 |      0 |
 |        197 |   53980557 |  -3088.432 |  -3870.118 |   81.713 |   15.379 |  0.63 |   0.418 |   0.418 |      0 |
 |        198 |   54255968 |  -3088.432 |  -3830.028 |  101.956 |   15.287 |  0.63 |   0.497 |   0.497 |      0 |
 |        199 |   54531379 |  -3088.432 |  -3789.135 |  102.194 |   15.215 |  0.63 |   0.447 |   0.447 |      0 |
 |        200 |   54806790 |  -3088.432 |  -3916.594 |  124.809 |   15.143 |  0.61 |   0.506 |   0.506 |      0 |
 |        201 |   55082201 |  -3088.432 |  -3830.389 |   97.367 |   15.085 |  0.63 |   0.487 |   0.487 |      0 |
 |        202 |   55357612 |  -3088.432 |  -3730.026 |  100.151 |   15.011 |  0.64 |   0.526 |   0.526 |      0 |
 |        203 |   55633023 |  -3088.432 |  -3804.596 |   98.546 |   14.940 |  0.63 |   0.475 |   0.475 |      0 |
 |        204 |   55908434 |  -3088.432 |  -3890.698 |   85.680 |   14.869 |  0.62 |   0.506 |   0.506 |      0 |
 |        205 |   56183845 |  -3088.432 |  -3842.064 |   80.437 |   14.787 |  0.62 |   0.466 |   0.466 |      0 |
 |        206 |   56459256 |  -3088.432 |  -3827.456 |  106.187 |   14.701 |  0.62 |   0.435 |   0.435 |      0 |
 |        207 |   56734667 |  -3088.432 |  -3912.551 |  105.889 |   14.637 |  0.60 |   0.524 |   0.524 |      0 |
 |        208 |   57010078 |  -3088.432 |  -3833.494 |  117.456 |   14.573 |  0.62 |   0.575 |   0.575 |      0 |
 |        209 |   57285489 |  -3088.432 |  -3791.477 |  114.078 |   14.516 |  0.63 |   0.507 |   0.507 |      0 |
 |        210 |   57560900 |  -3088.432 |  -3831.914 |  112.978 |   14.457 |  0.62 |   0.531 |   0.531 |      0 |
 |        211 |   57836311 |  -3088.432 |  -3852.178 |  137.504 |   14.399 |  0.62 |   0.424 |   0.424 |      0 |
 |        212 |   58111722 |  -3088.432 |  -4005.401 |   78.301 |   14.351 |  0.59 |   0.492 |   0.492 |      0 |
 |        213 |   58387133 |  -3088.432 |  -3832.967 |  100.360 |   14.268 |  0.62 |   0.577 |   0.577 |      0 |
 |        214 |   58662544 |  -3088.432 |  -3764.539 |  105.439 |   14.204 |  0.63 |   0.479 |   0.479 |      0 |
 |        215 |   58937955 |  -3088.432 |  -3907.424 |   97.321 |   14.143 |  0.60 |   0.569 |   0.569 |      0 |
 |        216 |   59213366 |  -3088.432 |  -3897.061 |   78.614 |   14.078 |  0.61 |   0.510 |   0.510 |      0 |
 |        217 |   59488777 |  -3088.432 |  -3922.785 |   96.497 |   13.998 |  0.60 |   0.443 |   0.443 |      0 |
 |        218 |   59764188 |  -3088.432 |  -3905.253 |   83.241 |   13.934 |  0.61 |   0.499 |   0.499 |      0 |
 |        219 |   60039599 |  -3088.432 |  -3887.748 |   92.293 |   13.861 |  0.61 |   0.465 |   0.465 |      0 |
 |        220 |   60315010 |  -3088.432 |  -3828.979 |  108.806 |   13.795 |  0.62 |   0.495 |   0.495 |      0 |
 |        221 |   60590421 |  -3088.432 |  -3873.739 |   86.598 |   13.739 |  0.61 |   0.481 |   0.481 |      0 |
 |        222 |   60865832 |  -3088.432 |  -3849.266 |  105.482 |   13.670 |  0.61 |   0.484 |   0.484 |      0 |
 |        223 |   61141243 |  -3088.432 |  -3941.988 |   72.176 |   13.614 |  0.60 |   0.512 |   0.512 |      0 |
 |        224 |   61416654 |  -3088.432 |  -3781.221 |  143.587 |   13.533 |  0.62 |   0.529 |   0.529 |      0 |
 |        225 |   61692065 |  -3088.432 |  -3751.441 |  107.860 |   13.493 |  0.63 |   0.415 |   0.415 |      0 |
 |        226 |   61967476 |  -3088.432 |  -3797.267 |  109.874 |   13.439 |  0.62 |   0.418 |   0.418 |      0 |
 |        227 |   62242887 |  -3088.432 |  -3833.788 |   89.810 |   13.387 |  0.61 |   0.519 |   0.519 |      0 |
 |        228 |   62518298 |  -3088.432 |  -3837.976 |   85.287 |   13.324 |  0.61 |   0.472 |   0.472 |      0 |
 |        229 |   62793709 |  -3088.432 |  -3836.422 |  119.221 |   13.259 |  0.61 |   0.466 |   0.466 |      0 |
 |        230 |   63069120 |  -3088.432 |  -3749.868 |  119.750 |   13.212 |  0.63 |   0.513 |   0.513 |      0 |
 |        231 |   63344531 |  -3088.432 |  -3829.074 |   76.600 |   13.166 |  0.61 |   0.542 |   0.542 |      0 |
 |        232 |   63619942 |  -3088.432 |  -3832.972 |  110.954 |   13.094 |  0.61 |   0.508 |   0.508 |      0 |
 |        233 |   63895353 |  -3088.432 |  -3782.032 |   87.379 |   13.045 |  0.62 |   0.441 |   0.441 |      0 |
 |        234 |   64170764 |  -3088.432 |  -3811.565 |   92.627 |   12.984 |  0.62 |   0.437 |   0.437 |      0 |
 |        235 |   64446175 |  -3088.432 |  -3785.014 |   94.230 |   12.926 |  0.62 |   0.510 |   0.510 |      0 |
 |        236 |   64721586 |  -3088.432 |  -3852.988 |  118.230 |   12.870 |  0.61 |   0.456 |   0.456 |      0 |
 |        237 |   64996997 |  -3088.432 |  -3938.692 |   79.567 |   12.826 |  0.59 |   0.540 |   0.540 |      0 |
 |        238 |   65272408 |  -3088.432 |  -3839.378 |  103.104 |   12.760 |  0.61 |   0.574 |   0.574 |      0 |
 |        239 |   65547819 |  -3088.432 |  -3760.449 |  101.155 |   12.710 |  0.62 |   0.549 |   0.549 |      0 |
 |        240 |   65823230 |  -3088.432 |  -3702.263 |   82.362 |   12.660 |  0.63 |   0.568 |   0.568 |      0 |
 |        241 |   66098641 |  -3088.432 |  -3641.640 |   96.115 |   12.598 |  0.64 |   0.518 |   0.518 |      0 |
 |        242 |   66374052 |  -3088.432 |  -3777.403 |   91.047 |   12.546 |  0.62 |   0.494 |   0.494 |      0 |
 |        243 |   66649463 |  -3088.432 |  -3745.561 |   85.605 |   12.491 |  0.62 |   0.427 |   0.427 |      0 |
 |        244 |   66924874 |  -3088.432 |  -3824.092 |   99.937 |   12.434 |  0.60 |   0.454 |   0.454 |      0 |
 |        245 |   67200285 |  -3088.432 |  -3853.423 |  106.968 |   12.385 |  0.60 |   0.502 |   0.502 |      0 |
 |        246 |   67475696 |  -3088.432 |  -3919.836 |  111.372 |   12.339 |  0.59 |   0.465 |   0.465 |      0 |
 |        247 |   67751107 |  -3088.432 |  -3744.662 |   81.061 |   12.296 |  0.62 |   0.478 |   0.478 |      0 |
 |        248 |   68026518 |  -3088.432 |  -3767.156 |   81.794 |   12.237 |  0.61 |   0.592 |   0.592 |      0 |
 |        249 |   68301929 |  -3088.432 |  -3631.988 |  106.494 |   12.179 |  0.63 |   0.443 |   0.443 |      0 |
 |        250 |   68577340 |  -3088.432 |  -3780.275 |   84.420 |   12.135 |  0.61 |   0.528 |   0.528 |      0 |
 |        251 |   68852751 |  -3088.432 |  -3879.675 |  101.596 |   12.080 |  0.60 |   0.433 |   0.433 |      0 |
 |        252 |   69128162 |  -3088.432 |  -3881.063 |   85.847 |   12.035 |  0.59 |   0.466 |   0.466 |      0 |
 |        253 |   69403573 |  -3088.432 |  -3716.021 |  103.131 |   11.981 |  0.62 |   0.563 |   0.563 |      0 |
 |        254 |   69678984 |  -3088.432 |  -3702.729 |   99.185 |   11.937 |  0.62 |   0.441 |   0.441 |      0 |
 |        255 |   69954395 |  -3088.432 |  -3763.316 |   98.407 |   11.892 |  0.61 |   0.549 |   0.549 |      0 |
 |        256 |   70229806 |  -3088.432 |  -3712.700 |  103.384 |   11.846 |  0.62 |   0.432 |   0.432 |      0 |
 |        257 |   70505217 |  -3088.432 |  -3827.304 |   79.411 |   11.803 |  0.60 |   0.477 |   0.477 |      0 |
 |        258 |   70780628 |  -3088.432 |  -3831.220 |  106.491 |   11.748 |  0.61 |   0.575 |   0.575 |      0 |
 |        259 |   71056039 |  -3088.432 |  -3693.405 |   97.816 |   11.707 |  0.62 |   0.562 |   0.562 |      0 |
 |        260 |   71331450 |  -3088.432 |  -3650.663 |   79.906 |   11.662 |  0.63 |   0.457 |   0.457 |      0 |
 |        261 |   71606861 |  -3088.432 |  -3617.078 |   94.602 |   11.609 |  0.63 |   0.467 |   0.467 |      0 |
 |        262 |   71882272 |  -3088.432 |  -3704.119 |   94.980 |   11.563 |  0.62 |   0.546 |   0.546 |      0 |
 |        263 |   72157683 |  -3088.432 |  -3665.174 |   83.705 |   11.519 |  0.62 |   0.552 |   0.552 |      0 |
 |        264 |   72433094 |  -3088.432 |  -3724.323 |   91.304 |   11.469 |  0.62 |   0.486 |   0.486 |      0 |
 |        265 |   72708505 |  -3088.432 |  -3715.003 |  110.020 |   11.423 |  0.62 |   0.471 |   0.471 |      0 |
 |        266 |   72983916 |  -3088.432 |  -3763.312 |   95.914 |   11.386 |  0.61 |   0.527 |   0.527 |      0 |
 |        267 |   73259327 |  -3088.432 |  -3639.771 |  118.806 |   11.343 |  0.63 |   0.540 |   0.540 |      0 |
 |        268 |   73534738 |  -3088.432 |  -3711.849 |  125.366 |   11.309 |  0.61 |   0.502 |   0.502 |      0 |
 |        269 |   73810149 |  -3088.432 |  -3809.035 |   74.342 |   11.276 |  0.60 |   0.502 |   0.502 |      0 |
 |        270 |   74085560 |  -3088.432 |  -3815.815 |   93.022 |   11.222 |  0.60 |   0.433 |   0.433 |      0 |
 |        271 |   74360971 |  -3088.432 |  -3671.187 |  117.364 |   11.179 |  0.62 |   0.526 |   0.526 |      0 |
 |        272 |   74636382 |  -3088.432 |  -3744.286 |   91.711 |   11.146 |  0.61 |   0.435 |   0.435 |      0 |
 |        273 |   74911793 |  -3088.432 |  -3797.421 |   77.543 |   11.103 |  0.60 |   0.538 |   0.538 |      0 |
 |        274 |   75187204 |  -3088.432 |  -3730.369 |   86.484 |   11.052 |  0.61 |   0.473 |   0.473 |      0 |
 |        275 |   75462615 |  -3088.432 |  -3849.108 |   75.541 |   11.008 |  0.59 |   0.486 |   0.486 |      0 |
 |        276 |   75738026 |  -3088.432 |  -3738.585 |  110.200 |   10.957 |  0.61 |   0.551 |   0.551 |      0 |
 |        277 |   76013437 |  -3088.432 |  -3646.745 |   75.421 |   10.923 |  0.63 |   0.505 |   0.505 |      0 |
 |        278 |   76288848 |  -3088.432 |  -3730.849 |   93.498 |   10.872 |  0.61 |   0.485 |   0.485 |      0 |
 |        279 |   76564259 |  -3088.432 |  -3737.001 |  107.053 |   10.832 |  0.60 |   0.444 |   0.444 |      0 |
 |        280 |   76839670 |  -3088.432 |  -3756.201 |   77.178 |   10.798 |  0.60 |   0.481 |   0.481 |      0 |
 |        281 |   77115081 |  -3088.432 |  -3785.792 |   73.056 |   10.750 |  0.60 |   0.498 |   0.498 |      0 |
 |        282 |   77390492 |  -3088.432 |  -3746.993 |  103.275 |   10.700 |  0.60 |   0.464 |   0.464 |      0 |
 |        283 |   77665903 |  -3088.432 |  -3618.927 |  138.586 |   10.665 |  0.62 |   0.433 |   0.433 |      0 |
 |        284 |   77941314 |  -3088.432 |  -3729.452 |  129.268 |   10.639 |  0.61 |   0.507 |   0.507 |      0 |
 |        285 |   78216725 |  -3088.432 |  -3650.095 |   88.301 |   10.611 |  0.62 |   0.483 |   0.483 |      0 |
 |        286 |   78492136 |  -3088.432 |  -3695.244 |   81.757 |   10.571 |  0.61 |   0.493 |   0.493 |      0 |
 |        287 |   78767547 |  -3088.432 |  -3692.665 |   84.927 |   10.527 |  0.61 |   0.464 |   0.464 |      0 |
 |        288 |   79042958 |  -3088.432 |  -3660.258 |  106.826 |   10.486 |  0.62 |   0.489 |   0.489 |      0 |
 |        289 |   79318369 |  -3088.432 |  -3750.992 |  155.078 |   10.454 |  0.60 |   0.528 |   0.528 |      0 |
 |        290 |   79593780 |  -3088.432 |  -3555.115 |   96.330 |   10.431 |  0.63 |   0.441 |   0.441 |      0 |
 |        291 |   79869191 |  -3088.432 |  -3661.266 |   95.442 |   10.395 |  0.61 |   0.553 |   0.553 |      0 |
 |        292 |   80144602 |  -3088.432 |  -3695.130 |   95.599 |   10.360 |  0.61 |   0.425 |   0.425 |      0 |
 |        293 |   80420013 |  -3088.432 |  -3611.225 |  109.744 |   10.324 |  0.61 |   0.529 |   0.529 |      0 |
 |        294 |   80695424 |  -3088.432 |  -3654.074 |  112.991 |   10.293 |  0.61 |   0.529 |   0.529 |      0 |
 |        295 |   80970835 |  -3088.432 |  -3625.354 |   84.329 |   10.264 |  0.62 |   0.538 |   0.538 |      0 |
 |        296 |   81246246 |  -3088.432 |  -3725.469 |   91.535 |   10.224 |  0.60 |   0.424 |   0.424 |      0 |
 |        297 |   81521657 |  -3088.432 |  -3675.048 |  110.681 |   10.188 |  0.61 |   0.413 |   0.413 |      0 |
 |        298 |   81797068 |  -3088.432 |  -3678.382 |   87.525 |   10.158 |  0.61 |   0.546 |   0.546 |      0 |
 |        299 |   82072479 |  -3088.432 |  -3622.971 |   88.372 |   10.121 |  0.62 |   0.451 |   0.451 |      0 |
 |        300 |   82347890 |  -3088.432 |  -3646.481 |   85.062 |   10.084 |  0.61 |   0.586 |   0.586 |      0 |
 |        301 |   82623301 |  -3088.432 |  -3669.363 |   86.626 |   10.046 |  0.61 |   0.395 |   0.395 |      0 |
 |        302 |   82898712 |  -3088.432 |  -3707.362 |   85.276 |   10.010 |  0.60 |   0.494 |   0.494 |      0 |
 |        303 |   83174123 |  -3088.432 |  -3642.422 |   71.046 |    9.972 |  0.61 |   0.504 |   0.504 |      0 |
 |        304 |   83449534 |  -3088.432 |  -3590.727 |   81.914 |    9.928 |  0.62 |   0.543 |   0.543 |      0 |
 |        305 |   83724945 |  -3088.432 |  -3679.597 |  153.935 |    9.890 |  0.61 |   0.470 |   0.470 |      0 |
 |        306 |   84000356 |  -3088.432 |  -3716.494 |  106.886 |    9.870 |  0.60 |   0.523 |   0.523 |      0 |
 |        307 |   84275767 |  -3088.432 |  -3580.389 |  106.819 |    9.841 |  0.62 |   0.570 |   0.570 |      0 |
 |        308 |   84551178 |  -3088.432 |  -3506.930 |   93.925 |    9.812 |  0.63 |   0.443 |   0.443 |      0 |
 |        309 |   84826589 |  -3088.432 |  -3622.178 |  102.197 |    9.780 |  0.61 |   0.455 |   0.455 |      0 |
 |        310 |   85102000 |  -3088.432 |  -3643.058 |   79.181 |    9.750 |  0.61 |   0.541 |   0.541 |      0 |
 |        311 |   85377411 |  -3088.432 |  -3656.014 |   68.744 |    9.712 |  0.61 |   0.527 |   0.527 |      0 |
 |        312 |   85652822 |  -3088.432 |  -3547.421 |   88.925 |    9.669 |  0.62 |   0.436 |   0.436 |      0 |
 |        313 |   85928233 |  -3088.432 |  -3674.219 |   81.618 |    9.635 |  0.60 |   0.458 |   0.458 |      0 |
 |        314 |   86203644 |  -3088.432 |  -3617.986 |   90.257 |    9.599 |  0.61 |   0.515 |   0.515 |      0 |
 |        315 |   86479055 |  -3088.432 |  -3613.510 |  110.508 |    9.567 |  0.61 |   0.571 |   0.571 |      0 |
 |        316 |   86754466 |  -3088.432 |  -3512.253 |   93.456 |    9.541 |  0.62 |   0.485 |   0.485 |      0 |
 |        317 |   87029877 |  -3088.432 |  -3589.394 |   85.684 |    9.510 |  0.61 |   0.532 |   0.532 |      0 |
 |        318 |   87305288 |  -3088.432 |  -3640.481 |   88.216 |    9.477 |  0.61 |   0.506 |   0.506 |      0 |
 |        319 |   87580699 |  -3088.432 |  -3623.375 |   78.278 |    9.444 |  0.61 |   0.489 |   0.489 |      0 |
 |        320 |   87856110 |  -3088.432 |  -3593.540 |   89.112 |    9.408 |  0.61 |   0.429 |   0.429 |      0 |
 |        321 |   88131521 |  -3088.432 |  -3579.633 |  111.429 |    9.377 |  0.61 |   0.465 |   0.465 |      0 |
 |        322 |   88406932 |  -3088.432 |  -3598.571 |   98.561 |    9.352 |  0.61 |   0.495 |   0.495 |      0 |
 |        323 |   88682343 |  -3088.432 |  -3543.183 |   86.459 |    9.324 |  0.62 |   0.480 |   0.480 |      0 |
 |        324 |   88957754 |  -3088.432 |  -3704.170 |   78.565 |    9.292 |  0.59 |   0.438 |   0.438 |      0 |
 |        325 |   89233165 |  -3088.432 |  -3670.683 |   80.756 |    9.257 |  0.60 |   0.438 |   0.438 |      0 |
 |        326 |   89508576 |  -3088.432 |  -3762.000 |   97.881 |    9.224 |  0.58 |   0.452 |   0.452 |      0 |
 |        327 |   89783987 |  -3088.432 |  -3728.395 |   85.992 |    9.196 |  0.59 |   0.506 |   0.506 |      0 |
 |        328 |   90059398 |  -3088.432 |  -3688.022 |   73.482 |    9.165 |  0.59 |   0.548 |   0.548 |      0 |
 |        329 |   90334809 |  -3088.432 |  -3615.351 |   76.711 |    9.129 |  0.60 |   0.532 |   0.532 |      0 |
 |        330 |   90610220 |  -3088.432 |  -3549.908 |   82.546 |    9.094 |  0.61 |   0.576 |   0.576 |      0 |
 |        331 |   90885631 |  -3088.432 |  -3610.124 |   96.010 |    9.063 |  0.60 |   0.522 |   0.522 |      0 |
 |        332 |   91161042 |  -3088.432 |  -3643.231 |   75.647 |    9.036 |  0.60 |   0.443 |   0.443 |      0 |
 |        333 |   91436453 |  -3088.432 |  -3734.037 |  115.696 |    9.001 |  0.58 |   0.543 |   0.543 |      0 |
 |        334 |   91711864 |  -3088.432 |  -3565.260 |   95.255 |    8.979 |  0.61 |   0.452 |   0.452 |      0 |
 |        335 |   91987275 |  -3088.432 |  -3523.906 |   73.879 |    8.952 |  0.61 |   0.556 |   0.556 |      0 |
 |        336 |   92262686 |  -3088.432 |  -3518.745 |   93.522 |    8.918 |  0.61 |   0.396 |   0.396 |      0 |
 |        337 |   92538097 |  -3088.432 |  -3657.668 |   79.586 |    8.891 |  0.60 |   0.535 |   0.535 |      0 |
 |        338 |   92813508 |  -3088.432 |  -3657.394 |   80.507 |    8.860 |  0.59 |   0.506 |   0.506 |      0 |
 |        339 |   93088919 |  -3088.432 |  -3626.559 |   80.205 |    8.829 |  0.60 |   0.524 |   0.524 |      0 |
 |        340 |   93364330 |  -3088.432 |  -3604.883 |   84.457 |    8.798 |  0.60 |   0.576 |   0.576 |      0 |
 |        341 |   93639741 |  -3088.432 |  -3629.125 |  117.891 |    8.769 |  0.59 |   0.622 |   0.622 |      0 |
 |        342 |   93915152 |  -3088.432 |  -3608.074 |   97.134 |    8.748 |  0.59 |   0.510 |   0.510 |      0 |
 |        343 |   94190563 |  -3088.432 |  -3569.699 |   85.175 |    8.723 |  0.60 |   0.470 |   0.470 |      0 |
 |        344 |   94465974 |  -3088.432 |  -3595.357 |   91.362 |    8.695 |  0.60 |   0.498 |   0.498 |      0 |
 |        345 |   94741385 |  -3088.432 |  -3577.467 |   89.658 |    8.669 |  0.60 |   0.484 |   0.484 |      0 |
 |        346 |   95016796 |  -3088.432 |  -3605.245 |   89.096 |    8.642 |  0.60 |   0.513 |   0.513 |      0 |
 |        347 |   95292207 |  -3088.432 |  -3610.308 |   90.139 |    8.616 |  0.60 |   0.527 |   0.527 |      0 |
 |        348 |   95567618 |  -3088.432 |  -3640.780 |   79.500 |    8.590 |  0.59 |   0.467 |   0.467 |      0 |
 |        349 |   95843029 |  -3088.432 |  -3496.001 |  105.440 |    8.560 |  0.61 |   0.538 |   0.538 |      0 |
 |        350 |   96118440 |  -3088.432 |  -3488.390 |   91.256 |    8.538 |  0.61 |   0.447 |   0.447 |      0 |
 |        351 |   96393851 |  -3088.432 |  -3502.595 |   71.764 |    8.513 |  0.61 |   0.545 |   0.545 |      0 |
 |        352 |   96669262 |  -3088.432 |  -3516.391 |   95.916 |    8.481 |  0.61 |   0.606 |   0.606 |      0 |
 |        353 |   96944673 |  -3088.432 |  -3513.700 |   86.334 |    8.457 |  0.60 |   0.546 |   0.546 |      0 |
 |        354 |   97220084 |  -3088.432 |  -3491.190 |   86.704 |    8.431 |  0.61 |   0.620 |   0.620 |      0 |
 |        355 |   97495495 |  -3088.432 |  -3490.372 |  109.932 |    8.405 |  0.61 |   0.508 |   0.508 |      0 |
 |        356 |   97770906 |  -3088.432 |  -3573.992 |  101.167 |    8.385 |  0.60 |   0.502 |   0.502 |      0 |
 |        357 |   98046317 |  -3088.432 |  -3610.258 |   80.173 |    8.363 |  0.59 |   0.535 |   0.535 |      0 |
 |        358 |   98321728 |  -3088.432 |  -3532.358 |   96.038 |    8.335 |  0.60 |   0.576 |   0.576 |      0 |
 |        359 |   98597139 |  -3088.432 |  -3530.665 |   85.698 |    8.312 |  0.60 |   0.505 |   0.505 |      0 |
 |        360 |   98872550 |  -3088.432 |  -3537.845 |   85.361 |    8.287 |  0.60 |   0.544 |   0.544 |      0 |
 |        361 |   99147961 |  -3088.432 |  -3558.274 |  106.618 |    8.261 |  0.60 |   0.440 |   0.440 |      0 |
 |        362 |   99423372 |  -3088.432 |  -3584.117 |   83.976 |    8.241 |  0.59 |   0.531 |   0.531 |      0 |
 |        363 |   99698783 |  -3088.432 |  -3492.567 |   83.778 |    8.215 |  0.60 |   0.536 |   0.536 |      0 |
 +------------+------------+------------+------------+----------+----------+-------+---------+---------+--------+

Time Chain 0: 405.000000
Time Chain 1: 410.000000
