Software Version            : FRANz 1.2.3
Dataset                     : cloneless
Time of Data Analysis       : Sat Nov 23 15:37:57 2024


*** MCMC Parameters ***

Seed                         : 1732401457
Update Allele Frequencies    : No
Gibbs sample missing data    : No
Check for Pedigree cycles    : Yes


*** Simulated Annealing specific Parameters ***

Initial acceptance rate chi  : 0.950
Neighborhood Size Factor beta: 3.000
Increment delta              : 0.100000
Converge event number        : 3
Converge tolerance epsilon   : 0.001

Calculated Parameters     
  Neighboorhood Size         : 91804
  Initial temperature c0     : 114.000000


*** Metropolis Hastings specific Parameters ***

Burnin Iterations            : 500000
Iterations                   : 3000000
Sample frequency             : 10
MCMCMC Swap frequency        : 25
MCMCMC Number of swaps       : -1 (-1 == number threads)
MCMCMC Temperature           : 0.500


*** Data Parameters ***

  Nfmax                      : 10000
  Nmmax                      : 10000

 +------------+------------+------------+------------+----------+----------+-------+---------+---------+--------+
 |      Stage |  Iteration | Best Score |    Average |    Sigma |     Temp | Ratio |     x_f |     x_m | Thread |
 +------------+------------+------------+------------+----------+----------+-------+---------+---------+--------+
 |          1 |          0 |  -3725.630 |  -4166.763 |  154.313 |  114.000 |  0.66 |   0.301 |   0.301 |      0 |
 |          2 |     275412 |  -3645.051 |  -4015.065 |  108.219 |  111.386 |  0.69 |   0.397 |   0.397 |      0 |
 |          3 |     550823 |  -3632.340 |  -4103.179 |  162.494 |  107.859 |  0.68 |   0.398 |   0.398 |      0 |
 |          4 |     826234 |  -3632.340 |  -4206.477 |  213.908 |  105.631 |  0.65 |   0.765 |   0.765 |      0 |
 |          5 |    1101645 |  -3630.128 |  -4044.632 |  142.640 |  104.000 |  0.69 |   0.476 |   0.476 |      0 |
 |          6 |    1377056 |  -3630.128 |  -4005.004 |  120.219 |  101.645 |  0.70 |   0.938 |   0.938 |      0 |
 |          7 |    1652467 |  -3630.128 |  -4208.206 |  144.574 |   98.986 |  0.64 |   0.462 |   0.462 |      0 |
 |          8 |    1927878 |  -3613.807 |  -4031.942 |  136.589 |   96.879 |  0.68 |   0.553 |   0.553 |      0 |
 |          9 |    2203289 |  -3613.807 |  -4026.593 |  130.393 |   94.744 |  0.69 |   0.445 |   0.445 |      0 |
 |         10 |    2478700 |  -3613.807 |  -4037.825 |  142.600 |   92.606 |  0.69 |   1.234 |   1.234 |      0 |
 |         11 |    2754111 |  -3613.807 |  -3961.455 |  104.422 |   90.734 |  0.71 |   0.586 |   0.586 |      0 |
 |         12 |    3029522 |  -3564.078 |  -4059.320 |  139.568 |   88.297 |  0.68 |   0.434 |   0.434 |      0 |
 |         13 |    3304933 |  -3564.078 |  -4117.110 |  172.899 |   86.557 |  0.66 |   0.522 |   0.522 |      0 |
 |         14 |    3580344 |  -3564.078 |  -4104.709 |  112.760 |   85.202 |  0.66 |   0.494 |   0.494 |      0 |
 |         15 |    3855755 |  -3564.078 |  -4123.518 |  172.467 |   83.205 |  0.66 |   0.622 |   0.622 |      0 |
 |         16 |    4131166 |  -3564.078 |  -4064.660 |  120.329 |   81.948 |  0.67 |   0.599 |   0.599 |      0 |
 |         17 |    4406577 |  -3564.078 |  -4110.958 |  166.212 |   80.213 |  0.66 |   0.614 |   0.614 |      0 |
 |         18 |    4681988 |  -3564.078 |  -3983.070 |  119.233 |   79.002 |  0.69 |   0.385 |   0.385 |      0 |
 |         19 |    4957399 |  -3564.078 |  -4116.217 |  126.803 |   77.373 |  0.66 |   0.365 |   0.365 |      0 |
 |         20 |    5232810 |  -3564.078 |  -4167.892 |  176.621 |   75.902 |  0.65 |   0.701 |   0.701 |      0 |
 |         21 |    5508221 |  -3557.083 |  -3979.084 |  114.744 |   74.879 |  0.69 |   0.509 |   0.509 |      0 |
 |         22 |    5783632 |  -3557.083 |  -4172.823 |   98.379 |   73.358 |  0.65 |   0.627 |   0.627 |      0 |
 |         23 |    6059043 |  -3557.083 |  -4048.585 |  112.429 |   71.661 |  0.66 |   0.585 |   0.585 |      0 |
 |         24 |    6334454 |  -3557.083 |  -3939.832 |  101.208 |   70.238 |  0.70 |   0.673 |   0.673 |      0 |
 |         25 |    6609865 |  -3557.083 |  -4071.207 |  129.780 |   68.723 |  0.68 |   0.659 |   0.659 |      0 |
 |         26 |    6885276 |  -3520.026 |  -4041.528 |  164.440 |   67.586 |  0.67 |   0.425 |   0.425 |      0 |
 |         27 |    7160687 |  -3520.026 |  -4016.167 |  128.239 |   66.715 |  0.67 |   0.537 |   0.537 |      0 |
 |         28 |    7436098 |  -3520.026 |  -4114.824 |  109.143 |   65.630 |  0.66 |   0.497 |   0.497 |      0 |
 |         29 |    7711509 |  -3520.026 |  -4004.383 |  117.543 |   64.400 |  0.69 |   0.601 |   0.601 |      0 |
 |         30 |    7986920 |  -3520.026 |  -4016.699 |  136.852 |   63.298 |  0.68 |   0.499 |   0.499 |      0 |
 |         31 |    8262331 |  -3520.026 |  -4105.461 |  146.721 |   62.382 |  0.65 |   0.394 |   0.394 |      0 |
 |         32 |    8537742 |  -3520.026 |  -3936.944 |  107.951 |   61.550 |  0.70 |   0.615 |   0.615 |      0 |
 |         33 |    8813153 |  -3520.026 |  -3988.595 |  119.011 |   60.455 |  0.68 |   0.401 |   0.401 |      0 |
 |         34 |    9088564 |  -3520.026 |  -4441.909 |  134.071 |   59.495 |  0.58 |   0.471 |   0.471 |      0 |
 |         35 |    9363975 |  -3520.026 |  -4345.686 |  157.665 |   58.668 |  0.60 |   0.487 |   0.487 |      0 |
 |         36 |    9639386 |  -3520.026 |  -4239.787 |  167.549 |   57.982 |  0.62 |   0.601 |   0.601 |      0 |
 |         37 |    9914797 |  -3520.026 |  -4032.003 |  144.025 |   57.352 |  0.67 |   0.569 |   0.569 |      0 |
 |         38 |   10190208 |  -3520.026 |  -3990.372 |  128.057 |   56.635 |  0.68 |   0.461 |   0.461 |      0 |
 |         39 |   10465619 |  -3520.026 |  -4192.447 |  112.014 |   55.850 |  0.63 |   0.464 |   0.464 |      0 |
 |         40 |   10741030 |  -3520.026 |  -3930.837 |  126.580 |   54.980 |  0.69 |   0.433 |   0.433 |      0 |
 |         41 |   11016441 |  -3520.026 |  -3963.302 |  103.054 |   54.231 |  0.68 |   0.553 |   0.553 |      0 |
 |         42 |   11291852 |  -3520.026 |  -3973.973 |  118.534 |   53.339 |  0.68 |   0.454 |   0.454 |      0 |
 |         43 |   11567263 |  -3520.026 |  -4180.353 |  146.396 |   52.588 |  0.63 |   0.452 |   0.452 |      0 |
 |         44 |   11842674 |  -3520.026 |  -4121.803 |  191.007 |   51.994 |  0.65 |   0.321 |   0.321 |      0 |
 |         45 |   12118085 |  -3520.026 |  -4092.268 |  129.548 |   51.548 |  0.65 |   0.458 |   0.458 |      0 |
 |         46 |   12393496 |  -3520.026 |  -4150.501 |   87.841 |   50.905 |  0.64 |   0.576 |   0.576 |      0 |
 |         47 |   12668907 |  -3520.026 |  -4007.988 |  136.303 |   49.985 |  0.67 |   0.610 |   0.610 |      0 |
 |         48 |   12944318 |  -3520.026 |  -3995.886 |   88.656 |   49.409 |  0.67 |   0.503 |   0.503 |      0 |
 |         49 |   13219729 |  -3520.026 |  -3989.853 |  119.944 |   48.549 |  0.67 |   0.641 |   0.641 |      0 |
 |         50 |   13495140 |  -3491.885 |  -3970.090 |  144.052 |   47.933 |  0.67 |   0.481 |   0.481 |      0 |
 |         51 |   13770551 |  -3491.885 |  -4138.430 |  113.770 |   47.432 |  0.63 |   0.398 |   0.398 |      0 |
 |         52 |   14045962 |  -3491.885 |  -4104.031 |  207.112 |   46.812 |  0.65 |   0.620 |   0.620 |      0 |
 |         53 |   14321373 |  -3491.885 |  -4071.408 |  182.388 |   46.478 |  0.65 |   0.495 |   0.495 |      0 |
 |         54 |   14596784 |  -3491.885 |  -4179.594 |  148.833 |   46.105 |  0.63 |   0.394 |   0.394 |      0 |
 |         55 |   14872195 |  -3491.885 |  -4084.087 |  162.328 |   45.655 |  0.65 |   0.446 |   0.446 |      0 |
 |         56 |   15147606 |  -3491.885 |  -4189.257 |  181.713 |   45.251 |  0.63 |   0.378 |   0.378 |      0 |
 |         57 |   15423017 |  -3491.885 |  -4153.450 |  138.857 |   44.896 |  0.63 |   0.593 |   0.593 |      0 |
 |         58 |   15698428 |  -3491.885 |  -4070.846 |  165.702 |   44.439 |  0.65 |   0.571 |   0.571 |      0 |
 |         59 |   15973839 |  -3491.885 |  -4022.327 |  115.504 |   44.064 |  0.66 |   0.373 |   0.373 |      0 |
 |         60 |   16249250 |  -3491.885 |  -4151.809 |  118.534 |   43.536 |  0.63 |   0.540 |   0.540 |      0 |
 |         61 |   16524661 |  -3491.885 |  -3970.918 |  115.400 |   43.034 |  0.67 |   0.441 |   0.441 |      0 |
 |         62 |   16800072 |  -3491.885 |  -4171.662 |   95.165 |   42.530 |  0.62 |   0.760 |   0.760 |      0 |
 |         63 |   17075483 |  -3491.885 |  -4047.865 |  107.469 |   41.935 |  0.65 |   0.421 |   0.421 |      0 |
 |         64 |   17350894 |  -3491.885 |  -4036.568 |   95.627 |   41.421 |  0.65 |   0.531 |   0.531 |      0 |
 |         65 |   17626305 |  -3491.885 |  -3989.561 |   97.556 |   40.859 |  0.66 |   0.529 |   0.529 |      0 |
 |         66 |   17901716 |  -3491.885 |  -3955.769 |  109.865 |   40.322 |  0.66 |   0.543 |   0.543 |      0 |
 |         67 |   18177127 |  -3491.885 |  -4007.599 |  133.879 |   39.858 |  0.66 |   0.565 |   0.565 |      0 |
 |         68 |   18452538 |  -3491.885 |  -4086.107 |  107.296 |   39.484 |  0.64 |   0.405 |   0.405 |      0 |
 |         69 |   18727949 |  -3491.885 |  -4051.091 |  123.707 |   39.028 |  0.65 |   0.498 |   0.498 |      0 |
 |         70 |   19003360 |  -3491.885 |  -3995.172 |  129.592 |   38.641 |  0.66 |   0.820 |   0.820 |      0 |
 |         71 |   19278771 |  -3491.885 |  -3955.797 |  135.807 |   38.278 |  0.67 |   0.682 |   0.682 |      0 |
 |         72 |   19554182 |  -3491.885 |  -3983.967 |  158.112 |   37.938 |  0.66 |   0.408 |   0.408 |      0 |
 |         73 |   19829593 |  -3491.885 |  -4117.400 |  140.682 |   37.651 |  0.63 |   0.550 |   0.550 |      0 |
 |         74 |   20105004 |  -3491.885 |  -4003.445 |  129.677 |   37.334 |  0.66 |   0.440 |   0.440 |      0 |
 |         75 |   20380415 |  -3491.885 |  -4020.684 |   99.243 |   36.995 |  0.66 |   0.567 |   0.567 |      0 |
 |         76 |   20655826 |  -3491.885 |  -4045.215 |  108.273 |   36.562 |  0.64 |   0.506 |   0.506 |      0 |
 |         77 |   20931237 |  -3491.885 |  -4042.658 |  153.243 |   36.174 |  0.65 |   0.684 |   0.684 |      0 |
 |         78 |   21206648 |  -3491.885 |  -4029.625 |  108.624 |   35.905 |  0.65 |   0.588 |   0.588 |      0 |
 |         79 |   21482059 |  -3491.885 |  -3990.919 |  153.694 |   35.532 |  0.66 |   0.605 |   0.605 |      0 |
 |         80 |   21757470 |  -3491.885 |  -4108.482 |  107.647 |   35.273 |  0.63 |   0.567 |   0.567 |      0 |
 |         81 |   22032881 |  -3491.885 |  -4016.480 |  103.789 |   34.909 |  0.65 |   0.579 |   0.579 |      0 |
 |         82 |   22308292 |  -3491.885 |  -3908.760 |  101.834 |   34.540 |  0.67 |   0.427 |   0.427 |      0 |
 |         83 |   22583703 |  -3491.885 |  -3974.604 |  120.611 |   34.172 |  0.66 |   0.848 |   0.848 |      0 |
 |         84 |   22859114 |  -3491.885 |  -4045.879 |  187.498 |   33.867 |  0.64 |   0.417 |   0.417 |      0 |
 |         85 |   23134525 |  -3491.885 |  -4278.079 |  101.065 |   33.674 |  0.60 |   0.550 |   0.550 |      0 |
 |         86 |   23409936 |  -3491.885 |  -3996.608 |  105.305 |   33.321 |  0.65 |   0.494 |   0.494 |      0 |
 |         87 |   23685347 |  -3491.885 |  -4099.037 |  127.710 |   32.990 |  0.63 |   0.558 |   0.558 |      0 |
 |         88 |   23960758 |  -3491.885 |  -4094.061 |   96.732 |   32.721 |  0.63 |   0.402 |   0.402 |      0 |
 |         89 |   24236169 |  -3491.885 |  -4081.809 |   93.330 |   32.373 |  0.63 |   0.377 |   0.377 |      0 |
 |         90 |   24511580 |  -3491.885 |  -4125.647 |  123.704 |   32.020 |  0.62 |   0.451 |   0.451 |      0 |
 |         91 |   24786991 |  -3491.885 |  -4045.538 |   94.114 |   31.759 |  0.64 |   0.479 |   0.479 |      0 |
 |         92 |   25062402 |  -3491.885 |  -4143.864 |  114.485 |   31.422 |  0.62 |   0.522 |   0.522 |      0 |
 |         93 |   25337813 |  -3491.885 |  -4014.384 |   94.752 |   31.151 |  0.64 |   0.488 |   0.488 |      0 |
 |         94 |   25613224 |  -3491.885 |  -3906.691 |   89.526 |   30.829 |  0.67 |   0.487 |   0.487 |      0 |
 |         95 |   25888635 |  -3491.885 |  -3989.230 |  128.221 |   30.495 |  0.65 |   0.743 |   0.743 |      0 |
 |         96 |   26164046 |  -3491.885 |  -3953.849 |  132.202 |   30.266 |  0.65 |   0.570 |   0.570 |      0 |
 |         97 |   26439457 |  -3491.885 |  -3916.764 |  103.165 |   30.048 |  0.66 |   0.592 |   0.592 |      0 |
 |         98 |   26714868 |  -3491.885 |  -3909.592 |  115.574 |   29.772 |  0.66 |   0.394 |   0.394 |      0 |
 |         99 |   26990279 |  -3491.885 |  -4158.790 |  106.546 |   29.531 |  0.61 |   0.485 |   0.485 |      0 |
 |        100 |   27265690 |  -3491.885 |  -3995.903 |   90.392 |   29.273 |  0.65 |   0.544 |   0.544 |      0 |
 |        101 |   27541101 |  -3491.885 |  -3950.024 |  101.204 |   28.975 |  0.66 |   0.493 |   0.493 |      0 |
 |        102 |   27816512 |  -3491.885 |  -4068.451 |  118.108 |   28.714 |  0.63 |   0.415 |   0.415 |      0 |
 |        103 |   28091923 |  -3491.885 |  -4133.746 |  107.833 |   28.494 |  0.62 |   0.410 |   0.410 |      0 |
 |        104 |   28367334 |  -3491.885 |  -4049.393 |  151.940 |   28.256 |  0.64 |   0.491 |   0.491 |      0 |
 |        105 |   28642745 |  -3491.885 |  -3969.231 |   89.003 |   28.090 |  0.65 |   0.535 |   0.535 |      0 |
 |        106 |   28918156 |  -3491.885 |  -3969.843 |   95.300 |   27.812 |  0.64 |   0.559 |   0.559 |      0 |
 |        107 |   29193567 |  -3491.885 |  -3899.994 |   89.539 |   27.556 |  0.66 |   0.533 |   0.533 |      0 |
 |        108 |   29468978 |  -3491.885 |  -4061.874 |  108.695 |   27.289 |  0.62 |   0.467 |   0.467 |      0 |
 |        109 |   29744389 |  -3491.885 |  -4081.798 |   86.362 |   27.073 |  0.63 |   0.495 |   0.495 |      0 |
 |        110 |   30019800 |  -3491.885 |  -4009.215 |  101.692 |   26.806 |  0.63 |   0.463 |   0.463 |      0 |
 |        111 |   30295211 |  -3491.885 |  -3920.810 |   85.658 |   26.584 |  0.65 |   0.454 |   0.454 |      0 |
 |        112 |   30570622 |  -3491.885 |  -4070.806 |   89.323 |   26.324 |  0.62 |   0.457 |   0.457 |      0 |
 |        113 |   30846033 |  -3491.885 |  -4108.428 |   87.345 |   26.080 |  0.62 |   0.499 |   0.499 |      0 |
 |        114 |   31121444 |  -3491.885 |  -4018.873 |  120.893 |   25.835 |  0.63 |   0.445 |   0.445 |      0 |
 |        115 |   31396855 |  -3491.885 |  -4039.037 |  101.157 |   25.661 |  0.63 |   0.489 |   0.489 |      0 |
 |        116 |   31672266 |  -3491.885 |  -4051.913 |  114.041 |   25.455 |  0.63 |   0.441 |   0.441 |      0 |
 |        117 |   31947677 |  -3491.885 |  -4068.794 |   85.758 |   25.276 |  0.62 |   0.412 |   0.412 |      0 |
 |        118 |   32223088 |  -3491.885 |  -4145.969 |  117.265 |   25.042 |  0.60 |   0.478 |   0.478 |      0 |
 |        119 |   32498499 |  -3491.885 |  -4041.802 |  144.164 |   24.873 |  0.62 |   0.471 |   0.471 |      0 |
 |        120 |   32773910 |  -3491.885 |  -3969.206 |   98.295 |   24.737 |  0.64 |   0.385 |   0.385 |      0 |
 |        121 |   33049321 |  -3491.885 |  -3972.890 |   96.555 |   24.541 |  0.64 |   0.559 |   0.559 |      0 |
 |        122 |   33324732 |  -3491.885 |  -3934.701 |  113.539 |   24.345 |  0.64 |   0.472 |   0.472 |      0 |
 |        123 |   33600143 |  -3491.885 |  -4036.490 |   86.270 |   24.180 |  0.62 |   0.476 |   0.476 |      0 |
 |        124 |   33875554 |  -3491.885 |  -4011.117 |  120.752 |   23.966 |  0.63 |   0.420 |   0.420 |      0 |
 |        125 |   34150965 |  -3491.885 |  -3991.929 |  100.909 |   23.816 |  0.63 |   0.511 |   0.511 |      0 |
 |        126 |   34426376 |  -3491.885 |  -3965.640 |   98.182 |   23.639 |  0.63 |   0.539 |   0.539 |      0 |
 |        127 |   34701787 |  -3491.885 |  -4048.481 |   91.112 |   23.460 |  0.62 |   0.447 |   0.447 |      0 |
 |        128 |   34977198 |  -3491.885 |  -4090.134 |   91.535 |   23.269 |  0.61 |   0.441 |   0.441 |      0 |
 |        129 |   35252609 |  -3491.885 |  -4017.199 |   95.739 |   23.083 |  0.63 |   0.538 |   0.538 |      0 |
 |        130 |   35528020 |  -3491.885 |  -4098.884 |  106.577 |   22.907 |  0.61 |   0.497 |   0.497 |      0 |
 |        131 |   35803431 |  -3491.885 |  -4038.765 |   84.389 |   22.752 |  0.62 |   0.469 |   0.469 |      0 |
 |        132 |   36078842 |  -3491.885 |  -4043.774 |   85.172 |   22.559 |  0.62 |   0.398 |   0.398 |      0 |
 |        133 |   36354253 |  -3491.885 |  -4002.944 |   94.470 |   22.371 |  0.63 |   0.533 |   0.533 |      0 |
 |        134 |   36629664 |  -3491.885 |  -3973.032 |   99.920 |   22.203 |  0.63 |   0.424 |   0.424 |      0 |
 |        135 |   36905075 |  -3491.885 |  -4013.959 |   94.640 |   22.048 |  0.62 |   0.408 |   0.408 |      0 |
 |        136 |   37180486 |  -3491.885 |  -3920.055 |  106.184 |   21.886 |  0.64 |   0.458 |   0.458 |      0 |
 |        137 |   37455897 |  -3491.885 |  -4176.283 |   78.786 |   21.743 |  0.59 |   0.519 |   0.519 |      0 |
 |        138 |   37731308 |  -3491.885 |  -4069.793 |   98.307 |   21.554 |  0.62 |   0.541 |   0.541 |      0 |
 |        139 |   38006719 |  -3491.885 |  -3986.993 |   83.672 |   21.405 |  0.63 |   0.463 |   0.463 |      0 |
 |        140 |   38282130 |  -3491.885 |  -3981.503 |  101.322 |   21.233 |  0.63 |   0.475 |   0.475 |      0 |
 |        141 |   38557541 |  -3491.885 |  -3941.577 |   90.991 |   21.092 |  0.64 |   0.434 |   0.434 |      0 |
 |        142 |   38832952 |  -3486.191 |  -3916.820 |  103.337 |   20.938 |  0.64 |   0.582 |   0.582 |      0 |
 |        143 |   39108363 |  -3486.191 |  -3893.731 |   90.544 |   20.804 |  0.64 |   0.497 |   0.497 |      0 |
 |        144 |   39383774 |  -3486.191 |  -3984.923 |  111.296 |   20.654 |  0.63 |   0.416 |   0.416 |      0 |
 |        145 |   39659185 |  -3486.191 |  -3852.022 |   94.774 |   20.532 |  0.65 |   0.566 |   0.566 |      0 |
 |        146 |   39934596 |  -3486.191 |  -4014.429 |  147.677 |   20.392 |  0.62 |   0.470 |   0.470 |      0 |
 |        147 |   40210007 |  -3486.191 |  -4005.621 |   89.302 |   20.303 |  0.62 |   0.455 |   0.455 |      0 |
 |        148 |   40485418 |  -3486.191 |  -3908.154 |   96.673 |   20.157 |  0.63 |   0.470 |   0.470 |      0 |
 |        149 |   40760829 |  -3486.191 |  -4085.802 |   96.079 |   20.025 |  0.60 |   0.442 |   0.442 |      0 |
 |        150 |   41036240 |  -3486.191 |  -3907.473 |  102.073 |   19.893 |  0.63 |   0.484 |   0.484 |      0 |
 |        151 |   41311651 |  -3486.191 |  -3886.425 |  107.523 |   19.771 |  0.64 |   0.433 |   0.433 |      0 |
 |        152 |   41587062 |  -3486.191 |  -3906.608 |  102.566 |   19.656 |  0.64 |   0.437 |   0.437 |      0 |
 |        153 |   41862473 |  -3486.191 |  -3917.737 |   88.006 |   19.537 |  0.63 |   0.497 |   0.497 |      0 |
 |        154 |   42137884 |  -3486.191 |  -3903.972 |  107.311 |   19.400 |  0.64 |   0.552 |   0.552 |      0 |
 |        155 |   42413295 |  -3486.191 |  -3873.059 |   91.023 |   19.289 |  0.64 |   0.530 |   0.530 |      0 |
 |        156 |   42688706 |  -3486.191 |  -3912.840 |  112.965 |   19.160 |  0.63 |   0.496 |   0.496 |      0 |
 |        157 |   42964117 |  -3486.191 |  -3859.368 |  106.704 |   19.058 |  0.64 |   0.457 |   0.457 |      0 |
 |        158 |   43239528 |  -3486.191 |  -3938.336 |   99.617 |   18.950 |  0.63 |   0.508 |   0.508 |      0 |
 |        159 |   43514939 |  -3486.191 |  -3906.590 |  104.249 |   18.836 |  0.63 |   0.409 |   0.409 |      0 |
 |        160 |   43790350 |  -3486.191 |  -3903.683 |  113.240 |   18.729 |  0.64 |   0.499 |   0.499 |      0 |
 |        161 |   44065761 |  -3486.191 |  -3904.265 |  118.165 |   18.631 |  0.63 |   0.465 |   0.465 |      0 |
 |        162 |   44341172 |  -3486.191 |  -3957.651 |  138.104 |   18.538 |  0.62 |   0.407 |   0.407 |      0 |
 |        163 |   44616583 |  -3486.191 |  -3994.423 |  106.025 |   18.459 |  0.61 |   0.406 |   0.406 |      0 |
 |        164 |   44891994 |  -3486.191 |  -3922.433 |  110.342 |   18.358 |  0.62 |   0.465 |   0.465 |      0 |
 |        165 |   45167405 |  -3486.191 |  -3955.893 |   92.330 |   18.261 |  0.62 |   0.456 |   0.456 |      0 |
 |        166 |   45442816 |  -3486.191 |  -3962.160 |  111.402 |   18.147 |  0.62 |   0.420 |   0.420 |      0 |
 |        167 |   45718227 |  -3486.191 |  -3924.017 |  137.417 |   18.054 |  0.62 |   0.472 |   0.472 |      0 |
 |        168 |   45993638 |  -3486.191 |  -4079.652 |  106.877 |   17.979 |  0.60 |   0.504 |   0.504 |      0 |
 |        169 |   46269049 |  -3486.191 |  -3956.472 |  121.173 |   17.883 |  0.62 |   0.586 |   0.586 |      0 |
 |        170 |   46544460 |  -3486.191 |  -3869.022 |   77.499 |   17.800 |  0.63 |   0.488 |   0.488 |      0 |
 |        171 |   46819871 |  -3486.191 |  -3875.584 |   86.613 |   17.671 |  0.63 |   0.528 |   0.528 |      0 |
 |        172 |   47095282 |  -3486.191 |  -3908.261 |  103.994 |   17.557 |  0.62 |   0.519 |   0.519 |      0 |
 |        173 |   47370693 |  -3486.191 |  -3950.552 |   90.228 |   17.463 |  0.62 |   0.471 |   0.471 |      0 |
 |        174 |   47646104 |  -3486.191 |  -3956.747 |  139.402 |   17.356 |  0.62 |   0.544 |   0.544 |      0 |
 |        175 |   47921515 |  -3486.191 |  -3871.636 |  103.131 |   17.288 |  0.63 |   0.478 |   0.478 |      0 |
 |        176 |   48196926 |  -3486.191 |  -3881.468 |  118.699 |   17.197 |  0.63 |   0.483 |   0.483 |      0 |
 |        177 |   48472337 |  -3486.191 |  -3835.298 |   93.996 |   17.118 |  0.63 |   0.453 |   0.453 |      0 |
 |        178 |   48747748 |  -3486.191 |  -3923.912 |  111.921 |   17.019 |  0.62 |   0.447 |   0.447 |      0 |
 |        179 |   49023159 |  -3486.191 |  -3893.021 |   94.679 |   16.937 |  0.62 |   0.470 |   0.470 |      0 |
 |        180 |   49298570 |  -3471.679 |  -3820.008 |  130.434 |   16.842 |  0.64 |   0.471 |   0.471 |      0 |
 |        181 |   49573981 |  -3471.679 |  -3870.172 |   89.230 |   16.773 |  0.63 |   0.459 |   0.459 |      0 |
 |        182 |   49849392 |  -3471.679 |  -3888.315 |   86.460 |   16.673 |  0.63 |   0.593 |   0.593 |      0 |
 |        183 |   50124803 |  -3471.679 |  -3861.790 |  103.090 |   16.572 |  0.63 |   0.689 |   0.689 |      0 |
 |        184 |   50400214 |  -3382.768 |  -3799.753 |  157.439 |   16.488 |  0.64 |   0.475 |   0.475 |      0 |
 |        185 |   50675625 |  -3382.768 |  -3900.552 |  115.797 |   16.433 |  0.62 |   0.496 |   0.496 |      0 |
 |        186 |   50951036 |  -3382.768 |  -3863.783 |   76.868 |   16.359 |  0.63 |   0.532 |   0.532 |      0 |
 |        187 |   51226447 |  -3382.768 |  -3775.846 |   89.517 |   16.249 |  0.64 |   0.452 |   0.452 |      0 |
 |        188 |   51501858 |  -3382.768 |  -3869.102 |   95.224 |   16.156 |  0.63 |   0.467 |   0.467 |      0 |
 |        189 |   51777269 |  -3382.768 |  -3766.161 |   98.688 |   16.070 |  0.65 |   0.489 |   0.489 |      0 |
 |        190 |   52052680 |  -3382.768 |  -3874.003 |  101.227 |   15.987 |  0.63 |   0.571 |   0.571 |      0 |
 |        191 |   52328091 |  -3382.768 |  -3855.397 |   97.994 |   15.907 |  0.63 |   0.452 |   0.452 |      0 |
 |        192 |   52603502 |  -3382.768 |  -3853.938 |  100.661 |   15.825 |  0.62 |   0.479 |   0.479 |      0 |
 |        193 |   52878913 |  -3382.768 |  -3945.976 |  111.918 |   15.747 |  0.61 |   0.445 |   0.445 |      0 |
 |        194 |   53154324 |  -3382.768 |  -4015.434 |  125.103 |   15.677 |  0.60 |   0.431 |   0.431 |      0 |
 |        195 |   53429735 |  -3382.768 |  -3956.902 |   98.702 |   15.615 |  0.60 |   0.447 |   0.447 |      0 |
 |        196 |   53705146 |  -3382.768 |  -3855.068 |   94.927 |   15.536 |  0.62 |   0.447 |   0.447 |      0 |
 |        197 |   53980557 |  -3382.768 |  -4034.510 |   81.130 |   15.456 |  0.59 |   0.475 |   0.475 |      0 |
 |        198 |   54255968 |  -3382.768 |  -4053.130 |  121.186 |   15.363 |  0.59 |   0.427 |   0.427 |      0 |
 |        199 |   54531379 |  -3382.768 |  -3914.303 |   86.993 |   15.301 |  0.61 |   0.465 |   0.465 |      0 |
 |        200 |   54806790 |  -3382.768 |  -3943.001 |   84.466 |   15.216 |  0.61 |   0.444 |   0.444 |      0 |
 |        201 |   55082201 |  -3382.768 |  -3906.279 |  108.042 |   15.130 |  0.62 |   0.451 |   0.451 |      0 |
 |        202 |   55357612 |  -3382.768 |  -3848.204 |  107.033 |   15.063 |  0.62 |   0.525 |   0.525 |      0 |
 |        203 |   55633023 |  -3382.768 |  -3783.396 |   89.903 |   14.996 |  0.64 |   0.526 |   0.526 |      0 |
 |        204 |   55908434 |  -3382.768 |  -3854.340 |   95.747 |   14.917 |  0.62 |   0.380 |   0.380 |      0 |
 |        205 |   56183845 |  -3382.768 |  -3849.598 |   90.173 |   14.843 |  0.63 |   0.443 |   0.443 |      0 |
 |        206 |   56459256 |  -3363.448 |  -3784.427 |  119.159 |   14.766 |  0.63 |   0.423 |   0.423 |      0 |
 |        207 |   56734667 |  -3363.448 |  -3874.376 |   94.451 |   14.708 |  0.61 |   0.436 |   0.436 |      0 |
 |        208 |   57010078 |  -3363.448 |  -3933.700 |   79.907 |   14.636 |  0.60 |   0.452 |   0.452 |      0 |
 |        209 |   57285489 |  -3363.448 |  -3869.477 |   91.059 |   14.551 |  0.62 |   0.502 |   0.502 |      0 |
 |        210 |   57560900 |  -3363.448 |  -3783.320 |   93.959 |   14.478 |  0.63 |   0.522 |   0.522 |      0 |
 |        211 |   57836311 |  -3363.448 |  -3801.588 |   73.913 |   14.407 |  0.62 |   0.456 |   0.456 |      0 |
 |        212 |   58111722 |  -3363.448 |  -3785.589 |  102.268 |   14.318 |  0.63 |   0.496 |   0.496 |      0 |
 |        213 |   58387133 |  -3363.448 |  -3875.722 |   78.717 |   14.255 |  0.61 |   0.453 |   0.453 |      0 |
 |        214 |   58662544 |  -3363.448 |  -3785.193 |   80.376 |   14.173 |  0.63 |   0.477 |   0.477 |      0 |
 |        215 |   58937955 |  -3363.448 |  -3806.856 |  108.269 |   14.094 |  0.62 |   0.480 |   0.480 |      0 |
 |        216 |   59213366 |  -3363.448 |  -3988.583 |   97.545 |   14.036 |  0.59 |   0.432 |   0.432 |      0 |
 |        217 |   59488777 |  -3363.448 |  -3975.550 |   91.455 |   13.973 |  0.59 |   0.418 |   0.418 |      0 |
 |        218 |   59764188 |  -3363.448 |  -3873.224 |  109.895 |   13.905 |  0.61 |   0.419 |   0.419 |      0 |
 |        219 |   60039599 |  -3363.448 |  -3769.070 |   79.976 |   13.849 |  0.63 |   0.480 |   0.480 |      0 |
 |        220 |   60315010 |  -3363.448 |  -3783.625 |   95.206 |   13.774 |  0.63 |   0.511 |   0.511 |      0 |
 |        221 |   60590421 |  -3363.448 |  -3876.703 |   99.107 |   13.711 |  0.61 |   0.507 |   0.507 |      0 |
 |        222 |   60865832 |  -3363.448 |  -3781.631 |   89.779 |   13.651 |  0.62 |   0.565 |   0.565 |      0 |
 |        223 |   61141243 |  -3300.011 |  -3736.678 |  152.262 |   13.585 |  0.63 |   0.581 |   0.581 |      0 |
 |        224 |   61416654 |  -3300.011 |  -3812.885 |  100.254 |   13.547 |  0.62 |   0.476 |   0.476 |      0 |
 |        225 |   61692065 |  -3300.011 |  -3801.084 |   80.629 |   13.489 |  0.62 |   0.437 |   0.437 |      0 |
 |        226 |   61967476 |  -3300.011 |  -3731.811 |  111.182 |   13.417 |  0.63 |   0.531 |   0.531 |      0 |
 |        227 |   62242887 |  -3300.011 |  -3817.492 |  112.546 |   13.366 |  0.61 |   0.530 |   0.530 |      0 |
 |        228 |   62518298 |  -3300.011 |  -3852.068 |   99.449 |   13.316 |  0.61 |   0.452 |   0.452 |      0 |
 |        229 |   62793709 |  -3300.011 |  -3917.243 |   76.744 |   13.259 |  0.60 |   0.555 |   0.555 |      0 |
 |        230 |   63069120 |  -3286.415 |  -3780.602 |  114.482 |   13.187 |  0.62 |   0.476 |   0.476 |      0 |
 |        231 |   63344531 |  -3286.415 |  -3867.154 |   93.239 |   13.139 |  0.61 |   0.554 |   0.554 |      0 |
 |        232 |   63619942 |  -3286.415 |  -3786.078 |  109.044 |   13.080 |  0.62 |   0.453 |   0.453 |      0 |
 |        233 |   63895353 |  -3286.415 |  -3933.479 |   85.266 |   13.031 |  0.59 |   0.538 |   0.538 |      0 |
 |        234 |   64170764 |  -3286.415 |  -3861.392 |   87.423 |   12.968 |  0.61 |   0.541 |   0.541 |      0 |
 |        235 |   64446175 |  -3286.415 |  -3798.195 |   79.969 |   12.907 |  0.62 |   0.499 |   0.499 |      0 |
 |        236 |   64721586 |  -3286.415 |  -3790.936 |   86.699 |   12.841 |  0.62 |   0.518 |   0.518 |      0 |
 |        237 |   64996997 |  -3286.415 |  -3771.926 |   80.366 |   12.781 |  0.62 |   0.462 |   0.462 |      0 |
 |        238 |   65272408 |  -3286.415 |  -3770.511 |   82.695 |   12.717 |  0.62 |   0.446 |   0.446 |      0 |
 |        239 |   65547819 |  -3286.415 |  -3842.784 |   99.902 |   12.655 |  0.61 |   0.417 |   0.417 |      0 |
 |        240 |   65823230 |  -3286.415 |  -3794.382 |   92.046 |   12.604 |  0.61 |   0.552 |   0.552 |      0 |
 |        241 |   66098641 |  -3286.415 |  -3699.850 |   79.355 |   12.550 |  0.63 |   0.623 |   0.623 |      0 |
 |        242 |   66374052 |  -3286.415 |  -3821.733 |  126.723 |   12.487 |  0.61 |   0.471 |   0.471 |      0 |
 |        243 |   66649463 |  -3286.415 |  -3800.792 |   84.175 |   12.448 |  0.61 |   0.515 |   0.515 |      0 |
 |        244 |   66924874 |  -3286.415 |  -3752.337 |   84.268 |   12.390 |  0.62 |   0.490 |   0.490 |      0 |
 |        245 |   67200285 |  -3286.415 |  -3794.200 |   86.910 |   12.332 |  0.61 |   0.545 |   0.545 |      0 |
 |        246 |   67475696 |  -3286.415 |  -3794.104 |   92.430 |   12.277 |  0.61 |   0.454 |   0.454 |      0 |
 |        247 |   67751107 |  -3286.415 |  -3810.895 |   88.642 |   12.225 |  0.61 |   0.459 |   0.459 |      0 |
 |        248 |   68026518 |  -3286.415 |  -3940.999 |   79.564 |   12.172 |  0.58 |   0.475 |   0.475 |      0 |
 |        249 |   68301929 |  -3286.415 |  -3853.601 |  116.175 |   12.113 |  0.60 |   0.546 |   0.546 |      0 |
 |        250 |   68577340 |  -3286.415 |  -3798.752 |  101.842 |   12.073 |  0.60 |   0.479 |   0.479 |      0 |
 |        251 |   68852751 |  -3286.415 |  -3787.759 |   91.543 |   12.028 |  0.61 |   0.497 |   0.497 |      0 |
 |        252 |   69128162 |  -3286.415 |  -3767.281 |   77.994 |   11.978 |  0.61 |   0.471 |   0.471 |      0 |
 |        253 |   69403573 |  -3286.415 |  -3745.586 |   96.570 |   11.919 |  0.61 |   0.455 |   0.455 |      0 |
 |        254 |   69678984 |  -3286.415 |  -3781.827 |   92.743 |   11.873 |  0.61 |   0.422 |   0.422 |      0 |
 |        255 |   69954395 |  -3286.415 |  -3847.534 |   94.031 |   11.825 |  0.60 |   0.530 |   0.530 |      0 |
 |        256 |   70229806 |  -3286.415 |  -3757.548 |  116.807 |   11.778 |  0.61 |   0.469 |   0.469 |      0 |
 |        257 |   70505217 |  -3286.415 |  -3829.277 |  102.503 |   11.740 |  0.60 |   0.476 |   0.476 |      0 |
 |        258 |   70780628 |  -3286.415 |  -3790.386 |   81.101 |   11.698 |  0.60 |   0.480 |   0.480 |      0 |
 |        259 |   71056039 |  -3286.415 |  -3828.612 |   89.068 |   11.644 |  0.60 |   0.432 |   0.432 |      0 |
 |        260 |   71331450 |  -3286.415 |  -3684.830 |  128.445 |   11.596 |  0.62 |   0.579 |   0.579 |      0 |
 |        261 |   71606861 |  -3286.415 |  -3780.402 |   78.722 |   11.563 |  0.61 |   0.511 |   0.511 |      0 |
 |        262 |   71882272 |  -3286.415 |  -3815.011 |   83.042 |   11.509 |  0.60 |   0.529 |   0.529 |      0 |
 |        263 |   72157683 |  -3286.415 |  -3698.009 |   91.629 |   11.459 |  0.62 |   0.459 |   0.459 |      0 |
 |        264 |   72433094 |  -3286.415 |  -3761.806 |   94.329 |   11.413 |  0.61 |   0.458 |   0.458 |      0 |
 |        265 |   72708505 |  -3286.415 |  -3721.104 |  100.551 |   11.370 |  0.61 |   0.550 |   0.550 |      0 |
 |        266 |   72983916 |  -3286.415 |  -3707.383 |   98.140 |   11.329 |  0.61 |   0.485 |   0.485 |      0 |
 |        267 |   73259327 |  -3286.415 |  -3742.459 |  105.954 |   11.288 |  0.61 |   0.570 |   0.570 |      0 |
 |        268 |   73534738 |  -3256.962 |  -3638.482 |   80.387 |   11.250 |  0.63 |   0.493 |   0.493 |      0 |
 |        269 |   73810149 |  -3256.962 |  -3676.482 |  113.991 |   11.200 |  0.62 |   0.507 |   0.507 |      0 |
 |        270 |   74085560 |  -3256.962 |  -3698.944 |   81.113 |   11.165 |  0.62 |   0.513 |   0.513 |      0 |
 |        271 |   74360971 |  -3256.962 |  -3695.608 |  104.345 |   11.116 |  0.61 |   0.428 |   0.428 |      0 |
 |        272 |   74636382 |  -3256.962 |  -3808.931 |   96.635 |   11.079 |  0.60 |   0.501 |   0.501 |      0 |
 |        273 |   74911793 |  -3256.962 |  -3784.045 |   91.005 |   11.039 |  0.60 |   0.498 |   0.498 |      0 |
 |        274 |   75187204 |  -3256.962 |  -3779.749 |   93.289 |   10.996 |  0.60 |   0.505 |   0.505 |      0 |
 |        275 |   75462615 |  -3256.962 |  -3727.954 |   89.610 |   10.955 |  0.61 |   0.466 |   0.466 |      0 |
 |        276 |   75738026 |  -3256.962 |  -3695.113 |   86.160 |   10.913 |  0.61 |   0.496 |   0.496 |      0 |
 |        277 |   76013437 |  -3256.962 |  -3728.254 |   96.428 |   10.869 |  0.61 |   0.425 |   0.425 |      0 |
 |        278 |   76288848 |  -3256.962 |  -3810.335 |   82.520 |   10.830 |  0.59 |   0.481 |   0.481 |      0 |
 |        279 |   76564259 |  -3256.962 |  -3764.320 |   90.168 |   10.785 |  0.60 |   0.491 |   0.491 |      0 |
 |        280 |   76839670 |  -3256.962 |  -3725.625 |   92.636 |   10.744 |  0.61 |   0.587 |   0.587 |      0 |
 |        281 |   77115081 |  -3256.962 |  -3684.420 |   80.806 |   10.705 |  0.61 |   0.433 |   0.433 |      0 |
 |        282 |   77390492 |  -3256.962 |  -3686.955 |   80.157 |   10.660 |  0.61 |   0.498 |   0.498 |      0 |
 |        283 |   77665903 |  -3256.962 |  -3628.298 |   90.546 |   10.615 |  0.62 |   0.595 |   0.595 |      0 |
 |        284 |   77941314 |  -3256.962 |  -3720.364 |  133.460 |   10.576 |  0.60 |   0.497 |   0.497 |      0 |
 |        285 |   78216725 |  -3256.962 |  -3789.415 |   82.212 |   10.549 |  0.59 |   0.407 |   0.407 |      0 |
 |        286 |   78492136 |  -3256.962 |  -3788.591 |  106.310 |   10.507 |  0.59 |   0.506 |   0.506 |      0 |
 |        287 |   78767547 |  -3256.962 |  -3740.627 |  112.265 |   10.474 |  0.60 |   0.421 |   0.421 |      0 |
 |        288 |   79042958 |  -3256.962 |  -3671.031 |   79.407 |   10.443 |  0.61 |   0.525 |   0.525 |      0 |
 |        289 |   79318369 |  -3256.962 |  -3679.715 |   87.116 |   10.399 |  0.61 |   0.504 |   0.504 |      0 |
 |        290 |   79593780 |  -3256.962 |  -3754.755 |   89.459 |   10.360 |  0.60 |   0.473 |   0.473 |      0 |
 |        291 |   79869191 |  -3256.962 |  -3751.974 |   95.534 |   10.322 |  0.60 |   0.493 |   0.493 |      0 |
 |        292 |   80144602 |  -3256.962 |  -3610.384 |   90.276 |   10.287 |  0.62 |   0.448 |   0.448 |      0 |
 |        293 |   80420013 |  -3256.962 |  -3723.678 |   96.672 |   10.250 |  0.60 |   0.444 |   0.444 |      0 |
 |        294 |   80695424 |  -3256.962 |  -3765.770 |  103.357 |   10.215 |  0.60 |   0.567 |   0.567 |      0 |
 |        295 |   80970835 |  -3256.962 |  -3670.431 |   87.670 |   10.183 |  0.61 |   0.419 |   0.419 |      0 |
 |        296 |   81246246 |  -3256.962 |  -3642.151 |   89.444 |   10.146 |  0.61 |   0.504 |   0.504 |      0 |
 |        297 |   81521657 |  -3256.599 |  -3570.764 |  124.818 |   10.109 |  0.62 |   0.401 |   0.401 |      0 |
 |        298 |   81797068 |  -3256.599 |  -3781.858 |   94.619 |   10.083 |  0.59 |   0.413 |   0.413 |      0 |
 |        299 |   82072479 |  -3252.900 |  -3597.630 |  127.958 |   10.049 |  0.62 |   0.467 |   0.467 |      0 |
 |        300 |   82347890 |  -3252.900 |  -3674.909 |   74.656 |   10.024 |  0.61 |   0.427 |   0.427 |      0 |
 |        301 |   82623301 |  -3252.900 |  -3626.010 |  103.223 |    9.982 |  0.61 |   0.557 |   0.557 |      0 |
 |        302 |   82898712 |  -3252.900 |  -3643.232 |   87.568 |    9.951 |  0.61 |   0.474 |   0.474 |      0 |
 |        303 |   83174123 |  -3252.900 |  -3709.351 |   77.785 |    9.915 |  0.60 |   0.459 |   0.459 |      0 |
 |        304 |   83449534 |  -3209.517 |  -3688.084 |  161.373 |    9.875 |  0.60 |   0.473 |   0.473 |      0 |
 |        305 |   83724945 |  -3209.517 |  -3582.663 |   80.150 |    9.856 |  0.62 |   0.482 |   0.482 |      0 |
 |        306 |   84000356 |  -3209.517 |  -3706.632 |   89.558 |    9.818 |  0.60 |   0.541 |   0.541 |      0 |
 |        307 |   84275767 |  -3209.517 |  -3696.244 |   75.289 |    9.784 |  0.60 |   0.446 |   0.446 |      0 |
 |        308 |   84551178 |  -3198.812 |  -3585.083 |  115.961 |    9.744 |  0.62 |   0.623 |   0.623 |      0 |
 |        309 |   84826589 |  -3198.812 |  -3645.640 |   86.914 |    9.718 |  0.61 |   0.452 |   0.452 |      0 |
 |        310 |   85102000 |  -3198.812 |  -3660.415 |   91.052 |    9.683 |  0.61 |   0.404 |   0.404 |      0 |
 |        311 |   85377411 |  -3198.812 |  -3637.950 |   84.282 |    9.651 |  0.61 |   0.567 |   0.567 |      0 |
 |        312 |   85652822 |  -3198.812 |  -3572.816 |   78.769 |    9.616 |  0.62 |   0.553 |   0.553 |      0 |
 |        313 |   85928233 |  -3198.812 |  -3608.289 |   97.724 |    9.578 |  0.61 |   0.506 |   0.506 |      0 |
 |        314 |   86203644 |  -3198.812 |  -3623.742 |   83.455 |    9.549 |  0.61 |   0.519 |   0.519 |      0 |
 |        315 |   86479055 |  -3198.812 |  -3509.152 |   80.129 |    9.514 |  0.62 |   0.514 |   0.514 |      0 |
 |        316 |   86754466 |  -3198.812 |  -3606.042 |   87.585 |    9.478 |  0.60 |   0.602 |   0.602 |      0 |
 |        317 |   87029877 |  -3198.812 |  -3628.640 |  145.650 |    9.446 |  0.60 |   0.488 |   0.488 |      0 |
 |        318 |   87305288 |  -3198.812 |  -3606.702 |   98.893 |    9.427 |  0.60 |   0.445 |   0.445 |      0 |
 |        319 |   87580699 |  -3198.812 |  -3633.388 |   85.751 |    9.398 |  0.61 |   0.519 |   0.519 |      0 |
 |        320 |   87856110 |  -3198.812 |  -3638.077 |   85.900 |    9.365 |  0.60 |   0.616 |   0.616 |      0 |
 |        321 |   88131521 |  -3198.812 |  -3654.959 |  111.737 |    9.333 |  0.60 |   0.462 |   0.462 |      0 |
 |        322 |   88406932 |  -3198.812 |  -3706.121 |   96.107 |    9.308 |  0.59 |   0.487 |   0.487 |      0 |
 |        323 |   88682343 |  -3198.812 |  -3728.431 |   80.998 |    9.280 |  0.59 |   0.425 |   0.425 |      0 |
 |        324 |   88957754 |  -3198.812 |  -3692.925 |   84.277 |    9.246 |  0.59 |   0.554 |   0.554 |      0 |
 |        325 |   89233165 |  -3198.812 |  -3630.594 |   75.539 |    9.214 |  0.60 |   0.456 |   0.456 |      0 |
 |        326 |   89508576 |  -3198.812 |  -3648.676 |   89.499 |    9.179 |  0.60 |   0.473 |   0.473 |      0 |
 |        327 |   89783987 |  -3198.812 |  -3662.662 |   84.778 |    9.149 |  0.59 |   0.510 |   0.510 |      0 |
 |        328 |   90059398 |  -3198.812 |  -3557.787 |   85.996 |    9.117 |  0.61 |   0.496 |   0.496 |      0 |
 |        329 |   90334809 |  -3198.812 |  -3600.250 |   94.749 |    9.087 |  0.60 |   0.420 |   0.420 |      0 |
 |        330 |   90610220 |  -3198.812 |  -3625.503 |   68.815 |    9.059 |  0.60 |   0.544 |   0.544 |      0 |
 |        331 |   90885631 |  -3198.812 |  -3616.899 |   96.188 |    9.022 |  0.60 |   0.450 |   0.450 |      0 |
 |        332 |   91161042 |  -3198.812 |  -3667.807 |   86.536 |    8.995 |  0.59 |   0.580 |   0.580 |      0 |
 |        333 |   91436453 |  -3198.812 |  -3583.649 |   86.551 |    8.965 |  0.60 |   0.410 |   0.410 |      0 |
 |        334 |   91711864 |  -3198.812 |  -3529.253 |  106.875 |    8.936 |  0.61 |   0.624 |   0.624 |      0 |
 |        335 |   91987275 |  -3182.323 |  -3524.982 |   93.872 |    8.912 |  0.61 |   0.562 |   0.562 |      0 |
 |        336 |   92262686 |  -3182.323 |  -3540.229 |   71.794 |    8.885 |  0.61 |   0.483 |   0.483 |      0 |
 |        337 |   92538097 |  -3182.323 |  -3502.315 |   82.856 |    8.850 |  0.61 |   0.613 |   0.613 |      0 |
 |        338 |   92813508 |  -3182.323 |  -3535.363 |   96.273 |    8.820 |  0.61 |   0.504 |   0.504 |      0 |
 |        339 |   93088919 |  -3182.323 |  -3551.406 |   87.507 |    8.795 |  0.60 |   0.534 |   0.534 |      0 |
 |        340 |   93364330 |  -3182.323 |  -3588.720 |   96.165 |    8.767 |  0.60 |   0.521 |   0.521 |      0 |
 |        341 |   93639741 |  -3182.323 |  -3613.088 |  111.748 |    8.742 |  0.60 |   0.439 |   0.439 |      0 |
 |        342 |   93915152 |  -3182.323 |  -3602.081 |  150.183 |    8.720 |  0.60 |   0.623 |   0.623 |      0 |
 |        343 |   94190563 |  -3141.355 |  -3476.871 |   91.549 |    8.704 |  0.62 |   0.490 |   0.490 |      0 |
 |        344 |   94465974 |  -3141.355 |  -3604.240 |   74.562 |    8.678 |  0.60 |   0.431 |   0.431 |      0 |
 |        345 |   94741385 |  -3141.355 |  -3610.949 |   96.619 |    8.646 |  0.59 |   0.416 |   0.416 |      0 |
 |        346 |   95016796 |  -3141.355 |  -3677.315 |  107.724 |    8.621 |  0.59 |   0.572 |   0.572 |      0 |
 |        347 |   95292207 |  -3141.355 |  -3540.167 |  109.122 |    8.599 |  0.60 |   0.502 |   0.502 |      0 |
 |        348 |   95567618 |  -3141.355 |  -3583.038 |   84.484 |    8.578 |  0.60 |   0.456 |   0.456 |      0 |
 |        349 |   95843029 |  -3141.355 |  -3594.793 |   92.666 |    8.550 |  0.59 |   0.455 |   0.455 |      0 |
 |        350 |   96118440 |  -3141.355 |  -3657.610 |   79.779 |    8.525 |  0.59 |   0.489 |   0.489 |      0 |
 |        351 |   96393851 |  -3141.355 |  -3670.932 |   95.946 |    8.496 |  0.58 |   0.490 |   0.490 |      0 |
 |        352 |   96669262 |  -3141.355 |  -3572.250 |   73.226 |    8.473 |  0.60 |   0.468 |   0.468 |      0 |
 |        353 |   96944673 |  -3141.355 |  -3600.403 |   81.506 |    8.442 |  0.59 |   0.501 |   0.501 |      0 |
 |        354 |   97220084 |  -3141.355 |  -3576.508 |   87.874 |    8.414 |  0.59 |   0.573 |   0.573 |      0 |
 |        355 |   97495495 |  -3141.355 |  -3515.226 |   76.368 |    8.388 |  0.60 |   0.552 |   0.552 |      0 |
 |        356 |   97770906 |  -3141.355 |  -3540.046 |   81.241 |    8.359 |  0.60 |   0.476 |   0.476 |      0 |
 |        357 |   98046317 |  -3141.355 |  -3588.751 |   97.847 |    8.332 |  0.59 |   0.603 |   0.603 |      0 |
 |        358 |   98321728 |  -3141.355 |  -3513.021 |   85.402 |    8.309 |  0.60 |   0.529 |   0.529 |      0 |
 |        359 |   98597139 |  -3141.355 |  -3591.512 |  107.917 |    8.284 |  0.59 |   0.499 |   0.499 |      0 |
 |        360 |   98872550 |  -3141.355 |  -3588.481 |   81.707 |    8.264 |  0.59 |   0.563 |   0.563 |      0 |
 |        361 |   99147961 |  -3141.355 |  -3449.295 |   75.790 |    8.237 |  0.61 |   0.526 |   0.526 |      0 |
 |        362 |   99423372 |  -3141.355 |  -3568.148 |   89.839 |    8.209 |  0.60 |   0.469 |   0.469 |      0 |
 |        363 |   99698783 |  -3141.355 |  -3601.402 |   72.582 |    8.185 |  0.59 |   0.612 |   0.612 |      0 |
 |          1 |          0 |  -3141.355 |  -4086.320 |  148.185 |  114.000 |  0.67 |   0.415 |   0.415 |      0 |
 |          2 |     275412 |  -3141.355 |  -4116.187 |  113.371 |  111.280 |  0.67 |   1.021 |   1.021 |      0 |
 |          3 |     550823 |  -3141.355 |  -4048.292 |  158.478 |  107.915 |  0.69 |   0.364 |   0.364 |      0 |
 |          4 |     826234 |  -3141.355 |  -4100.884 |  160.439 |  105.630 |  0.67 |   1.007 |   1.007 |      0 |
 |          5 |    1101645 |  -3141.355 |  -4015.528 |  132.551 |  103.466 |  0.69 |   1.083 |   1.083 |      0 |
 |          6 |    1377056 |  -3141.355 |  -4052.440 |  167.473 |  100.962 |  0.68 |   0.386 |   0.386 |      0 |
 |          7 |    1652467 |  -3141.355 |  -3980.089 |  125.354 |   99.065 |  0.71 |   0.429 |   0.429 |      0 |
 |          8 |    1927878 |  -3141.355 |  -4006.484 |  123.327 |   96.638 |  0.69 |   0.514 |   0.514 |      0 |
 |          9 |    2203289 |  -3141.355 |  -4122.332 |  157.720 |   94.291 |  0.67 |   0.449 |   0.449 |      0 |
 |         10 |    2478700 |  -3141.355 |  -4144.842 |  153.453 |   92.533 |  0.66 |   0.350 |   0.350 |      0 |
 |         11 |    2754111 |  -3141.355 |  -4030.938 |  163.823 |   90.794 |  0.68 |   0.417 |   0.417 |      0 |
 |         12 |    3029522 |  -3141.355 |  -4036.800 |  123.591 |   89.223 |  0.69 |   1.054 |   1.054 |      0 |
 |         13 |    3304933 |  -3141.355 |  -3923.849 |  106.190 |   87.222 |  0.72 |   0.445 |   0.445 |      0 |
 |         14 |    3580344 |  -3141.355 |  -3970.935 |   95.732 |   85.004 |  0.71 |   1.447 |   1.447 |      0 |
 |         15 |    3855755 |  -3141.355 |  -4066.639 |  158.725 |   82.672 |  0.67 |   0.496 |   0.496 |      0 |
 |         16 |    4131166 |  -3141.355 |  -4016.394 |  129.429 |   81.326 |  0.69 |   2.111 |   2.111 |      0 |
 |         17 |    4406577 |  -3141.355 |  -4100.234 |  167.613 |   79.735 |  0.67 |   0.537 |   0.537 |      0 |
 |         18 |    4681988 |  -3141.355 |  -4075.846 |  157.648 |   78.548 |  0.67 |   0.744 |   0.744 |      0 |
 |         19 |    4957399 |  -3141.355 |  -4023.658 |  126.689 |   77.324 |  0.69 |   0.740 |   0.740 |      0 |
 |         20 |    5232810 |  -3141.355 |  -4025.116 |  120.526 |   75.853 |  0.68 |   0.511 |   0.511 |      0 |
 |         21 |    5508221 |  -3141.355 |  -4065.718 |   97.772 |   74.366 |  0.67 |   0.426 |   0.426 |      0 |
 |         22 |    5783632 |  -3141.355 |  -4078.166 |  123.978 |   72.611 |  0.66 |   0.506 |   0.506 |      0 |
 |         23 |    6059043 |  -3141.355 |  -4258.659 |  220.990 |   71.285 |  0.62 |   0.382 |   0.382 |      0 |
 |         24 |    6334454 |  -3141.355 |  -4243.598 |  140.634 |   70.562 |  0.62 |   0.563 |   0.563 |      0 |
 |         25 |    6609865 |  -3141.355 |  -3976.536 |  149.592 |   69.455 |  0.69 |   0.389 |   0.389 |      0 |
 |         26 |    6885276 |  -3141.355 |  -4229.679 |  242.469 |   68.445 |  0.63 |   0.690 |   0.690 |      0 |
 |         27 |    7160687 |  -3141.355 |  -4057.311 |  140.588 |   67.837 |  0.67 |   0.477 |   0.477 |      0 |
 |         28 |    7436098 |  -3141.355 |  -4072.344 |  126.775 |   66.812 |  0.66 |   0.507 |   0.507 |      0 |
 |         29 |    7711509 |  -3141.355 |  -4069.373 |  117.220 |   65.712 |  0.66 |   0.400 |   0.400 |      0 |
 |         30 |    7986920 |  -3141.355 |  -4047.820 |  127.933 |   64.562 |  0.67 |   0.348 |   0.348 |      0 |
 |         31 |    8262331 |  -3141.355 |  -4242.294 |  133.226 |   63.543 |  0.62 |   1.142 |   1.142 |      0 |
 |         32 |    8537742 |  -3141.355 |  -4034.500 |  122.154 |   62.595 |  0.67 |   0.694 |   0.694 |      0 |
 |         33 |    8813153 |  -3141.355 |  -4132.068 |  132.221 |   61.592 |  0.65 |   0.457 |   0.457 |      0 |
 |         34 |    9088564 |  -3141.355 |  -4179.083 |  105.626 |   60.694 |  0.63 |   0.663 |   0.663 |      0 |
 |         35 |    9363975 |  -3141.355 |  -4010.804 |  144.460 |   59.606 |  0.68 |   0.461 |   0.461 |      0 |
 |         36 |    9639386 |  -3141.355 |  -4011.844 |  131.939 |   58.835 |  0.68 |   0.596 |   0.596 |      0 |
 |         37 |    9914797 |  -3141.355 |  -4155.723 |  100.424 |   58.013 |  0.64 |   0.468 |   0.468 |      0 |
 |         38 |   10190208 |  -3141.355 |  -4075.813 |  130.214 |   56.967 |  0.66 |   0.479 |   0.479 |      0 |
 |         39 |   10465619 |  -3141.355 |  -4105.476 |  160.975 |   56.186 |  0.65 |   0.494 |   0.494 |      0 |
 |         40 |   10741030 |  -3141.355 |  -4055.934 |  132.863 |   55.570 |  0.66 |   0.452 |   0.452 |      0 |
 |         41 |   11016441 |  -3141.355 |  -4190.860 |  149.861 |   54.841 |  0.63 |   0.591 |   0.591 |      0 |
 |         42 |   11291852 |  -3141.355 |  -3987.664 |  137.049 |   54.211 |  0.68 |   0.486 |   0.486 |      0 |
 |         43 |   11567263 |  -3141.355 |  -3904.212 |   96.599 |   53.538 |  0.70 |   0.529 |   0.529 |      0 |
 |         44 |   11842674 |  -3141.355 |  -4038.358 |  139.802 |   52.612 |  0.66 |   0.477 |   0.477 |      0 |
 |         45 |   12118085 |  -3141.355 |  -4039.142 |  124.179 |   51.990 |  0.66 |   0.469 |   0.469 |      0 |
 |         46 |   12393496 |  -3141.355 |  -4095.234 |  124.248 |   51.308 |  0.65 |   0.391 |   0.391 |      0 |
 |         47 |   12668907 |  -3141.355 |  -4004.756 |  156.505 |   50.643 |  0.67 |   0.481 |   0.481 |      0 |
 |         48 |   12944318 |  -3141.355 |  -4028.850 |  126.625 |   50.128 |  0.66 |   0.647 |   0.647 |      0 |
 |         49 |   13219729 |  -3141.355 |  -3973.703 |  119.323 |   49.505 |  0.68 |   0.534 |   0.534 |      0 |
 |         50 |   13495140 |  -3141.355 |  -4140.343 |  126.953 |   48.861 |  0.63 |   0.418 |   0.418 |      0 |
 |         51 |   13770551 |  -3141.355 |  -4118.206 |  116.328 |   48.271 |  0.64 |   0.481 |   0.481 |      0 |
 |         52 |   14045962 |  -3141.355 |  -4086.806 |  105.039 |   47.643 |  0.64 |   0.449 |   0.449 |      0 |
 |         53 |   14321373 |  -3141.355 |  -3928.323 |  107.072 |   46.966 |  0.68 |   0.373 |   0.373 |      0 |
 |         54 |   14596784 |  -3141.355 |  -4041.332 |   89.710 |   46.321 |  0.66 |   0.382 |   0.382 |      0 |
 |         55 |   14872195 |  -3141.355 |  -4070.869 |   98.932 |   45.573 |  0.65 |   0.481 |   0.481 |      0 |
 |         56 |   15147606 |  -3141.355 |  -4128.598 |  134.161 |   44.916 |  0.64 |   0.483 |   0.483 |      0 |
 |         57 |   15423017 |  -3141.355 |  -3991.816 |  113.636 |   44.443 |  0.67 |   0.412 |   0.412 |      0 |
 |         58 |   15698428 |  -3141.355 |  -3961.784 |  126.759 |   43.898 |  0.68 |   0.745 |   0.745 |      0 |
 |         59 |   15973839 |  -3141.355 |  -3940.631 |  130.252 |   43.420 |  0.68 |   0.579 |   0.579 |      0 |
 |         60 |   16249250 |  -3141.355 |  -4176.390 |  135.356 |   42.965 |  0.63 |   0.483 |   0.483 |      0 |
 |         61 |   16524661 |  -3141.355 |  -4206.292 |   81.799 |   42.536 |  0.62 |   0.540 |   0.540 |      0 |
 |         62 |   16800072 |  -3141.355 |  -4043.947 |   95.750 |   41.845 |  0.65 |   0.533 |   0.533 |      0 |
 |         63 |   17075483 |  -3141.355 |  -4011.165 |  134.208 |   41.272 |  0.66 |   0.432 |   0.432 |      0 |
 |         64 |   17350894 |  -3141.355 |  -3984.522 |  102.986 |   40.872 |  0.67 |   0.478 |   0.478 |      0 |
 |         65 |   17626305 |  -3141.355 |  -3989.048 |   96.882 |   40.363 |  0.66 |   0.437 |   0.437 |      0 |
 |         66 |   17901716 |  -3141.355 |  -4055.995 |  108.691 |   39.836 |  0.65 |   0.445 |   0.445 |      0 |
 |         67 |   18177127 |  -3141.355 |  -4280.318 |  178.099 |   39.378 |  0.60 |   0.513 |   0.513 |      0 |
 |         68 |   18452538 |  -3141.355 |  -3996.333 |  113.504 |   39.103 |  0.66 |   0.530 |   0.530 |      0 |
 |         69 |   18727949 |  -3141.355 |  -3917.449 |   88.354 |   38.680 |  0.67 |   0.447 |   0.447 |      0 |
 |         70 |   19003360 |  -3141.355 |  -4041.833 |  130.632 |   38.149 |  0.65 |   0.427 |   0.427 |      0 |
 |         71 |   19278771 |  -3141.355 |  -4072.201 |  103.144 |   37.798 |  0.64 |   0.454 |   0.454 |      0 |
 |         72 |   19554182 |  -3141.355 |  -4064.412 |  116.296 |   37.363 |  0.64 |   0.442 |   0.442 |      0 |
 |         73 |   19829593 |  -3141.355 |  -4117.299 |  130.761 |   36.986 |  0.63 |   0.474 |   0.474 |      0 |
 |         74 |   20105004 |  -3141.355 |  -4026.612 |  153.418 |   36.656 |  0.65 |   0.456 |   0.456 |      0 |
 |         75 |   20380415 |  -3141.355 |  -4049.683 |  108.297 |   36.380 |  0.64 |   0.449 |   0.449 |      0 |
 |         76 |   20655826 |  -3141.355 |  -4196.471 |  151.445 |   35.996 |  0.61 |   0.518 |   0.518 |      0 |
 |         77 |   20931237 |  -3141.355 |  -4126.951 |  116.599 |   35.726 |  0.63 |   0.441 |   0.441 |      0 |
 |         78 |   21206648 |  -3141.355 |  -4073.687 |  121.245 |   35.382 |  0.64 |   0.520 |   0.520 |      0 |
 |         79 |   21482059 |  -3141.355 |  -3900.145 |   99.216 |   35.057 |  0.68 |   0.567 |   0.567 |      0 |
 |         80 |   21757470 |  -3141.355 |  -3898.432 |  114.429 |   34.668 |  0.68 |   0.507 |   0.507 |      0 |
 |         81 |   22032881 |  -3141.355 |  -3998.153 |  103.503 |   34.337 |  0.66 |   0.489 |   0.489 |      0 |
 |         82 |   22308292 |  -3141.355 |  -4133.570 |  133.250 |   33.979 |  0.62 |   0.538 |   0.538 |      0 |
 |         83 |   22583703 |  -3141.355 |  -4094.147 |   91.936 |   33.706 |  0.63 |   0.439 |   0.439 |      0 |
 |         84 |   22859114 |  -3141.355 |  -4093.990 |  128.292 |   33.318 |  0.63 |   0.552 |   0.552 |      0 |
 |         85 |   23134525 |  -3141.355 |  -4113.572 |  128.883 |   33.045 |  0.63 |   0.406 |   0.406 |      0 |
 |         86 |   23409936 |  -3141.355 |  -4097.165 |   96.766 |   32.778 |  0.62 |   0.449 |   0.449 |      0 |
 |         87 |   23685347 |  -3141.355 |  -4097.355 |  104.646 |   32.429 |  0.63 |   0.456 |   0.456 |      0 |
 |         88 |   23960758 |  -3141.355 |  -3957.399 |  132.600 |   32.113 |  0.66 |   0.455 |   0.455 |      0 |
 |         89 |   24236169 |  -3141.355 |  -4013.708 |  113.133 |   31.868 |  0.65 |   0.497 |   0.497 |      0 |
 |         90 |   24511580 |  -3141.355 |  -4043.672 |  126.544 |   31.585 |  0.64 |   0.443 |   0.443 |      0 |
 |         91 |   24786991 |  -3141.355 |  -4015.950 |  158.529 |   31.337 |  0.65 |   0.399 |   0.399 |      0 |
 |         92 |   25062402 |  -3141.355 |  -4013.335 |  121.163 |   31.141 |  0.65 |   0.583 |   0.583 |      0 |
 |         93 |   25337813 |  -3141.355 |  -4071.899 |  124.361 |   30.889 |  0.63 |   0.466 |   0.466 |      0 |
 |         94 |   25613224 |  -3141.355 |  -4121.424 |  128.421 |   30.647 |  0.62 |   0.742 |   0.742 |      0 |
 |         95 |   25888635 |  -3141.355 |  -3920.684 |  130.526 |   30.417 |  0.67 |   0.525 |   0.525 |      0 |
 |         96 |   26164046 |  -3141.355 |  -3944.101 |  100.181 |   30.193 |  0.66 |   0.387 |   0.387 |      0 |
 |         97 |   26439457 |  -3141.355 |  -4075.628 |  119.966 |   29.907 |  0.63 |   0.399 |   0.399 |      0 |
 |         98 |   26714868 |  -3141.355 |  -3987.399 |  103.587 |   29.672 |  0.65 |   0.530 |   0.530 |      0 |
 |         99 |   26990279 |  -3141.355 |  -4021.475 |  138.708 |   29.404 |  0.64 |   0.481 |   0.481 |      0 |
 |        100 |   27265690 |  -3141.355 |  -4055.711 |   92.172 |   29.207 |  0.63 |   0.390 |   0.390 |      0 |
 |        101 |   27541101 |  -3141.355 |  -3932.868 |  136.204 |   28.916 |  0.66 |   0.450 |   0.450 |      0 |
 |        102 |   27816512 |  -3141.355 |  -3982.339 |  104.566 |   28.723 |  0.65 |   0.525 |   0.525 |      0 |
 |        103 |   28091923 |  -3141.355 |  -3976.205 |  101.927 |   28.474 |  0.65 |   0.486 |   0.486 |      0 |
 |        104 |   28367334 |  -3141.355 |  -3989.242 |  117.753 |   28.224 |  0.64 |   0.427 |   0.427 |      0 |
 |        105 |   28642745 |  -3141.355 |  -4178.024 |   98.959 |   28.010 |  0.61 |   0.443 |   0.443 |      0 |
 |        106 |   28918156 |  -3141.355 |  -4160.255 |  127.464 |   27.761 |  0.61 |   0.454 |   0.454 |      0 |
 |        107 |   29193567 |  -3141.355 |  -4004.179 |  125.845 |   27.570 |  0.64 |   0.486 |   0.486 |      0 |
 |        108 |   29468978 |  -3141.355 |  -4002.076 |  110.317 |   27.379 |  0.64 |   0.521 |   0.521 |      0 |
 |        109 |   29744389 |  -3141.355 |  -4032.180 |  101.443 |   27.165 |  0.63 |   0.475 |   0.475 |      0 |
 |        110 |   30019800 |  -3141.355 |  -3949.729 |   96.841 |   26.936 |  0.65 |   0.468 |   0.468 |      0 |
 |        111 |   30295211 |  -3141.355 |  -3964.795 |   77.651 |   26.700 |  0.65 |   0.535 |   0.535 |      0 |
 |        112 |   30570622 |  -3141.355 |  -3950.060 |  122.714 |   26.411 |  0.65 |   0.724 |   0.724 |      0 |
 |        113 |   30846033 |  -3141.355 |  -3910.935 |  167.372 |   26.232 |  0.65 |   0.408 |   0.408 |      0 |
 |        114 |   31121444 |  -3141.355 |  -4002.027 |  126.917 |   26.102 |  0.64 |   0.436 |   0.436 |      0 |
 |        115 |   31396855 |  -3141.355 |  -4066.706 |   98.512 |   25.933 |  0.62 |   0.460 |   0.460 |      0 |
 |        116 |   31672266 |  -3141.355 |  -4079.259 |   84.795 |   25.718 |  0.62 |   0.555 |   0.555 |      0 |
 |        117 |   31947677 |  -3141.355 |  -3950.113 |  137.913 |   25.472 |  0.65 |   0.565 |   0.565 |      0 |
 |        118 |   32223088 |  -3141.355 |  -4024.250 |  119.796 |   25.324 |  0.62 |   0.572 |   0.572 |      0 |
 |        119 |   32498499 |  -3141.355 |  -3992.622 |  102.719 |   25.155 |  0.64 |   0.476 |   0.476 |      0 |
 |        120 |   32773910 |  -3141.355 |  -3985.261 |  104.814 |   24.960 |  0.64 |   0.603 |   0.603 |      0 |
 |        121 |   33049321 |  -3141.355 |  -3914.108 |  127.822 |   24.773 |  0.65 |   0.451 |   0.451 |      0 |
 |        122 |   33324732 |  -3141.355 |  -4134.310 |   88.411 |   24.621 |  0.61 |   0.439 |   0.439 |      0 |
 |        123 |   33600143 |  -3141.355 |  -4078.203 |  122.650 |   24.405 |  0.62 |   0.508 |   0.508 |      0 |
 |        124 |   33875554 |  -3141.355 |  -3924.450 |  121.035 |   24.252 |  0.65 |   0.441 |   0.441 |      0 |
 |        125 |   34150965 |  -3141.355 |  -3941.666 |  134.915 |   24.099 |  0.64 |   0.516 |   0.516 |      0 |
 |        126 |   34426376 |  -3141.355 |  -4022.828 |  113.731 |   23.963 |  0.62 |   0.459 |   0.459 |      0 |
 |        127 |   34701787 |  -3141.355 |  -3932.563 |  120.527 |   23.803 |  0.65 |   0.438 |   0.438 |      0 |
 |        128 |   34977198 |  -3141.355 |  -4102.178 |  118.664 |   23.655 |  0.61 |   0.526 |   0.526 |      0 |
 |        129 |   35252609 |  -3141.355 |  -3994.945 |  143.721 |   23.506 |  0.63 |   0.514 |   0.514 |      0 |
 |        130 |   35528020 |  -3141.355 |  -3974.026 |   81.143 |   23.385 |  0.63 |   0.415 |   0.415 |      0 |
 |        131 |   35803431 |  -3141.355 |  -4044.746 |  100.913 |   23.172 |  0.62 |   0.472 |   0.472 |      0 |
 |        132 |   36078842 |  -3141.355 |  -4096.677 |   99.884 |   23.005 |  0.61 |   0.496 |   0.496 |      0 |
 |        133 |   36354253 |  -3141.355 |  -4102.625 |  103.887 |   22.838 |  0.61 |   0.734 |   0.734 |      0 |
 |        134 |   36629664 |  -3141.355 |  -3886.164 |   97.651 |   22.679 |  0.65 |   0.469 |   0.469 |      0 |
 |        135 |   36905075 |  -3141.355 |  -3981.816 |   97.696 |   22.513 |  0.63 |   0.446 |   0.446 |      0 |
 |        136 |   37180486 |  -3141.355 |  -3968.159 |   84.084 |   22.349 |  0.64 |   0.529 |   0.529 |      0 |
 |        137 |   37455897 |  -3141.355 |  -3926.878 |  108.832 |   22.162 |  0.64 |   0.617 |   0.617 |      0 |
 |        138 |   37731308 |  -3141.355 |  -3975.518 |  126.119 |   22.020 |  0.63 |   0.459 |   0.459 |      0 |
 |        139 |   38006719 |  -3141.355 |  -4045.278 |  167.936 |   21.898 |  0.62 |   0.557 |   0.557 |      0 |
 |        140 |   38282130 |  -3141.355 |  -3966.937 |  121.012 |   21.808 |  0.63 |   0.560 |   0.560 |      0 |
 |        141 |   38557541 |  -3141.355 |  -4038.526 |  130.001 |   21.684 |  0.62 |   0.501 |   0.501 |      0 |
 |        142 |   38832952 |  -3141.355 |  -3951.399 |  108.070 |   21.570 |  0.64 |   0.486 |   0.486 |      0 |
 |        143 |   39108363 |  -3141.355 |  -4002.783 |  116.010 |   21.434 |  0.62 |   0.535 |   0.535 |      0 |
 |        144 |   39383774 |  -3141.355 |  -4063.692 |   94.630 |   21.309 |  0.61 |   0.513 |   0.513 |      0 |
 |        145 |   39659185 |  -3141.355 |  -3916.126 |   90.909 |   21.157 |  0.64 |   0.567 |   0.567 |      0 |
 |        146 |   39934596 |  -3141.355 |  -3838.672 |   90.064 |   21.002 |  0.66 |   0.447 |   0.447 |      0 |
 |        147 |   40210007 |  -3141.355 |  -3996.707 |   78.993 |   20.847 |  0.62 |   0.466 |   0.466 |      0 |
 |        148 |   40485418 |  -3141.355 |  -3976.067 |  103.542 |   20.674 |  0.63 |   0.455 |   0.455 |      0 |
 |        149 |   40760829 |  -3141.355 |  -3924.165 |   90.412 |   20.544 |  0.63 |   0.459 |   0.459 |      0 |
 |        150 |   41036240 |  -3141.355 |  -3908.800 |  104.822 |   20.397 |  0.64 |   0.440 |   0.440 |      0 |
 |        151 |   41311651 |  -3141.355 |  -3928.350 |  100.650 |   20.271 |  0.64 |   0.465 |   0.465 |      0 |
 |        152 |   41587062 |  -3141.355 |  -4039.025 |  114.794 |   20.142 |  0.61 |   0.487 |   0.487 |      0 |
 |        153 |   41862473 |  -3141.355 |  -3905.815 |   85.385 |   20.031 |  0.64 |   0.451 |   0.451 |      0 |
 |        154 |   42137884 |  -3141.355 |  -3947.469 |  114.588 |   19.883 |  0.63 |   0.483 |   0.483 |      0 |
 |        155 |   42413295 |  -3141.355 |  -3853.187 |  100.297 |   19.774 |  0.65 |   0.468 |   0.468 |      0 |
 |        156 |   42688706 |  -3141.355 |  -3976.267 |   89.939 |   19.650 |  0.62 |   0.538 |   0.538 |      0 |
 |        157 |   42964117 |  -3141.355 |  -3978.936 |  109.100 |   19.515 |  0.62 |   0.467 |   0.467 |      0 |
 |        158 |   43239528 |  -3141.355 |  -3970.138 |   90.336 |   19.405 |  0.62 |   0.463 |   0.463 |      0 |
 |        159 |   43514939 |  -3141.355 |  -3870.400 |   86.073 |   19.273 |  0.64 |   0.516 |   0.516 |      0 |
 |        160 |   43790350 |  -3141.355 |  -3963.311 |  104.158 |   19.137 |  0.62 |   0.409 |   0.409 |      0 |
 |        161 |   44065761 |  -3141.355 |  -4032.760 |  106.193 |   19.026 |  0.61 |   0.567 |   0.567 |      0 |
 |        162 |   44341172 |  -3141.355 |  -3906.237 |   99.943 |   18.918 |  0.63 |   0.490 |   0.490 |      0 |
 |        163 |   44616583 |  -3141.355 |  -3892.116 |  114.041 |   18.805 |  0.63 |   0.538 |   0.538 |      0 |
 |        164 |   44891994 |  -3141.355 |  -3855.337 |  115.853 |   18.707 |  0.64 |   0.568 |   0.568 |      0 |
 |        165 |   45167405 |  -3141.355 |  -3899.344 |   88.937 |   18.612 |  0.63 |   0.489 |   0.489 |      0 |
 |        166 |   45442816 |  -3141.355 |  -3898.211 |   84.295 |   18.489 |  0.63 |   0.478 |   0.478 |      0 |
 |        167 |   45718227 |  -3141.355 |  -3959.925 |   95.387 |   18.361 |  0.62 |   0.442 |   0.442 |      0 |
 |        168 |   45993638 |  -3141.355 |  -4005.185 |   91.500 |   18.249 |  0.61 |   0.508 |   0.508 |      0 |
 |        169 |   46269049 |  -3141.355 |  -3922.151 |  103.253 |   18.134 |  0.63 |   0.571 |   0.571 |      0 |
 |        170 |   46544460 |  -3141.355 |  -3834.698 |   94.869 |   18.034 |  0.64 |   0.613 |   0.613 |      0 |
 |        171 |   46819871 |  -3141.355 |  -3852.878 |  108.386 |   17.925 |  0.64 |   0.457 |   0.457 |      0 |
 |        172 |   47095282 |  -3141.355 |  -3922.080 |   85.363 |   17.832 |  0.62 |   0.463 |   0.463 |      0 |
 |        173 |   47370693 |  -3141.355 |  -3953.005 |   95.454 |   17.714 |  0.62 |   0.419 |   0.419 |      0 |
 |        174 |   47646104 |  -3141.355 |  -3957.880 |  112.350 |   17.610 |  0.61 |   0.542 |   0.542 |      0 |
 |        175 |   47921515 |  -3141.355 |  -3945.849 |  129.505 |   17.523 |  0.62 |   0.553 |   0.553 |      0 |
 |        176 |   48196926 |  -3141.355 |  -3869.076 |   93.568 |   17.448 |  0.63 |   0.547 |   0.547 |      0 |
 |        177 |   48472337 |  -3141.355 |  -3998.081 |  126.507 |   17.345 |  0.61 |   0.497 |   0.497 |      0 |
 |        178 |   48747748 |  -3141.355 |  -4018.727 |   98.453 |   17.270 |  0.60 |   0.410 |   0.410 |      0 |
 |        179 |   49023159 |  -3141.355 |  -4128.908 |   87.417 |   17.174 |  0.58 |   0.483 |   0.483 |      0 |
 |        180 |   49298570 |  -3141.355 |  -4096.259 |  105.295 |   17.068 |  0.59 |   0.454 |   0.454 |      0 |
 |        181 |   49573981 |  -3141.355 |  -3981.438 |   96.267 |   16.980 |  0.61 |   0.424 |   0.424 |      0 |
 |        182 |   49849392 |  -3141.355 |  -3946.453 |   95.564 |   16.886 |  0.61 |   0.520 |   0.520 |      0 |
 |        183 |   50124803 |  -3141.355 |  -3897.545 |   89.428 |   16.792 |  0.62 |   0.457 |   0.457 |      0 |
 |        184 |   50400214 |  -3141.355 |  -4001.231 |  114.472 |   16.692 |  0.60 |   0.486 |   0.486 |      0 |
 |        185 |   50675625 |  -3141.355 |  -3870.262 |   86.852 |   16.615 |  0.63 |   0.475 |   0.475 |      0 |
 |        186 |   50951036 |  -3141.355 |  -3897.466 |   90.417 |   16.515 |  0.62 |   0.520 |   0.520 |      0 |
 |        187 |   51226447 |  -3141.355 |  -3849.554 |  107.461 |   16.419 |  0.63 |   0.657 |   0.657 |      0 |
 |        188 |   51501858 |  -3141.355 |  -3844.428 |   94.948 |   16.340 |  0.63 |   0.577 |   0.577 |      0 |
 |        189 |   51777269 |  -3141.355 |  -3864.941 |   93.648 |   16.251 |  0.63 |   0.507 |   0.507 |      0 |
 |        190 |   52052680 |  -3141.355 |  -3976.843 |   90.753 |   16.162 |  0.60 |   0.494 |   0.494 |      0 |
 |        191 |   52328091 |  -3141.355 |  -3850.725 |  107.093 |   16.071 |  0.63 |   0.539 |   0.539 |      0 |
 |        192 |   52603502 |  -3141.355 |  -3742.482 |   85.222 |   15.995 |  0.64 |   0.531 |   0.531 |      0 |
 |        193 |   52878913 |  -3141.355 |  -3795.718 |  103.753 |   15.900 |  0.64 |   0.490 |   0.490 |      0 |
 |        194 |   53154324 |  -3141.355 |  -3810.292 |  104.738 |   15.823 |  0.63 |   0.456 |   0.456 |      0 |
 |        195 |   53429735 |  -3141.355 |  -3925.934 |  141.745 |   15.747 |  0.61 |   0.496 |   0.496 |      0 |
 |        196 |   53705146 |  -3141.355 |  -3735.803 |   85.767 |   15.692 |  0.64 |   0.456 |   0.456 |      0 |
 |        197 |   53980557 |  -3141.355 |  -3759.101 |  101.152 |   15.601 |  0.64 |   0.473 |   0.473 |      0 |
 |        198 |   54255968 |  -3141.355 |  -3803.570 |  111.066 |   15.525 |  0.64 |   0.397 |   0.397 |      0 |
 |        199 |   54531379 |  -3141.355 |  -3839.786 |   87.395 |   15.457 |  0.63 |   0.549 |   0.549 |      0 |
 |        200 |   54806790 |  -3141.355 |  -3889.872 |   87.318 |   15.370 |  0.61 |   0.516 |   0.516 |      0 |
 |        201 |   55082201 |  -3141.355 |  -3837.321 |  114.111 |   15.285 |  0.63 |   0.405 |   0.405 |      0 |
 |        202 |   55357612 |  -3141.355 |  -3954.243 |   90.947 |   15.220 |  0.61 |   0.508 |   0.508 |      0 |
 |        203 |   55633023 |  -3141.355 |  -3868.400 |   87.425 |   15.140 |  0.62 |   0.448 |   0.448 |      0 |
 |        204 |   55908434 |  -3141.355 |  -3848.609 |   94.191 |   15.057 |  0.62 |   0.456 |   0.456 |      0 |
 |        205 |   56183845 |  -3141.355 |  -3918.345 |   76.110 |   14.981 |  0.61 |   0.489 |   0.489 |      0 |
 |        206 |   56459256 |  -3141.355 |  -3805.663 |   84.448 |   14.888 |  0.63 |   0.473 |   0.473 |      0 |
 |        207 |   56734667 |  -3141.355 |  -3812.734 |   99.977 |   14.805 |  0.63 |   0.552 |   0.552 |      0 |
 |        208 |   57010078 |  -3141.355 |  -3794.279 |   99.294 |   14.735 |  0.63 |   0.509 |   0.509 |      0 |
 |        209 |   57285489 |  -3141.355 |  -3748.065 |   84.917 |   14.666 |  0.64 |   0.523 |   0.523 |      0 |
 |        210 |   57560900 |  -3141.355 |  -3772.601 |   92.339 |   14.586 |  0.64 |   0.415 |   0.415 |      0 |
 |        211 |   57836311 |  -3141.355 |  -3829.948 |  118.470 |   14.513 |  0.62 |   0.543 |   0.543 |      0 |
 |        212 |   58111722 |  -3141.355 |  -3730.477 |   93.462 |   14.457 |  0.64 |   0.549 |   0.549 |      0 |
 |        213 |   58387133 |  -3141.355 |  -3823.752 |  121.890 |   14.386 |  0.62 |   0.477 |   0.477 |      0 |
 |        214 |   58662544 |  -3141.355 |  -3975.489 |  141.373 |   14.333 |  0.60 |   0.410 |   0.410 |      0 |
 |        215 |   58937955 |  -3141.355 |  -3887.296 |  121.321 |   14.287 |  0.61 |   0.418 |   0.418 |      0 |
 |        216 |   59213366 |  -3141.355 |  -3956.266 |   73.472 |   14.233 |  0.59 |   0.463 |   0.463 |      0 |
 |        217 |   59488777 |  -3141.355 |  -3894.273 |  120.082 |   14.146 |  0.61 |   0.443 |   0.443 |      0 |
 |        218 |   59764188 |  -3141.355 |  -4025.776 |  162.368 |   14.094 |  0.58 |   0.533 |   0.533 |      0 |
 |        219 |   60039599 |  -3141.355 |  -3771.286 |   75.654 |   14.055 |  0.63 |   0.498 |   0.498 |      0 |
 |        220 |   60315010 |  -3141.355 |  -3788.673 |   86.816 |   13.972 |  0.62 |   0.445 |   0.445 |      0 |
 |        221 |   60590421 |  -3141.355 |  -3950.724 |   80.033 |   13.901 |  0.59 |   0.477 |   0.477 |      0 |
 |        222 |   60865832 |  -3141.355 |  -3809.011 |  113.132 |   13.825 |  0.62 |   0.540 |   0.540 |      0 |
 |        223 |   61141243 |  -3141.355 |  -3784.478 |   82.822 |   13.771 |  0.63 |   0.458 |   0.458 |      0 |
 |        224 |   61416654 |  -3141.355 |  -3778.267 |   83.798 |   13.699 |  0.63 |   0.485 |   0.485 |      0 |
 |        225 |   61692065 |  -3141.355 |  -3797.100 |   82.367 |   13.628 |  0.62 |   0.427 |   0.427 |      0 |
 |        226 |   61967476 |  -3141.355 |  -3709.321 |   80.500 |   13.557 |  0.64 |   0.670 |   0.670 |      0 |
 |        227 |   62242887 |  -3141.355 |  -3714.900 |   96.540 |   13.485 |  0.63 |   0.489 |   0.489 |      0 |
 |        228 |   62518298 |  -3141.355 |  -3696.942 |   85.929 |   13.425 |  0.64 |   0.557 |   0.557 |      0 |
 |        229 |   62793709 |  -3141.355 |  -3758.073 |  104.390 |   13.359 |  0.63 |   0.477 |   0.477 |      0 |
 |        230 |   63069120 |  -3141.355 |  -3830.210 |   83.995 |   13.305 |  0.62 |   0.471 |   0.471 |      0 |
 |        231 |   63344531 |  -3141.355 |  -3820.858 |   94.057 |   13.238 |  0.61 |   0.529 |   0.529 |      0 |
 |        232 |   63619942 |  -3141.355 |  -3783.012 |   81.876 |   13.179 |  0.62 |   0.537 |   0.537 |      0 |
 |        233 |   63895353 |  -3141.355 |  -3755.070 |   90.717 |   13.112 |  0.62 |   0.496 |   0.496 |      0 |
 |        234 |   64170764 |  -3141.355 |  -3833.770 |   89.842 |   13.052 |  0.61 |   0.476 |   0.476 |      0 |
 |        235 |   64446175 |  -3141.355 |  -3858.924 |   88.918 |   12.992 |  0.61 |   0.523 |   0.523 |      0 |
 |        236 |   64721586 |  -3141.355 |  -3812.372 |   73.733 |   12.932 |  0.61 |   0.493 |   0.493 |      0 |
 |        237 |   64996997 |  -3141.355 |  -3709.233 |   77.575 |   12.861 |  0.63 |   0.453 |   0.453 |      0 |
 |        238 |   65272408 |  -3141.355 |  -3696.399 |   92.887 |   12.793 |  0.63 |   0.502 |   0.502 |      0 |
 |        239 |   65547819 |  -3141.355 |  -3792.738 |  103.926 |   12.738 |  0.61 |   0.452 |   0.452 |      0 |
 |        240 |   65823230 |  -3141.355 |  -3718.492 |  143.722 |   12.688 |  0.62 |   0.556 |   0.556 |      0 |
 |        241 |   66098641 |  -3141.355 |  -3766.683 |   90.758 |   12.653 |  0.62 |   0.490 |   0.490 |      0 |
 |        242 |   66374052 |  -3141.355 |  -3739.783 |   91.562 |   12.597 |  0.62 |   0.480 |   0.480 |      0 |
 |        243 |   66649463 |  -3141.355 |  -3772.988 |   85.863 |   12.542 |  0.62 |   0.532 |   0.532 |      0 |
 |        244 |   66924874 |  -3141.355 |  -3852.486 |  109.097 |   12.484 |  0.60 |   0.435 |   0.435 |      0 |
 |        245 |   67200285 |  -3141.355 |  -3892.938 |   95.389 |   12.439 |  0.60 |   0.525 |   0.525 |      0 |
 |        246 |   67475696 |  -3141.355 |  -3715.866 |   81.872 |   12.388 |  0.63 |   0.516 |   0.516 |      0 |
 |        247 |   67751107 |  -3141.355 |  -3796.366 |   85.109 |   12.328 |  0.61 |   0.495 |   0.495 |      0 |
 |        248 |   68026518 |  -3141.355 |  -3798.535 |   97.683 |   12.272 |  0.61 |   0.454 |   0.454 |      0 |
 |        249 |   68301929 |  -3141.355 |  -3781.837 |   87.799 |   12.223 |  0.61 |   0.442 |   0.442 |      0 |
 |        250 |   68577340 |  -3141.355 |  -3827.479 |  117.635 |   12.169 |  0.60 |   0.508 |   0.508 |      0 |
 |        251 |   68852751 |  -3141.355 |  -3775.766 |  105.793 |   12.129 |  0.61 |   0.445 |   0.445 |      0 |
 |        252 |   69128162 |  -3141.355 |  -3792.542 |  109.576 |   12.085 |  0.61 |   0.442 |   0.442 |      0 |
 |        253 |   69403573 |  -3141.355 |  -3793.525 |   90.497 |   12.043 |  0.61 |   0.481 |   0.481 |      0 |
 |        254 |   69678984 |  -3141.355 |  -3820.802 |   85.794 |   11.992 |  0.60 |   0.430 |   0.430 |      0 |
 |        255 |   69954395 |  -3141.355 |  -3875.012 |   79.797 |   11.939 |  0.59 |   0.480 |   0.480 |      0 |
 |        256 |   70229806 |  -3141.355 |  -3819.431 |   98.829 |   11.883 |  0.60 |   0.432 |   0.432 |      0 |
 |        257 |   70505217 |  -3141.355 |  -3750.044 |   96.208 |   11.838 |  0.61 |   0.495 |   0.495 |      0 |
 |        258 |   70780628 |  -3141.355 |  -3734.723 |   89.948 |   11.792 |  0.62 |   0.512 |   0.512 |      0 |
 |        259 |   71056039 |  -3141.355 |  -3703.549 |   80.626 |   11.743 |  0.62 |   0.496 |   0.496 |      0 |
 |        260 |   71331450 |  -3141.355 |  -3797.641 |   93.190 |   11.689 |  0.61 |   0.428 |   0.428 |      0 |
 |        261 |   71606861 |  -3141.355 |  -3807.600 |  104.262 |   11.642 |  0.60 |   0.529 |   0.529 |      0 |
 |        262 |   71882272 |  -3141.355 |  -3700.327 |   77.964 |   11.601 |  0.62 |   0.500 |   0.500 |      0 |
 |        263 |   72157683 |  -3141.355 |  -3662.650 |  108.213 |   11.547 |  0.62 |   0.526 |   0.526 |      0 |
 |        264 |   72433094 |  -3141.355 |  -3649.273 |  108.968 |   11.508 |  0.63 |   0.498 |   0.498 |      0 |
 |        265 |   72708505 |  -3141.355 |  -3723.691 |  108.132 |   11.469 |  0.61 |   0.432 |   0.432 |      0 |
 |        266 |   72983916 |  -3141.355 |  -3890.079 |  133.768 |   11.431 |  0.59 |   0.421 |   0.421 |      0 |
 |        267 |   73259327 |  -3141.355 |  -3793.145 |   98.762 |   11.400 |  0.61 |   0.507 |   0.507 |      0 |
 |        268 |   73534738 |  -3141.355 |  -3644.341 |   92.578 |   11.358 |  0.62 |   0.394 |   0.394 |      0 |
 |        269 |   73810149 |  -3141.355 |  -3794.060 |   79.522 |   11.314 |  0.60 |   0.412 |   0.412 |      0 |
 |        270 |   74085560 |  -3141.355 |  -3739.032 |  100.992 |   11.263 |  0.61 |   0.478 |   0.478 |      0 |
 |        271 |   74360971 |  -3141.355 |  -3750.572 |  144.825 |   11.223 |  0.61 |   0.466 |   0.466 |      0 |
 |        272 |   74636382 |  -3141.355 |  -3746.436 |   85.515 |   11.196 |  0.61 |   0.468 |   0.468 |      0 |
 |        273 |   74911793 |  -3141.355 |  -3766.337 |   86.800 |   11.149 |  0.60 |   0.435 |   0.435 |      0 |
 |        274 |   75187204 |  -3141.355 |  -3714.182 |  100.719 |   11.104 |  0.61 |   0.570 |   0.570 |      0 |
 |        275 |   75462615 |  -3141.355 |  -3664.890 |   88.402 |   11.065 |  0.62 |   0.513 |   0.513 |      0 |
 |        276 |   75738026 |  -3141.355 |  -3687.946 |   89.214 |   11.021 |  0.62 |   0.429 |   0.429 |      0 |
 |        277 |   76013437 |  -3141.355 |  -3768.435 |  106.278 |   10.978 |  0.60 |   0.427 |   0.427 |      0 |
 |        278 |   76288848 |  -3141.355 |  -3825.208 |   85.449 |   10.942 |  0.59 |   0.442 |   0.442 |      0 |
 |        279 |   76564259 |  -3141.355 |  -3889.240 |   76.496 |   10.898 |  0.58 |   0.456 |   0.456 |      0 |
 |        280 |   76839670 |  -3141.355 |  -3678.781 |   97.802 |   10.849 |  0.61 |   0.541 |   0.541 |      0 |
 |        281 |   77115081 |  -3141.355 |  -3734.396 |   81.080 |   10.811 |  0.61 |   0.519 |   0.519 |      0 |
 |        282 |   77390492 |  -3141.355 |  -3753.124 |  103.494 |   10.765 |  0.60 |   0.507 |   0.507 |      0 |
 |        283 |   77665903 |  -3141.355 |  -3859.195 |   92.215 |   10.730 |  0.58 |   0.500 |   0.500 |      0 |
 |        284 |   77941314 |  -3141.355 |  -3710.099 |   79.218 |   10.690 |  0.61 |   0.500 |   0.500 |      0 |
 |        285 |   78216725 |  -3141.355 |  -3632.235 |   92.829 |   10.645 |  0.62 |   0.425 |   0.425 |      0 |
 |        286 |   78492136 |  -3141.355 |  -3704.369 |   90.695 |   10.606 |  0.61 |   0.535 |   0.535 |      0 |
 |        287 |   78767547 |  -3141.355 |  -3714.803 |   92.913 |   10.567 |  0.61 |   0.417 |   0.417 |      0 |
 |        288 |   79042958 |  -3141.355 |  -3829.743 |   97.490 |   10.529 |  0.59 |   0.543 |   0.543 |      0 |
 |        289 |   79318369 |  -3141.355 |  -3837.806 |  118.522 |   10.493 |  0.58 |   0.478 |   0.478 |      0 |
 |        290 |   79593780 |  -3141.355 |  -3632.320 |  120.518 |   10.463 |  0.62 |   0.607 |   0.607 |      0 |
 |        291 |   79869191 |  -3141.355 |  -3606.627 |   89.660 |   10.434 |  0.62 |   0.465 |   0.465 |      0 |
 |        292 |   80144602 |  -3141.355 |  -3655.326 |   98.221 |   10.396 |  0.61 |   0.453 |   0.453 |      0 |
 |        293 |   80420013 |  -3141.355 |  -3652.112 |   79.032 |   10.361 |  0.62 |   0.482 |   0.482 |      0 |
 |        294 |   80695424 |  -3141.355 |  -3626.442 |   82.299 |   10.318 |  0.61 |   0.504 |   0.504 |      0 |
 |        295 |   80970835 |  -3141.355 |  -3625.380 |  121.262 |   10.277 |  0.61 |   0.561 |   0.561 |      0 |
 |        296 |   81246246 |  -3141.355 |  -3631.399 |   88.032 |   10.250 |  0.61 |   0.503 |   0.503 |      0 |
 |        297 |   81521657 |  -3141.355 |  -3751.030 |  110.817 |   10.212 |  0.60 |   0.521 |   0.521 |      0 |
 |        298 |   81797068 |  -3141.355 |  -3596.220 |   76.791 |   10.182 |  0.62 |   0.533 |   0.533 |      0 |
 |        299 |   82072479 |  -3141.355 |  -3662.180 |   82.680 |   10.139 |  0.61 |   0.565 |   0.565 |      0 |
 |        300 |   82347890 |  -3141.355 |  -3648.847 |   89.876 |   10.100 |  0.61 |   0.540 |   0.540 |      0 |
 |        301 |   82623301 |  -3141.355 |  -3671.314 |   85.694 |   10.064 |  0.61 |   0.533 |   0.533 |      0 |
 |        302 |   82898712 |  -3141.355 |  -3721.120 |   74.764 |   10.027 |  0.60 |   0.475 |   0.475 |      0 |
 |        303 |   83174123 |  -3141.355 |  -3707.841 |   79.122 |    9.984 |  0.60 |   0.486 |   0.486 |      0 |
 |        304 |   83449534 |  -3141.355 |  -3622.305 |   99.852 |    9.944 |  0.62 |   0.572 |   0.572 |      0 |
 |        305 |   83724945 |  -3141.355 |  -3574.841 |   96.108 |    9.913 |  0.62 |   0.509 |   0.509 |      0 |
 |        306 |   84000356 |  -3141.355 |  -3606.645 |  110.482 |    9.880 |  0.61 |   0.653 |   0.653 |      0 |
 |        307 |   84275767 |  -3141.355 |  -3570.114 |  115.581 |    9.853 |  0.62 |   0.544 |   0.544 |      0 |
 |        308 |   84551178 |  -3141.355 |  -3649.861 |   88.390 |    9.826 |  0.60 |   0.464 |   0.464 |      0 |
 |        309 |   84826589 |  -3141.355 |  -3603.890 |   91.631 |    9.791 |  0.61 |   0.527 |   0.527 |      0 |
 |        310 |   85102000 |  -3141.355 |  -3615.228 |   82.839 |    9.758 |  0.61 |   0.555 |   0.555 |      0 |
 |        311 |   85377411 |  -3141.355 |  -3597.739 |   86.714 |    9.722 |  0.61 |   0.548 |   0.548 |      0 |
 |        312 |   85652822 |  -3141.355 |  -3562.914 |   82.725 |    9.687 |  0.61 |   0.543 |   0.543 |      0 |
 |        313 |   85928233 |  -3141.355 |  -3652.864 |  111.475 |    9.651 |  0.60 |   0.527 |   0.527 |      0 |
 |        314 |   86203644 |  -3141.355 |  -3656.083 |   79.983 |    9.625 |  0.60 |   0.527 |   0.527 |      0 |
 |        315 |   86479055 |  -3141.355 |  -3761.903 |   95.280 |    9.588 |  0.59 |   0.542 |   0.542 |      0 |
 |        316 |   86754466 |  -3141.355 |  -3720.195 |   92.605 |    9.558 |  0.59 |   0.485 |   0.485 |      0 |
 |        317 |   87029877 |  -3141.355 |  -3666.713 |   87.494 |    9.526 |  0.60 |   0.525 |   0.525 |      0 |
 |        318 |   87305288 |  -3141.355 |  -3689.016 |   76.318 |    9.494 |  0.60 |   0.531 |   0.531 |      0 |
 |        319 |   87580699 |  -3141.355 |  -3561.312 |   87.008 |    9.456 |  0.62 |   0.640 |   0.640 |      0 |
 |        320 |   87856110 |  -3141.355 |  -3721.137 |  109.271 |    9.424 |  0.59 |   0.466 |   0.466 |      0 |
 |        321 |   88131521 |  -3141.355 |  -3529.036 |   99.865 |    9.398 |  0.62 |   0.485 |   0.485 |      0 |
 |        322 |   88406932 |  -3141.355 |  -3641.501 |   87.230 |    9.370 |  0.60 |   0.522 |   0.522 |      0 |
 |        323 |   88682343 |  -3141.355 |  -3644.456 |  121.963 |    9.338 |  0.60 |   0.599 |   0.599 |      0 |
 |        324 |   88957754 |  -3141.355 |  -3499.760 |   87.297 |    9.315 |  0.62 |   0.504 |   0.504 |      0 |
 |        325 |   89233165 |  -3141.355 |  -3612.144 |   89.763 |    9.284 |  0.61 |   0.483 |   0.483 |      0 |
 |        326 |   89508576 |  -3141.355 |  -3689.078 |   78.102 |    9.254 |  0.59 |   0.487 |   0.487 |      0 |
 |        327 |   89783987 |  -3141.355 |  -3655.660 |   80.316 |    9.219 |  0.59 |   0.511 |   0.511 |      0 |
 |        328 |   90059398 |  -3141.355 |  -3616.808 |   85.536 |    9.185 |  0.60 |   0.537 |   0.537 |      0 |
 |        329 |   90334809 |  -3141.355 |  -3607.107 |   96.527 |    9.154 |  0.61 |   0.447 |   0.447 |      0 |
 |        330 |   90610220 |  -3141.355 |  -3601.216 |   83.843 |    9.127 |  0.61 |   0.544 |   0.544 |      0 |
 |        331 |   90885631 |  -3141.355 |  -3537.117 |  104.926 |    9.095 |  0.61 |   0.489 |   0.489 |      0 |
 |        332 |   91161042 |  -3141.355 |  -3602.487 |  105.670 |    9.070 |  0.60 |   0.502 |   0.502 |      0 |
 |        333 |   91436453 |  -3141.355 |  -3711.967 |   78.319 |    9.046 |  0.59 |   0.456 |   0.456 |      0 |
 |        334 |   91711864 |  -3141.355 |  -3688.377 |   88.846 |    9.012 |  0.59 |   0.475 |   0.475 |      0 |
 |        335 |   91987275 |  -3141.355 |  -3616.901 |  104.927 |    8.984 |  0.60 |   0.496 |   0.496 |      0 |
 |        336 |   92262686 |  -3141.355 |  -3615.395 |   81.086 |    8.959 |  0.60 |   0.492 |   0.492 |      0 |
 |        337 |   92538097 |  -3141.355 |  -3614.622 |   82.151 |    8.928 |  0.60 |   0.498 |   0.498 |      0 |
 |        338 |   92813508 |  -3141.355 |  -3560.327 |   80.478 |    8.897 |  0.61 |   0.445 |   0.445 |      0 |
 |        339 |   93088919 |  -3141.355 |  -3565.941 |   82.614 |    8.866 |  0.60 |   0.452 |   0.452 |      0 |
 |        340 |   93364330 |  -3141.355 |  -3598.895 |   71.918 |    8.836 |  0.60 |   0.585 |   0.585 |      0 |
 |        341 |   93639741 |  -3141.355 |  -3533.924 |   81.075 |    8.801 |  0.61 |   0.525 |   0.525 |      0 |
 |        342 |   93915152 |  -3141.355 |  -3488.027 |   77.828 |    8.771 |  0.61 |   0.504 |   0.504 |      0 |
 |        343 |   94190563 |  -3141.355 |  -3552.503 |   85.937 |    8.740 |  0.60 |   0.626 |   0.626 |      0 |
 |        344 |   94465974 |  -3141.355 |  -3560.724 |   95.562 |    8.712 |  0.60 |   0.465 |   0.465 |      0 |
 |        345 |   94741385 |  -3141.355 |  -3643.747 |   74.669 |    8.687 |  0.59 |   0.545 |   0.545 |      0 |
 |        346 |   95016796 |  -3141.355 |  -3576.828 |   85.326 |    8.655 |  0.60 |   0.501 |   0.501 |      0 |
 |        347 |   95292207 |  -3141.355 |  -3544.194 |   90.469 |    8.627 |  0.61 |   0.451 |   0.451 |      0 |
 |        348 |   95567618 |  -3141.355 |  -3617.291 |   80.863 |    8.601 |  0.59 |   0.517 |   0.517 |      0 |
 |        349 |   95843029 |  -3141.355 |  -3587.555 |   90.167 |    8.572 |  0.60 |   0.502 |   0.502 |      0 |
 |        350 |   96118440 |  -3141.355 |  -3538.981 |   87.851 |    8.546 |  0.61 |   0.527 |   0.527 |      0 |
 |        351 |   96393851 |  -3141.355 |  -3548.750 |   77.601 |    8.520 |  0.60 |   0.445 |   0.445 |      0 |
 |        352 |   96669262 |  -3141.355 |  -3564.872 |   73.288 |    8.490 |  0.60 |   0.457 |   0.457 |      0 |
 |        353 |   96944673 |  -3141.355 |  -3563.242 |   95.483 |    8.459 |  0.60 |   0.471 |   0.471 |      0 |
 |        354 |   97220084 |  -3141.355 |  -3543.345 |   89.858 |    8.435 |  0.60 |   0.513 |   0.513 |      0 |
 |        355 |   97495495 |  -3141.355 |  -3477.369 |   90.046 |    8.410 |  0.61 |   0.606 |   0.606 |      0 |
 |        356 |   97770906 |  -3141.355 |  -3599.953 |   76.236 |    8.385 |  0.59 |   0.543 |   0.543 |      0 |
 |        357 |   98046317 |  -3141.355 |  -3552.608 |   80.000 |    8.356 |  0.60 |   0.529 |   0.529 |      0 |
 |        358 |   98321728 |  -3141.355 |  -3437.606 |   83.697 |    8.328 |  0.61 |   0.539 |   0.539 |      0 |
 |        359 |   98597139 |  -3141.355 |  -3541.244 |   86.719 |    8.302 |  0.60 |   0.531 |   0.531 |      0 |
 |        360 |   98872550 |  -3141.355 |  -3537.196 |   84.227 |    8.277 |  0.60 |   0.478 |   0.478 |      0 |
 |        361 |   99147961 |  -3141.355 |  -3535.393 |   76.483 |    8.251 |  0.60 |   0.451 |   0.451 |      0 |
 |        362 |   99423372 |  -3141.355 |  -3523.102 |   81.680 |    8.223 |  0.60 |   0.557 |   0.557 |      0 |
 |        363 |   99698783 |  -3141.355 |  -3473.874 |   90.517 |    8.197 |  0.61 |   0.546 |   0.546 |      0 |
 +------------+------------+------------+------------+----------+----------+-------+---------+---------+--------+

Time Chain 0: 404.000000
Time Chain 1: 404.000000
